>>> 'Pkg.add("AbstractTables")' log
INFO: Cloning cache of AbstractTables from https://github.com/davidagold/AbstractTables.jl.git
INFO: Cloning cache of NullableArrays from https://github.com/JuliaStats/NullableArrays.jl.git
INFO: Cloning cache of Reexport from https://github.com/simonster/Reexport.jl.git
INFO: Cloning cache of StructuredQueries from https://github.com/davidagold/StructuredQueries.jl.git
INFO: Installing AbstractTables v0.0.1
INFO: Installing NullableArrays v0.0.10
INFO: Installing Reexport v0.0.3
INFO: Installing StructuredQueries v0.0.4
INFO: Package database updated

>>> 'Pkg.test("AbstractTables")' log
Julia Version 0.5.0
Commit 3c9d753 (2016-09-19 18:14 UTC)
Platform Info:
  System: Linux (x86_64-pc-linux-gnu)
  CPU: Intel(R) Xeon(R) CPU E3-1241 v3 @ 3.50GHz
  WORD_SIZE: 64
           Ubuntu 14.04.5 LTS
  uname: Linux 3.13.0-105-generic #152-Ubuntu SMP Fri Dec 2 15:37:11 UTC 2016 x86_64 x86_64
Memory: 2.9392738342285156 GB (1060.8984375 MB free)
Uptime: 475.0 sec
Load Avg:  0.54541015625  0.2265625  0.09814453125
Intel(R) Xeon(R) CPU E3-1241 v3 @ 3.50GHz: 
       speed         user         nice          sys         idle          irq
#1  3500 MHz       4554 s        162 s       1636 s      39097 s          0 s
#2  3500 MHz       1446 s         11 s       1172 s      44198 s          0 s

  BLAS: libopenblas (USE64BITINT DYNAMIC_ARCH NO_AFFINITY Nehalem)
  LAPACK: libopenblas64_
  LIBM: libopenlibm
  LLVM: libLLVM-3.7.1 (ORCJIT, haswell)
Environment:
  TERM = vt100
  LD_LIBRARY_PATH = :/usr/local/lib/
  PATH = /usr/local/sbin:/usr/local/bin:/usr/sbin:/usr/bin:/sbin:/bin:/usr/games:/usr/local/games:/home/vagrant/julia/bin/
  JAVA_HOME = /usr/lib/jvm/java-7-oracle
  HOME = /home/vagrant

Package Directory: /home/vagrant/.julia/v0.5
2 required packages:
 - AbstractTables                0.0.1
 - JSON                          0.8.0
4 additional packages:
 - Compat                        0.10.0
 - NullableArrays                0.0.10
 - Reexport                      0.0.3
 - StructuredQueries             0.0.4
INFO: Testing AbstractTables
Running tests:
	[1m[31mFAILED[0m: query/query.jl
LoadError: MethodError: no method matching length(::TestQuery.MyTable)
Closest candidates are:
  length(!Matched::SimpleVector) at essentials.jl:168
  length(!Matched::Base.MethodList) at reflection.jl:256
  length(!Matched::MethodTable) at reflection.jl:322
  ...
 in macro expansion; at /home/vagrant/.julia/v0.5/AbstractTables/test/runtests.jl:25 [inlined]
 in macro expansion; at ./test.jl:672 [inlined]
 in anonymous at ./<missing>:?
 in include_from_node1(::String) at ./loading.jl:488
 in process_options(::Base.JLOptions) at ./client.jl:262
 in _start() at ./client.jl:318
while loading /home/vagrant/.julia/v0.5/AbstractTables/test/query/query.jl, in expression starting on line 20
	[1m[31mFAILED[0m: query/groupby.jl
LoadError: MethodError: no method matching length(::AbstractTables.Grouped{TestGroupBy.MyTable,Dict{Any,Array{Int64,1}}})
Closest candidates are:
  length(!Matched::SimpleVector) at essentials.jl:168
  length(!Matched::Base.MethodList) at reflection.jl:256
  length(!Matched::MethodTable) at reflection.jl:322
  ...
 in macro expansion; at /home/vagrant/.julia/v0.5/AbstractTables/test/runtests.jl:25 [inlined]
 in macro expansion; at ./test.jl:672 [inlined]
 in anonymous at ./<missing>:?
 in include_from_node1(::String) at ./loading.jl:488
 in process_options(::Base.JLOptions) at ./client.jl:262
 in _start() at ./client.jl:318
while loading /home/vagrant/.julia/v0.5/AbstractTables/test/query/groupby.jl, in expression starting on line 28
Test Summary: | 
  All tests   | No tests
ERROR: LoadError: "Tests failed"
 in include_from_node1(::String) at ./loading.jl:488
 in process_options(::Base.JLOptions) at ./client.jl:262
 in _start() at ./client.jl:318
while loading /home/vagrant/.julia/v0.5/AbstractTables/test/runtests.jl, in expression starting on line 33
===========================[ ERROR: AbstractTables ]============================

failed process: Process(`/home/vagrant/julia/bin/julia -Cx86-64 -J/home/vagrant/julia/lib/julia/sys.so --compile=yes --depwarn=yes --check-bounds=yes --code-coverage=none --color=no --compilecache=yes /home/vagrant/.julia/v0.5/AbstractTables/test/runtests.jl`, ProcessExited(1)) [1]

================================================================================
ERROR: AbstractTables had test errors
 in #test#61(::Bool, ::Function, ::Array{AbstractString,1}) at ./pkg/entry.jl:740
 in (::Base.Pkg.Entry.#kw##test)(::Array{Any,1}, ::Base.Pkg.Entry.#test, ::Array{AbstractString,1}) at ./<missing>:0
 in (::Base.Pkg.Dir.##2#3{Array{Any,1},Base.Pkg.Entry.#test,Tuple{Array{AbstractString,1}}})() at ./pkg/dir.jl:31
 in cd(::Base.Pkg.Dir.##2#3{Array{Any,1},Base.Pkg.Entry.#test,Tuple{Array{AbstractString,1}}}, ::String) at ./file.jl:59
 in #cd#1(::Array{Any,1}, ::Function, ::Function, ::Array{AbstractString,1}, ::Vararg{Array{AbstractString,1},N}) at ./pkg/dir.jl:31
 in (::Base.Pkg.Dir.#kw##cd)(::Array{Any,1}, ::Base.Pkg.Dir.#cd, ::Function, ::Array{AbstractString,1}, ::Vararg{Array{AbstractString,1},N}) at ./<missing>:0
 in #test#3(::Bool, ::Function, ::String, ::Vararg{String,N}) at ./pkg/pkg.jl:258
 in test(::String, ::Vararg{String,N}) at ./pkg/pkg.jl:258
 in eval(::Module, ::Any) at ./boot.jl:234
 in process_options(::Base.JLOptions) at ./client.jl:239
 in _start() at ./client.jl:318

>>> End of log
