>>> 'Pkg.add("ControlCore")' log
INFO: Cloning cache of ControlCore from https://github.com/KTH-AC/ControlCore.jl.git
INFO: Installing ControlCore v0.0.1
INFO: Installing Polynomials v0.1.1
INFO: Package database updated

>>> 'Pkg.test("ControlCore")' log
Julia Version 0.6.0-dev.1307
Commit 03c2464 (2016-11-24 20:28 UTC)
Platform Info:
  OS: Linux (x86_64-pc-linux-gnu)
  CPU: Intel(R) Xeon(R) CPU E3-1241 v3 @ 3.50GHz
  WORD_SIZE: 64
           Ubuntu 14.04.5 LTS
  uname: Linux 3.13.0-101-generic #148-Ubuntu SMP Thu Oct 20 22:08:32 UTC 2016 x86_64 x86_64
Memory: 2.939281463623047 GB (698.83203125 MB free)
Uptime: 11730.0 sec
Load Avg:  1.0029296875  0.9931640625  1.04541015625
Intel(R) Xeon(R) CPU E3-1241 v3 @ 3.50GHz: 
       speed         user         nice          sys         idle          irq
#1  3499 MHz     675719 s        176 s      63635 s     298277 s         18 s
#2  3499 MHz     224479 s       6418 s      37950 s     873105 s          0 s

  BLAS: libopenblas (USE64BITINT DYNAMIC_ARCH NO_AFFINITY Nehalem)
  LAPACK: libopenblas64_
  LIBM: libopenlibm
  LLVM: libLLVM-3.7.1 (ORCJIT, haswell)
Environment:
  TERM = vt100
  LD_LIBRARY_PATH = :/usr/local/lib/
  PATH = /usr/local/sbin:/usr/local/bin:/usr/sbin:/usr/bin:/sbin:/bin:/usr/games:/usr/local/games:/home/vagrant/julia/bin/
  JAVA_HOME = /usr/lib/jvm/java-7-oracle
  HOME = /home/vagrant

Package Directory: /home/vagrant/.julia/v0.6
2 required packages:
 - ControlCore                   0.0.1
 - JSON                          0.8.0
2 additional packages:
 - Compat                        0.9.4
 - Polynomials                   0.1.1
INFO: Testing ControlCore

WARNING: deprecated syntax "call(::Type{DSisoRational}, ...)".
Use "(::Type{DSisoRational})(...)" instead.

WARNING: deprecated syntax "Ts::Float64".
Use "local Ts::Float64" instead.

WARNING: deprecated syntax "Ts::Float64".
Use "local Ts::Float64" instead.

WARNING: deprecated syntax "call(::Type{DSisoZpk}, ...)".
Use "(::Type{DSisoZpk})(...)" instead.

WARNING: deprecated syntax "Ts::Float64".
Use "local Ts::Float64" instead.

WARNING: deprecated syntax "Ts::Float64".
Use "local Ts::Float64" instead.

WARNING: deprecated syntax "call(::Type{DMimo}, ...)".
Use "(::Type{DMimo})(...)" instead.

WARNING: deprecated syntax "call(::Type{CSisoRational}, ...)".
Use "(::Type{CSisoRational})(...)" instead.

WARNING: deprecated syntax "call(::Type{CSisoZpk}, ...)".
Use "(::Type{CSisoZpk})(...)" instead.

WARNING: deprecated syntax "call(::Type{CMimo}, ...)".
Use "(::Type{CMimo})(...)" instead.

WARNING: deprecated syntax "call(::Type{CSisoSs}, ...)".
Use "(::Type{CSisoSs})(...)" instead.

WARNING: deprecated syntax "call(::Type{DSisoSs}, ...)".
Use "(::Type{DSisoSs})(...)" instead.

WARNING: deprecated syntax "call(::Type{CMimoSs}, ...)".
Use "(::Type{CMimoSs})(...)" instead.

WARNING: deprecated syntax "call(::Type{DMimoSs}, ...)".
Use "(::Type{DMimoSs})(...)" instead.
Starting continuous state space type tests...
Starting discrete SISO rational transfer function type tests...
Discrete time rational transfer function model
	y = Gu
with Ts=1.0.
Discrete time rational transfer function model
	y = Gu
with Ts=1.0.

WARNING: symbol is deprecated, use Symbol instead.
 in depwarn(::String, ::Symbol) at ./deprecated.jl:64
 in symbol(::String, ::Vararg{String,N}) at ./deprecated.jl:30
 in printexponent(::Symbol, ::Int64) at /home/vagrant/.julia/v0.6/ControlCore/src/display.jl:113
 in printterm(::Polynomials.Poly{Int64}, ::Int64, ::Bool) at /home/vagrant/.julia/v0.6/ControlCore/src/display.jl:105
 in print_poly_reverse(::Polynomials.Poly{Int64}) at /home/vagrant/.julia/v0.6/ControlCore/src/display.jl:125
 in printtransferfunction(::Base.PipeEndpoint, ::ControlCore.DSisoRational{Int64,Int64}) at /home/vagrant/.julia/v0.6/ControlCore/src/display.jl:5
 in showall(::Base.PipeEndpoint, ::ControlCore.DSisoRational{Int64,Int64}) at /home/vagrant/.julia/v0.6/ControlCore/src/concrete/dsisorational.jl:93
 in showall(::ControlCore.DSisoRational{Int64,Int64}) at ./show.jl:1658
 in include_from_node1(::String) at ./loading.jl:532
 in include(::String) at ./sysimg.jl:14
 in include_from_node1(::String) at ./loading.jl:532
 in include(::String) at ./sysimg.jl:14
 in process_options(::Base.JLOptions) at ./client.jl:271
 in _start() at ./client.jl:335
while loading /home/vagrant/.julia/v0.6/ControlCore/test/dsisorational.jl, in expression starting on line 16
   x + 2
------------
x^2 + 2x + 1
tf(nx=3,Ts=1.0)WARNING: abs{T <: Number}(x::AbstractArray{T}) is deprecated, use abs.(x) instead.
 in depwarn(::String, ::Symbol) at ./deprecated.jl:64
 in abs(::Array{Float64,1}) at ./deprecated.jl:50
 in gcd(::Polynomials.Poly{Float64}, ::Polynomials.Poly{Float64}) at /home/vagrant/.julia/v0.6/Polynomials/src/Polynomials.jl:517
 in rmgcd(::Polynomials.Poly{Float64}, ::Polynomials.Poly{Float64}) at /home/vagrant/.julia/v0.6/ControlCore/src/abstract/sisotf.jl:13
 in +(::ControlCore.DSisoRational{Float64,Float64}, ::ControlCore.DSisoRational{Float64,Float64}) at /home/vagrant/.julia/v0.6/ControlCore/src/concrete/dsisorational.jl:108
 in isapprox at /home/vagrant/.julia/v0.6/ControlCore/src/concrete/dsisorational.jl:167 [inlined] (repeats 2 times)
 in eval_comparison(::Expr) at ./test.jl:169
 in include_from_node1(::String) at ./loading.jl:532
 in include(::String) at ./sysimg.jl:14
 in include_from_node1(::String) at ./loading.jl:532
 in include(::String) at ./sysimg.jl:14
 in process_options(::Base.JLOptions) at ./client.jl:271
 in _start() at ./client.jl:335
while loading /home/vagrant/.julia/v0.6/ControlCore/test/dsisorational.jl, in expression starting on line 30
WARNING: s[idx]: Trying to access idx != 1
WARNING: s[idx]: Trying to access idx != 1
WARNING: s[idx]: Trying to access idx != 1
WARNING: abs{T <: Number}(x::AbstractArray{T}) is deprecated, use abs.(x) instead.
 in depwarn(::String, ::Symbol) at ./deprecated.jl:64
 in abs(::Array{Int64,1}) at ./deprecated.jl:50
 in gcd(::Polynomials.Poly{Int64}, ::Polynomials.Poly{Int64}) at /home/vagrant/.julia/v0.6/Polynomials/src/Polynomials.jl:517
 in rmgcd(::Polynomials.Poly{Int64}, ::Polynomials.Poly{Int64}) at /home/vagrant/.julia/v0.6/ControlCore/src/abstract/sisotf.jl:13
 in +(::ControlCore.DSisoRational{Int64,Int64}, ::ControlCore.DSisoRational{Int64,Int64}) at /home/vagrant/.julia/v0.6/ControlCore/src/concrete/dsisorational.jl:108
 in include_from_node1(::String) at ./loading.jl:532
 in include(::String) at ./sysimg.jl:14
 in include_from_node1(::String) at ./loading.jl:532
 in include(::String) at ./sysimg.jl:14
 in process_options(::Base.JLOptions) at ./client.jl:271
 in _start() at ./client.jl:335
while loading /home/vagrant/.julia/v0.6/ControlCore/test/dsisorational.jl, in expression starting on line 64
WARNING: abs{T <: Number}(x::AbstractArray{T}) is deprecated, use abs.(x) instead.
 in depwarn(::String, ::Symbol) at ./deprecated.jl:64
 in abs(::Array{Float64,1}) at ./deprecated.jl:50
 in gcd(::Polynomials.Poly{Int64}, ::Polynomials.Poly{Float64}) at /home/vagrant/.julia/v0.6/Polynomials/src/Polynomials.jl:517
 in gcd(::Polynomials.Poly{Int64}, ::Polynomials.Poly{Int64}) at /home/vagrant/.julia/v0.6/Polynomials/src/Polynomials.jl:521
 in rmgcd(::Polynomials.Poly{Int64}, ::Polynomials.Poly{Int64}) at /home/vagrant/.julia/v0.6/ControlCore/src/abstract/sisotf.jl:13
 in +(::ControlCore.DSisoRational{Int64,Int64}, ::ControlCore.DSisoRational{Int64,Int64}) at /home/vagrant/.julia/v0.6/ControlCore/src/concrete/dsisorational.jl:108
 in include_from_node1(::String) at ./loading.jl:532
 in include(::String) at ./sysimg.jl:14
 in include_from_node1(::String) at ./loading.jl:532
 in include(::String) at ./sysimg.jl:14
 in process_options(::Base.JLOptions) at ./client.jl:271
 in _start() at ./client.jl:335
while loading /home/vagrant/.julia/v0.6/ControlCore/test/dsisorational.jl, in expression starting on line 64
WARNING: Sampling time mismatch
WARNING: abs{T <: Number}(x::AbstractArray{T}) is deprecated, use abs.(x) instead.
 in depwarn(::String, ::Symbol) at ./deprecated.jl:64
 in abs(::Array{Int64,1}) at ./deprecated.jl:50
 in gcd(::Polynomials.Poly{Float64}, ::Polynomials.Poly{Int64}) at /home/vagrant/.julia/v0.6/Polynomials/src/Polynomials.jl:517
 in rmgcd(::Polynomials.Poly{Float64}, ::Polynomials.Poly{Int64}) at /home/vagrant/.julia/v0.6/ControlCore/src/abstract/sisotf.jl:13
 in +(::ControlCore.DSisoRational{Float64,Float64}, ::ControlCore.DSisoRational{Int64,Int64}) at /home/vagrant/.julia/v0.6/ControlCore/src/concrete/dsisorational.jl:108
 in include_from_node1(::String) at ./loading.jl:532
 in include(::String) at ./sysimg.jl:14
 in include_from_node1(::String) at ./loading.jl:532
 in include(::String) at ./sysimg.jl:14
 in process_options(::Base.JLOptions) at ./client.jl:271
 in _start() at ./client.jl:335
while loading /home/vagrant/.julia/v0.6/ControlCore/test/dsisorational.jl, in expression starting on line 74
WARNING: abs{T <: Number}(x::AbstractArray{T}) is deprecated, use abs.(x) instead.
 in depwarn(::String, ::Symbol) at ./deprecated.jl:64
 in abs(::Array{Float64,1}) at ./deprecated.jl:50
 in gcd(::Polynomials.Poly{Int8}, ::Polynomials.Poly{Float64}) at /home/vagrant/.julia/v0.6/Polynomials/src/Polynomials.jl:517
 in rmgcd(::Polynomials.Poly{Int8}, ::Polynomials.Poly{Float64}) at /home/vagrant/.julia/v0.6/ControlCore/src/abstract/sisotf.jl:13
 in +(::ControlCore.DSisoRational{Int8,Int8}, ::ControlCore.DSisoRational{Float64,Float64}) at /home/vagrant/.julia/v0.6/ControlCore/src/concrete/dsisorational.jl:108
 in isapprox at /home/vagrant/.julia/v0.6/ControlCore/src/concrete/dsisorational.jl:167 [inlined] (repeats 2 times)
 in eval_comparison(::Expr) at ./test.jl:169
 in include_from_node1(::String) at ./loading.jl:532
 in include(::String) at ./sysimg.jl:14
 in include_from_node1(::String) at ./loading.jl:532
 in include(::String) at ./sysimg.jl:14
 in process_options(::Base.JLOptions) at ./client.jl:271
 in _start() at ./client.jl:335
while loading /home/vagrant/.julia/v0.6/ControlCore/test/dsisorational.jl, in expression starting on line 80
WARNING: abs{T <: Number}(x::AbstractArray{T}) is deprecated, use abs.(x) instead.
 in depwarn(::String, ::Symbol) at ./deprecated.jl:64
 in abs(::Array{Float64,1}) at ./deprecated.jl:50
 in gcd(::Polynomials.Poly{Rational{Int64}}, ::Polynomials.Poly{Float64}) at /home/vagrant/.julia/v0.6/Polynomials/src/Polynomials.jl:517
 in rmgcd(::Polynomials.Poly{Rational{Int64}}, ::Polynomials.Poly{Float64}) at /home/vagrant/.julia/v0.6/ControlCore/src/abstract/sisotf.jl:13
 in +(::ControlCore.DSisoRational{Rational{Int64},Rational{Int64}}, ::ControlCore.DSisoRational{Float64,Float64}) at /home/vagrant/.julia/v0.6/ControlCore/src/concrete/dsisorational.jl:108
 in isapprox at /home/vagrant/.julia/v0.6/ControlCore/src/concrete/dsisorational.jl:167 [inlined] (repeats 2 times)
 in eval_comparison(::Expr) at ./test.jl:169
 in include_from_node1(::String) at ./loading.jl:532
 in include(::String) at ./sysimg.jl:14
 in include_from_node1(::String) at ./loading.jl:532
 in include(::String) at ./sysimg.jl:14
 in process_options(::Base.JLOptions) at ./client.jl:271
 in _start() at ./client.jl:335
while loading /home/vagrant/.julia/v0.6/ControlCore/test/dsisorational.jl, in expression starting on line 84
WARNING: Sampling time mismatch
WARNING: abs{T <: Number}(x::AbstractArray{T}) is deprecated, use abs.(x) instead.
 in depwarn(::String, ::Symbol) at ./deprecated.jl:64
 in abs(::Array{Rational{Int64},1}) at ./deprecated.jl:50
 in gcd(::Polynomials.Poly{Int64}, ::Polynomials.Poly{Rational{Int64}}) at /home/vagrant/.julia/v0.6/Polynomials/src/Polynomials.jl:517
 in rmgcd(::Polynomials.Poly{Int64}, ::Polynomials.Poly{Rational{Int64}}) at /home/vagrant/.julia/v0.6/ControlCore/src/abstract/sisotf.jl:13
 in *(::ControlCore.DSisoRational{Int64,Int64}, ::ControlCore.DSisoRational{Rational{Int64},Int64}) at /home/vagrant/.julia/v0.6/ControlCore/src/concrete/dsisorational.jl:139
 in include_from_node1(::String) at ./loading.jl:532
 in include(::String) at ./sysimg.jl:14
 in include_from_node1(::String) at ./loading.jl:532
 in include(::String) at ./sysimg.jl:14
 in process_options(::Base.JLOptions) at ./client.jl:271
 in _start() at ./client.jl:335
while loading /home/vagrant/.julia/v0.6/ControlCore/test/dsisorational.jl, in expression starting on line 99
WARNING: abs{T <: Number}(x::AbstractArray{T}) is deprecated, use abs.(x) instead.
 in depwarn(::String, ::Symbol) at ./deprecated.jl:64
 in abs(::Array{Rational{Int64},1}) at ./deprecated.jl:50
 in gcd(::Polynomials.Poly{Rational{Int64}}, ::Polynomials.Poly{Rational{Int64}}) at /home/vagrant/.julia/v0.6/Polynomials/src/Polynomials.jl:517
 in gcd(::Polynomials.Poly{Int64}, ::Polynomials.Poly{Rational{Int64}}) at /home/vagrant/.julia/v0.6/Polynomials/src/Polynomials.jl:521
 in rmgcd(::Polynomials.Poly{Int64}, ::Polynomials.Poly{Rational{Int64}}) at /home/vagrant/.julia/v0.6/ControlCore/src/abstract/sisotf.jl:13
 in *(::ControlCore.DSisoRational{Int64,Int64}, ::ControlCore.DSisoRational{Rational{Int64},Int64}) at /home/vagrant/.julia/v0.6/ControlCore/src/concrete/dsisorational.jl:139
 in include_from_node1(::String) at ./loading.jl:532
 in include(::String) at ./sysimg.jl:14
 in include_from_node1(::String) at ./loading.jl:532
 in include(::String) at ./sysimg.jl:14
 in process_options(::Base.JLOptions) at ./client.jl:271
 in _start() at ./client.jl:335
while loading /home/vagrant/.julia/v0.6/ControlCore/test/dsisorational.jl, in expression starting on line 99
WARNING: Sampling time mismatch
WARNING: abs{T <: Number}(x::AbstractArray{T}) is deprecated, use abs.(x) instead.
 in depwarn(::String, ::Symbol) at ./deprecated.jl:64
 in abs(::Array{Int64,1}) at ./deprecated.jl:50
 in gcd(::Polynomials.Poly{Int8}, ::Polynomials.Poly{Int64}) at /home/vagrant/.julia/v0.6/Polynomials/src/Polynomials.jl:517
 in rmgcd(::Polynomials.Poly{Int8}, ::Polynomials.Poly{Int64}) at /home/vagrant/.julia/v0.6/ControlCore/src/abstract/sisotf.jl:13
 in +(::ControlCore.DSisoRational{Int8,Int8}, ::ControlCore.DSisoRational{Int64,Int64}) at /home/vagrant/.julia/v0.6/ControlCore/src/concrete/dsisorational.jl:108
 in isapprox at /home/vagrant/.julia/v0.6/ControlCore/src/concrete/dsisorational.jl:167 [inlined] (repeats 2 times)
 in eval_comparison(::Expr) at ./test.jl:169
 in include_from_node1(::String) at ./loading.jl:532
 in include(::String) at ./sysimg.jl:14
 in include_from_node1(::String) at ./loading.jl:532
 in include(::String) at ./sysimg.jl:14
 in process_options(::Base.JLOptions) at ./client.jl:271
 in _start() at ./client.jl:335
while loading /home/vagrant/.julia/v0.6/ControlCore/test/dsisorational.jl, in expression starting on line 103
WARNING: Sampling time mismatch
Starting continuous SISO rational transfer function type tests...
Continuous time rational transfer function model
	y = Gu
Continuous time rational transfer function model
	y = Gu

   x + 2
------------
x^2 + 2x + 1
tf(nx=3)WARNING: s[idx]: Trying to access idx != 1
WARNING: s[idx]: Trying to access idx != 1
WARNING: s[idx]: Trying to access idx != 1
Starting discrete zpk transfer function type tests...
Discrete time zpk transfer function model
	y = Gu
with Ts=1.0.
Discrete time zpk transfer function model
	y = Gu
with Ts=1.0.

WARNING: abs{T <: Number}(x::AbstractArray{T}) is deprecated, use abs.(x) instead.
 in depwarn(::String, ::Symbol) at ./deprecated.jl:64
 in abs(::Array{Complex{Int64},1}) at ./deprecated.jl:50
 in print_polyroots(::Base.AbstractIOBuffer{Array{UInt8,1}}, ::Array{Complex{Int64},1}, ::String) at /home/vagrant/.julia/v0.6/ControlCore/src/display.jl:135
 in #sprint#319(::Void, ::Function, ::Int64, ::Function, ::Array{Complex{Int64},1}, ::Vararg{Any,N}) at ./strings/io.jl:53
 in printtransferfunction(::Base.PipeEndpoint, ::ControlCore.DSisoZpk{Int64,Int64,Int64}) at /home/vagrant/.julia/v0.6/ControlCore/src/display.jl:66
 in showall(::Base.PipeEndpoint, ::ControlCore.DSisoZpk{Int64,Int64,Int64}) at /home/vagrant/.julia/v0.6/ControlCore/src/concrete/dsisozpk.jl:70
 in showall(::ControlCore.DSisoZpk{Int64,Int64,Int64}) at ./show.jl:1658
 in include_from_node1(::String) at ./loading.jl:532
 in include(::String) at ./sysimg.jl:14
 in include_from_node1(::String) at ./loading.jl:532
 in include(::String) at ./sysimg.jl:14
 in process_options(::Base.JLOptions) at ./client.jl:271
 in _start() at ./client.jl:335
while loading /home/vagrant/.julia/v0.6/ControlCore/test/dsisozpk.jl, in expression starting on line 12
  (z + 2.0)
 -----------
 (z - 1.0)^2
tf(nx=3,Ts=1.0)WARNING: s[idx]: Trying to access idx != 1
WARNING: s[idx]: Trying to access idx != 1
WARNING: Sampling time mismatch
WARNING: Sampling time mismatch
WARNING: Sampling time mismatch
WARNING: Sampling time mismatch
Starting continuous zpk transfer function type tests...
Continuous time zpk transfer function model
	y = Gu
Continuous time zpk transfer function model
	y = Gu

  (z + 2.0)
 -----------
 (z - 1.0)^2
tf(nx=3)WARNING: s[idx]: Trying to access idx != 1
WARNING: s[idx]: Trying to access idx != 1
Starting discrete MIMO transfer function type tests...
WARNING: z, p and k dimensions must match
WARNING: num and den dimensions must match
Discrete time rational transfer function model
	y = Gu
with Ts=1.0.
Discrete time rational transfer function model
	y = Gu
with Ts=1.0.

   x + 2
------------
x^2 + 2x + 1
tf(nx=3,Ts=1.0)Error During Test
  Test threw an exception of type AssertionError
  Expression: m1 + m2 â‰ˆ mimo([[s1 + s1 s1 + s2];[s1 + s3 s1 + s4]])
  AssertionError: eltype(m) <: SisoSystem
   in mimo at /home/vagrant/.julia/v0.6/ControlCore/src/abstract/mimosystem.jl:6 [inlined]
   in +(::ControlCore.DMimo{ControlCore.DSisoZpk{Int64,Int64,Int64},Array{ControlCore.DSisoZpk{Int64,Int64,Int64},2}}, ::ControlCore.DMimo{ControlCore.DSisoZpk,Array{ControlCore.DSisoZpk,2}}) at /home/vagrant/.julia/v0.6/ControlCore/src/concrete/dmimo.jl:133
   in macro expansion; at /home/vagrant/.julia/v0.6/ControlCore/test/dmimo.jl:92 [inlined]
   in anonymous at ./<missing>:?
   in include_from_node1(::String) at ./loading.jl:532
   in include(::String) at ./sysimg.jl:14
   in include_from_node1(::String) at ./loading.jl:532
   in include(::String) at ./sysimg.jl:14
   in process_options(::Base.JLOptions) at ./client.jl:271
   in _start() at ./client.jl:335
ERROR: LoadError: LoadError: There was an error during testing
 in record(::Base.Test.FallbackTestSet, ::Base.Test.Error) at ./test.jl:398
 in do_test(::Base.Test.Threw, ::Expr) at ./test.jl:281
 in macro expansion; at /home/vagrant/.julia/v0.6/ControlCore/test/dmimo.jl:92 [inlined]
 in anonymous at ./<missing>:?
 in include_from_node1(::String) at ./loading.jl:532
 in include(::String) at ./sysimg.jl:14
 in include_from_node1(::String) at ./loading.jl:532
 in include(::String) at ./sysimg.jl:14
 in process_options(::Base.JLOptions) at ./client.jl:271
 in _start() at ./client.jl:335
while loading /home/vagrant/.julia/v0.6/ControlCore/test/dmimo.jl, in expression starting on line 51
while loading /home/vagrant/.julia/v0.6/ControlCore/test/runtests.jl, in expression starting on line 11
=============================[ ERROR: ControlCore ]=============================

failed process: Process(`/home/vagrant/julia/bin/julia -Cx86-64 -J/home/vagrant/julia/lib/julia/sys.so --compile=yes --depwarn=yes --check-bounds=yes --code-coverage=none --color=no --compilecache=yes /home/vagrant/.julia/v0.6/ControlCore/test/runtests.jl`, ProcessExited(1)) [1]

================================================================================
INFO: No packages to install, update or remove
ERROR: ControlCore had test errors
 in #test#61(::Bool, ::Function, ::Array{AbstractString,1}) at ./pkg/entry.jl:749
 in (::Base.Pkg.Entry.#kw##test)(::Array{Any,1}, ::Base.Pkg.Entry.#test, ::Array{AbstractString,1}) at ./<missing>:0
 in (::Base.Pkg.Dir.##2#3{Array{Any,1},Base.Pkg.Entry.#test,Tuple{Array{AbstractString,1}}})() at ./pkg/dir.jl:31
 in cd(::Base.Pkg.Dir.##2#3{Array{Any,1},Base.Pkg.Entry.#test,Tuple{Array{AbstractString,1}}}, ::String) at ./file.jl:69
 in #cd#1(::Array{Any,1}, ::Function, ::Function, ::Array{AbstractString,1}, ::Vararg{Array{AbstractString,1},N}) at ./pkg/dir.jl:31
 in (::Base.Pkg.Dir.#kw##cd)(::Array{Any,1}, ::Base.Pkg.Dir.#cd, ::Function, ::Array{AbstractString,1}, ::Vararg{Array{AbstractString,1},N}) at ./<missing>:0
 in #test#3(::Bool, ::Function, ::String, ::Vararg{String,N}) at ./pkg/pkg.jl:258
 in test(::String, ::Vararg{String,N}) at ./pkg/pkg.jl:258
 in eval(::Module, ::Any) at ./boot.jl:236
 in process_options(::Base.JLOptions) at ./client.jl:248
 in _start() at ./client.jl:335

>>> End of log
