>>> 'Pkg.add("Crypto")' log
INFO: Cloning cache of Crypto from https://github.com/danielsuo/Crypto.jl.git
INFO: Installing BinDeps v0.4.5
INFO: Installing BufferedStreams v0.2.0
INFO: Installing Codecs v0.2.0
INFO: Installing Coverage v0.3.2
INFO: Installing Crypto v0.0.1
INFO: Installing Git v0.1.0
INFO: Installing HttpCommon v0.2.6
INFO: Installing HttpParser v0.2.0
INFO: Installing Libz v0.2.0
INFO: Installing MbedTLS v0.3.0
INFO: Installing Requests v0.3.11
INFO: Installing SHA v0.2.1
INFO: Installing URIParser v0.1.6
INFO: Building Git
INFO: Using git version 1.9.1 found on path at `/usr/bin/git`
INFO: Building HttpParser
INFO: Building MbedTLS
INFO: Building Crypto
gcc -Wno-deprecated-declarations -std=c99 -shared -fPIC digest.c ecdsa.c -o libcryptojl.so -lcrypto
ecdsa.c:4:24: fatal error: openssl/ec.h: No such file or directory
 #include <openssl/ec.h>
                        ^
compilation terminated.
make: *** [shared] Error 1
===============================[ ERROR: Crypto ]================================

LoadError: failed process: Process(`make`, ProcessExited(2)) [2]
while loading /home/vagrant/.julia/v0.5/Crypto/deps/build.jl, in expression starting on line 1

================================================================================

================================[ BUILD ERRORS ]================================

WARNING: Crypto had build errors.

 - packages with build errors remain installed in /home/vagrant/.julia/v0.5
 - build the package(s) and all dependencies with `Pkg.build("Crypto")`
 - build a single package by running its `deps/build.jl` script

================================================================================
INFO: Package database updated

>>> 'Pkg.test("Crypto")' log
Julia Version 0.5.0
Commit 3c9d753 (2016-09-19 18:14 UTC)
Platform Info:
  System: Linux (x86_64-pc-linux-gnu)
  CPU: Intel(R) Xeon(R) CPU E3-1241 v3 @ 3.50GHz
  WORD_SIZE: 64
           Ubuntu 14.04.5 LTS
  uname: Linux 3.13.0-100-generic #147-Ubuntu SMP Tue Oct 18 16:48:51 UTC 2016 x86_64 x86_64
Memory: 2.939289093017578 GB (1646.1015625 MB free)
Uptime: 13506.0 sec
Load Avg:  1.05908203125  1.0546875  1.13232421875
Intel(R) Xeon(R) CPU E3-1241 v3 @ 3.50GHz: 
       speed         user         nice          sys         idle          irq
#1  3500 MHz     773486 s        883 s      87470 s     333258 s         26 s
#2  3500 MHz     252446 s       5357 s      42638 s    1014818 s          0 s

  BLAS: libopenblas (USE64BITINT DYNAMIC_ARCH NO_AFFINITY Nehalem)
  LAPACK: libopenblas64_
  LIBM: libopenlibm
  LLVM: libLLVM-3.7.1 (ORCJIT, haswell)
Environment:
  TERM = vt100
  LD_LIBRARY_PATH = :/usr/local/lib/
  PATH = /usr/local/sbin:/usr/local/bin:/usr/sbin:/usr/bin:/sbin:/bin:/usr/games:/usr/local/games:/home/vagrant/julia/bin/
  JAVA_HOME = /usr/lib/jvm/java-7-oracle
  HOME = /home/vagrant

Package Directory: /home/vagrant/.julia/v0.5
2 required packages:
 - Crypto                        0.0.1
 - JSON                          0.8.0
13 additional packages:
 - BinDeps                       0.4.5
 - BufferedStreams               0.2.0
 - Codecs                        0.2.0
 - Compat                        0.9.3
 - Coverage                      0.3.2
 - Git                           0.1.0
 - HttpCommon                    0.2.6
 - HttpParser                    0.2.0
 - Libz                          0.2.0
 - MbedTLS                       0.3.0
 - Requests                      0.3.11
 - SHA                           0.2.1
 - URIParser                     0.1.6
INFO: Testing Crypto
ERROR: LoadError: LoadError: Library cannot be found; it may not have been built correctly.
 Try include("build.jl") from within the deps directory.
 in error(::String) at ./error.jl:21
 in include_from_node1(::String) at ./loading.jl:488
 in eval(::Module, ::Any) at ./boot.jl:234
 in require(::Symbol) at ./loading.jl:415
 in include_from_node1(::String) at ./loading.jl:488
 in process_options(::Base.JLOptions) at ./client.jl:262
 in _start() at ./client.jl:318
while loading /home/vagrant/.julia/v0.5/Crypto/src/Crypto.jl, in expression starting on line 53
while loading /home/vagrant/.julia/v0.5/Crypto/test/runtests.jl, in expression starting on line 1
===============================[ ERROR: Crypto ]================================

failed process: Process(`/home/vagrant/julia/bin/julia -Cx86-64 -J/home/vagrant/julia/lib/julia/sys.so --compile=yes --depwarn=yes --check-bounds=yes --code-coverage=none --color=no --compilecache=yes /home/vagrant/.julia/v0.5/Crypto/test/runtests.jl`, ProcessExited(1)) [1]

================================================================================
ERROR: Crypto had test errors
 in #test#61(::Bool, ::Function, ::Array{AbstractString,1}) at ./pkg/entry.jl:740
 in (::Base.Pkg.Entry.#kw##test)(::Array{Any,1}, ::Base.Pkg.Entry.#test, ::Array{AbstractString,1}) at ./<missing>:0
 in (::Base.Pkg.Dir.##2#3{Array{Any,1},Base.Pkg.Entry.#test,Tuple{Array{AbstractString,1}}})() at ./pkg/dir.jl:31
 in cd(::Base.Pkg.Dir.##2#3{Array{Any,1},Base.Pkg.Entry.#test,Tuple{Array{AbstractString,1}}}, ::String) at ./file.jl:59
 in #cd#1(::Array{Any,1}, ::Function, ::Function, ::Array{AbstractString,1}, ::Vararg{Array{AbstractString,1},N}) at ./pkg/dir.jl:31
 in (::Base.Pkg.Dir.#kw##cd)(::Array{Any,1}, ::Base.Pkg.Dir.#cd, ::Function, ::Array{AbstractString,1}, ::Vararg{Array{AbstractString,1},N}) at ./<missing>:0
 in #test#3(::Bool, ::Function, ::String, ::Vararg{String,N}) at ./pkg/pkg.jl:258
 in test(::String, ::Vararg{String,N}) at ./pkg/pkg.jl:258
 in eval(::Module, ::Any) at ./boot.jl:234
 in process_options(::Base.JLOptions) at ./client.jl:239
 in _start() at ./client.jl:318

>>> End of log
