>>> 'Pkg.add("DataFramesMeta")' log
INFO: Cloning cache of DataFramesMeta from https://github.com/JuliaStats/DataFramesMeta.jl.git
INFO: Installing DataArrays v0.3.12
INFO: Installing DataFrames v0.8.5
INFO: Installing DataFramesMeta v0.1.3
INFO: Installing DataStructures v0.5.2
INFO: Installing FileIO v0.3.0
INFO: Installing GZip v0.2.20
INFO: Installing Hiccup v0.1.1
INFO: Installing Juno v0.2.5
INFO: Installing MacroTools v0.3.4
INFO: Installing Media v0.2.5
INFO: Installing Reexport v0.0.3
INFO: Installing SortingAlgorithms v0.1.0
INFO: Installing SpecialFunctions v0.1.0
INFO: Installing StatsBase v0.13.1
INFO: Package database updated
INFO: METADATA is out-of-date â€” you may not have the latest version of DataFramesMeta
INFO: Use `Pkg.update()` to get the latest versions of your packages

>>> 'Pkg.test("DataFramesMeta")' log
Julia Version 0.6.0-dev.2635
Commit dc2459d (2017-02-13 07:46 UTC)
Platform Info:
  OS: Linux (x86_64-pc-linux-gnu)
  CPU: Intel(R) Xeon(R) CPU E3-1241 v3 @ 3.50GHz
  WORD_SIZE: 64
           Ubuntu 14.04.5 LTS
  uname: Linux 3.13.0-108-generic #155-Ubuntu SMP Wed Jan 11 16:58:52 UTC 2017 x86_64 x86_64
Memory: 2.9392738342285156 GB (1011.44921875 MB free)
Uptime: 15051.0 sec
Load Avg:  1.0595703125  1.02978515625  1.01708984375
Intel(R) Xeon(R) CPU E3-1241 v3 @ 3.50GHz: 
       speed         user         nice          sys         idle          irq
#1  3500 MHz     755484 s       2883 s      77216 s     514655 s         51 s
#2  3500 MHz     254352 s       3777 s      43110 s    1159347 s          0 s

  BLAS: libopenblas (USE64BITINT DYNAMIC_ARCH NO_AFFINITY Nehalem)
  LAPACK: libopenblas64_
  LIBM: libopenlibm
  LLVM: libLLVM-3.9.1 (ORCJIT, haswell)
Environment:
  TERM = vt100
  LD_LIBRARY_PATH = :/usr/local/lib/
  PATH = /usr/local/sbin:/usr/local/bin:/usr/sbin:/usr/bin:/sbin:/bin:/usr/games:/usr/local/games:/home/vagrant/julia/bin/
  JAVA_HOME = /usr/lib/jvm/java-7-oracle
  HOME = /home/vagrant

Package Directory: /home/vagrant/.julia/v0.6
2 required packages:
 - DataFramesMeta                0.1.3
 - JSON                          0.8.3
14 additional packages:
 - Compat                        0.18.0
 - DataArrays                    0.3.12
 - DataFrames                    0.8.5
 - DataStructures                0.5.2
 - FileIO                        0.3.0
 - GZip                          0.2.20
 - Hiccup                        0.1.1
 - Juno                          0.2.5
 - MacroTools                    0.3.4
 - Media                         0.2.5
 - Reexport                      0.0.3
 - SortingAlgorithms             0.1.0
 - SpecialFunctions              0.1.0
 - StatsBase                     0.13.1
INFO: Computing test dependencies for DataFramesMeta...
INFO: Installing Lazy v0.11.5
INFO: Testing DataFramesMeta
Running tests:
WARNING: Array{T}(::Type{T}, m::Int) is deprecated, use Array{T}(m) instead.
Stacktrace:
 [1] depwarn(::String, ::Symbol) at ./deprecated.jl:62
 [2] Array(::Type{Void}, ::Int64) at ./deprecated.jl:50
 [3] DataArrays.DataArray(::Type{T} where T, ::Int64) at /home/vagrant/.julia/v0.6/DataArrays/src/dataarray.jl:111
 [4] include_from_node1(::String) at ./loading.jl:539
 [5] include(::String) at ./sysimg.jl:14
 [6] macro expansion at /home/vagrant/.julia/v0.6/DataFrames/src/DataFrames.jl:132 [inlined]
 [7] anonymous at ./<missing>:?
 [8] include_from_node1(::String) at ./loading.jl:539
 [9] include(::String) at ./sysimg.jl:14
 [10] anonymous at ./<missing>:2
 [11] eval(::Module, ::Any) at ./boot.jl:236
 [12] process_options(::Base.JLOptions) at ./client.jl:281
 [13] _start() at ./client.jl:366
while loading /home/vagrant/.julia/v0.6/DataFrames/src/abstractdataframe/abstractdataframe.jl, in expression starting on line 719
ERROR: LoadError: LoadError: UndefVarError: sub not defined
Stacktrace:
 [1] include_from_node1(::String) at ./loading.jl:539
 [2] include(::String) at ./sysimg.jl:14
 [3] macro expansion at /home/vagrant/.julia/v0.6/DataFrames/src/DataFrames.jl:132 [inlined]
 [4] anonymous at ./<missing>:?
 [5] include_from_node1(::String) at ./loading.jl:539
 [6] include(::String) at ./sysimg.jl:14
 [7] anonymous at ./<missing>:2
while loading /home/vagrant/.julia/v0.6/DataFrames/src/subdataframe/subdataframe.jl, in expression starting on line 78
while loading /home/vagrant/.julia/v0.6/DataFrames/src/DataFrames.jl, in expression starting on line 101
	[1m[31mFAILED[0m: dict.jl
WARNING: Array{T}(::Type{T}, m::Int) is deprecated, use Array{T}(m) instead.
Stacktrace:
 [1] depwarn(::String, ::Symbol) at ./deprecated.jl:62
 [2] Array(::Type{Void}, ::Int64) at ./deprecated.jl:50
 [3] DataArrays.DataArray(::Type{T} where T, ::Int64) at /home/vagrant/.julia/v0.6/DataArrays/src/dataarray.jl:111
 [4] include_from_node1(::String) at ./loading.jl:539
 [5] include(::String) at ./sysimg.jl:14
 [6] macro expansion at /home/vagrant/.julia/v0.6/DataFrames/src/DataFrames.jl:132 [inlined]
 [7] anonymous at ./<missing>:?
 [8] include_from_node1(::String) at ./loading.jl:539
 [9] include(::String) at ./sysimg.jl:14
 [10] anonymous at ./<missing>:2
 [11] eval(::Module, ::Any) at ./boot.jl:236
 [12] process_options(::Base.JLOptions) at ./client.jl:281
 [13] _start() at ./client.jl:366
while loading /home/vagrant/.julia/v0.6/DataFrames/src/abstractdataframe/abstractdataframe.jl, in expression starting on line 719
ERROR: LoadError: LoadError: UndefVarError: sub not defined
Stacktrace:
 [1] include_from_node1(::String) at ./loading.jl:539
 [2] include(::String) at ./sysimg.jl:14
 [3] macro expansion at /home/vagrant/.julia/v0.6/DataFrames/src/DataFrames.jl:132 [inlined]
 [4] anonymous at ./<missing>:?
 [5] include_from_node1(::String) at ./loading.jl:539
 [6] include(::String) at ./sysimg.jl:14
 [7] anonymous at ./<missing>:2
while loading /home/vagrant/.julia/v0.6/DataFrames/src/subdataframe/subdataframe.jl, in expression starting on line 78
while loading /home/vagrant/.julia/v0.6/DataFrames/src/DataFrames.jl, in expression starting on line 101
	[1m[31mFAILED[0m: dataframes.jl
WARNING: Array{T}(::Type{T}, m::Int) is deprecated, use Array{T}(m) instead.
Stacktrace:
 [1] depwarn(::String, ::Symbol) at ./deprecated.jl:62
 [2] Array(::Type{Void}, ::Int64) at ./deprecated.jl:50
 [3] DataArrays.DataArray(::Type{T} where T, ::Int64) at /home/vagrant/.julia/v0.6/DataArrays/src/dataarray.jl:111
 [4] include_from_node1(::String) at ./loading.jl:539
 [5] include(::String) at ./sysimg.jl:14
 [6] macro expansion at /home/vagrant/.julia/v0.6/DataFrames/src/DataFrames.jl:132 [inlined]
 [7] anonymous at ./<missing>:?
 [8] include_from_node1(::String) at ./loading.jl:539
 [9] include(::String) at ./sysimg.jl:14
 [10] anonymous at ./<missing>:2
 [11] eval(::Module, ::Any) at ./boot.jl:236
 [12] process_options(::Base.JLOptions) at ./client.jl:281
 [13] _start() at ./client.jl:366
while loading /home/vagrant/.julia/v0.6/DataFrames/src/abstractdataframe/abstractdataframe.jl, in expression starting on line 719
ERROR: LoadError: LoadError: UndefVarError: sub not defined
Stacktrace:
 [1] include_from_node1(::String) at ./loading.jl:539
 [2] include(::String) at ./sysimg.jl:14
 [3] macro expansion at /home/vagrant/.julia/v0.6/DataFrames/src/DataFrames.jl:132 [inlined]
 [4] anonymous at ./<missing>:?
 [5] include_from_node1(::String) at ./loading.jl:539
 [6] include(::String) at ./sysimg.jl:14
 [7] anonymous at ./<missing>:2
while loading /home/vagrant/.julia/v0.6/DataFrames/src/subdataframe/subdataframe.jl, in expression starting on line 78
while loading /home/vagrant/.julia/v0.6/DataFrames/src/DataFrames.jl, in expression starting on line 101
	[1m[31mFAILED[0m: compositedataframes.jl
WARNING: Array{T}(::Type{T}, m::Int) is deprecated, use Array{T}(m) instead.
Stacktrace:
 [1] depwarn(::String, ::Symbol) at ./deprecated.jl:62
 [2] Array(::Type{Void}, ::Int64) at ./deprecated.jl:50
 [3] DataArrays.DataArray(::Type{T} where T, ::Int64) at /home/vagrant/.julia/v0.6/DataArrays/src/dataarray.jl:111
 [4] include_from_node1(::String) at ./loading.jl:539
 [5] include(::String) at ./sysimg.jl:14
 [6] macro expansion at /home/vagrant/.julia/v0.6/DataFrames/src/DataFrames.jl:132 [inlined]
 [7] anonymous at ./<missing>:?
 [8] include_from_node1(::String) at ./loading.jl:539
 [9] include(::String) at ./sysimg.jl:14
 [10] anonymous at ./<missing>:2
 [11] eval(::Module, ::Any) at ./boot.jl:236
 [12] process_options(::Base.JLOptions) at ./client.jl:281
 [13] _start() at ./client.jl:366
while loading /home/vagrant/.julia/v0.6/DataFrames/src/abstractdataframe/abstractdataframe.jl, in expression starting on line 719
ERROR: LoadError: LoadError: UndefVarError: sub not defined
Stacktrace:
 [1] include_from_node1(::String) at ./loading.jl:539
 [2] include(::String) at ./sysimg.jl:14
 [3] macro expansion at /home/vagrant/.julia/v0.6/DataFrames/src/DataFrames.jl:132 [inlined]
 [4] anonymous at ./<missing>:?
 [5] include_from_node1(::String) at ./loading.jl:539
 [6] include(::String) at ./sysimg.jl:14
 [7] anonymous at ./<missing>:2
while loading /home/vagrant/.julia/v0.6/DataFrames/src/subdataframe/subdataframe.jl, in expression starting on line 78
while loading /home/vagrant/.julia/v0.6/DataFrames/src/DataFrames.jl, in expression starting on line 101
	[1m[31mFAILED[0m: grouping.jl
WARNING: Array{T}(::Type{T}, m::Int) is deprecated, use Array{T}(m) instead.
Stacktrace:
 [1] depwarn(::String, ::Symbol) at ./deprecated.jl:62
 [2] Array(::Type{Void}, ::Int64) at ./deprecated.jl:50
 [3] DataArrays.DataArray(::Type{T} where T, ::Int64) at /home/vagrant/.julia/v0.6/DataArrays/src/dataarray.jl:111
 [4] include_from_node1(::String) at ./loading.jl:539
 [5] include(::String) at ./sysimg.jl:14
 [6] macro expansion at /home/vagrant/.julia/v0.6/DataFrames/src/DataFrames.jl:132 [inlined]
 [7] anonymous at ./<missing>:?
 [8] include_from_node1(::String) at ./loading.jl:539
 [9] include(::String) at ./sysimg.jl:14
 [10] anonymous at ./<missing>:2
 [11] eval(::Module, ::Any) at ./boot.jl:236
 [12] process_options(::Base.JLOptions) at ./client.jl:281
 [13] _start() at ./client.jl:366
while loading /home/vagrant/.julia/v0.6/DataFrames/src/abstractdataframe/abstractdataframe.jl, in expression starting on line 719
ERROR: LoadError: LoadError: UndefVarError: sub not defined
Stacktrace:
 [1] include_from_node1(::String) at ./loading.jl:539
 [2] include(::String) at ./sysimg.jl:14
 [3] macro expansion at /home/vagrant/.julia/v0.6/DataFrames/src/DataFrames.jl:132 [inlined]
 [4] anonymous at ./<missing>:?
 [5] include_from_node1(::String) at ./loading.jl:539
 [6] include(::String) at ./sysimg.jl:14
 [7] anonymous at ./<missing>:2
while loading /home/vagrant/.julia/v0.6/DataFrames/src/subdataframe/subdataframe.jl, in expression starting on line 78
while loading /home/vagrant/.julia/v0.6/DataFrames/src/DataFrames.jl, in expression starting on line 101
	[1m[31mFAILED[0m: chaining.jl
WARNING: Array{T}(::Type{T}, m::Int) is deprecated, use Array{T}(m) instead.
Stacktrace:
 [1] depwarn(::String, ::Symbol) at ./deprecated.jl:62
 [2] Array(::Type{Void}, ::Int64) at ./deprecated.jl:50
 [3] DataArrays.DataArray(::Type{T} where T, ::Int64) at /home/vagrant/.julia/v0.6/DataArrays/src/dataarray.jl:111
 [4] include_from_node1(::String) at ./loading.jl:539
 [5] include(::String) at ./sysimg.jl:14
 [6] macro expansion at /home/vagrant/.julia/v0.6/DataFrames/src/DataFrames.jl:132 [inlined]
 [7] anonymous at ./<missing>:?
 [8] include_from_node1(::String) at ./loading.jl:539
 [9] include(::String) at ./sysimg.jl:14
 [10] anonymous at ./<missing>:2
 [11] eval(::Module, ::Any) at ./boot.jl:236
 [12] process_options(::Base.JLOptions) at ./client.jl:281
 [13] _start() at ./client.jl:366
while loading /home/vagrant/.julia/v0.6/DataFrames/src/abstractdataframe/abstractdataframe.jl, in expression starting on line 719
ERROR: LoadError: LoadError: UndefVarError: sub not defined
Stacktrace:
 [1] include_from_node1(::String) at ./loading.jl:539
 [2] include(::String) at ./sysimg.jl:14
 [3] macro expansion at /home/vagrant/.julia/v0.6/DataFrames/src/DataFrames.jl:132 [inlined]
 [4] anonymous at ./<missing>:?
 [5] include_from_node1(::String) at ./loading.jl:539
 [6] include(::String) at ./sysimg.jl:14
 [7] anonymous at ./<missing>:2
while loading /home/vagrant/.julia/v0.6/DataFrames/src/subdataframe/subdataframe.jl, in expression starting on line 78
while loading /home/vagrant/.julia/v0.6/DataFrames/src/DataFrames.jl, in expression starting on line 101
	[1m[31mFAILED[0m: linqmacro.jl
ERROR: LoadError: "Tests failed"
Stacktrace:
 [1] include_from_node1(::String) at ./loading.jl:539
 [2] include(::String) at ./sysimg.jl:14
 [3] process_options(::Base.JLOptions) at ./client.jl:300
 [4] _start() at ./client.jl:366
while loading /home/vagrant/.julia/v0.6/DataFramesMeta/test/runtests.jl, in expression starting on line 27
===========================[ ERROR: DataFramesMeta ]============================

failed process: Process(`/home/vagrant/julia/bin/julia -Cx86-64 -J/home/vagrant/julia/lib/julia/sys.so --compile=yes --depwarn=yes --check-bounds=yes --code-coverage=none --color=no --compilecache=yes /home/vagrant/.julia/v0.6/DataFramesMeta/test/runtests.jl`, ProcessExited(1)) [1]

================================================================================
INFO: Removing Lazy v0.11.5
ERROR: DataFramesMeta had test errors

>>> End of log
