>>> 'Pkg.add("DataFramesMeta")' log
â”Œ Info: Cloning cache of DataFramesMeta from https://github.com/JuliaStats/DataFramesMeta.jl.git
â””                                                   @ Base.Pkg.Cache cache.jl:43
[ Info: Installing BinDeps v0.8.3                  @ Base.Pkg.Entry entry.jl:543
[ Info: Installing CategoricalArrays v0.3.3        @ Base.Pkg.Entry entry.jl:543
[ Info: Installing CodecZlib v0.4.2                @ Base.Pkg.Entry entry.jl:543
[ Info: Installing DataFrames v0.11.4              @ Base.Pkg.Entry entry.jl:543
[ Info: Installing DataFramesMeta v0.3.0           @ Base.Pkg.Entry entry.jl:543
[ Info: Installing DataStreams v0.3.4              @ Base.Pkg.Entry entry.jl:543
[ Info: Installing DataStructures v0.7.4           @ Base.Pkg.Entry entry.jl:543
[ Info: Installing Missings v0.2.4                 @ Base.Pkg.Entry entry.jl:543
[ Info: Installing NamedTuples v4.0.0              @ Base.Pkg.Entry entry.jl:543
[ Info: Installing Reexport v0.1.0                 @ Base.Pkg.Entry entry.jl:543
[ Info: Installing SHA v0.5.3                      @ Base.Pkg.Entry entry.jl:543
[ Info: Installing SortingAlgorithms v0.2.0        @ Base.Pkg.Entry entry.jl:543
[ Info: Installing SpecialFunctions v0.3.7         @ Base.Pkg.Entry entry.jl:543
[ Info: Installing StatsBase v0.19.5               @ Base.Pkg.Entry entry.jl:543
[ Info: Installing TranscodingStreams v0.4.1       @ Base.Pkg.Entry entry.jl:543
[ Info: Installing URIParser v0.3.0                @ Base.Pkg.Entry entry.jl:543
[ Info: Installing WeakRefStrings v0.4.1           @ Base.Pkg.Entry entry.jl:543
[ Info: Building SpecialFunctions                                 @ Main none:10
WARNING: importing deprecated binding Base.Associative into BinDeps.
WARNING: Base.Associative is deprecated, use AbstractDict instead.
  likely near /home/vagrant/.julia/v0.7/SpecialFunctions/deps/binaries.jl:44
in @install at /home/vagrant/.julia/v0.7/BinDeps/src/dependencies.jl
â”Œ Error: ------------------------------------------------------------
â”‚ # Build failed for SpecialFunctions
â”‚   exception =
â”‚    LoadError: LoadError: UndefVarError: pushfront! not defined
â”‚    Stacktrace:
â”‚     [1] #_find_library#48(::Type, ::Function, ::BinDeps.LibraryDependency) at /home/vagrant/.julia/v0.7/BinDeps/src/dependencies.jl:652
â”‚     [2] _find_library at /home/vagrant/.julia/v0.7/BinDeps/src/dependencies.jl:641 [inlined]
â”‚     [3] satisfy!(::BinDeps.LibraryDependency, ::Array{DataType,1}) at /home/vagrant/.julia/v0.7/BinDeps/src/dependencies.jl:920 (repeats 2 times)
â”‚     [4] top-level scope at /home/vagrant/.julia/v0.7/BinDeps/src/dependencies.jl:975
â”‚     [5] include at ./boot.jl:293 [inlined]
â”‚     [6] include_relative(::Module, ::String) at ./loading.jl:521
â”‚     [7] include at ./sysimg.jl:26 [inlined]
â”‚     [8] include at ./loading.jl:555 [inlined]
â”‚     [9] top-level scope at ./<missing>:31
â”‚     [10] include at ./boot.jl:293 [inlined]
â”‚     [11] include_relative(::Module, ::String) at ./loading.jl:521
â”‚     [12] include at ./sysimg.jl:26 [inlined]
â”‚     [13] include(::String) at ./loading.jl:555
â”‚     [14] top-level scope
â”‚     [15] eval at ./boot.jl:296 [inlined]
â”‚     [16] eval at ./sysimg.jl:71 [inlined]
â”‚     [17] evalfile(::String, ::Array{String,1}) at ./loading.jl:550 (repeats 2 times)
â”‚     [18] #2 at ./none:12 [inlined]
â”‚     [19] cd(::getfield(, Symbol("##2#5")){String}, ::String) at ./file.jl:70
â”‚     [20] (::getfield(, Symbol("##1#3")))(::IOStream) at ./none:11
â”‚     [21] open(::getfield(, Symbol("##1#3")), ::String, ::String) at ./iostream.jl:310
â”‚     [22] top-level scope
â”‚     [23] eval at ./boot.jl:296 [inlined]
â”‚     [24] eval(::Module, ::Expr) at ./sysimg.jl:71
â”‚     [25] process_options(::Base.JLOptions) at ./client.jl:301
â”‚     [26] _start() at ./client.jl:375
â”‚    in expression starting at /home/vagrant/.julia/v0.7/SpecialFunctions/deps/binaries.jl:975
â”‚    in expression starting at /home/vagrant/.julia/v0.7/SpecialFunctions/deps/build.jl:6
â””                                                                 @ Main none:15
â”Œ Warning: ------------------------------------------------------------
â”‚ # Build error summary
â”‚ 
â”‚ SpecialFunctions had build errors.
â”‚ 
â”‚  - packages with build errors remain installed in /home/vagrant/.julia/v0.7
â”‚  - build the package(s) and all dependencies with `Pkg.build("SpecialFunctions")`
â”‚  - build a single package by running its `deps/build.jl` script
â””                                                  @ Base.Pkg.Entry entry.jl:656
[ Info: Package database updated                    @ Base.Pkg.Entry entry.jl:32
â”Œ Info: METADATA is out-of-date â€” you may not have the latest version of DataFramesMeta
â”‚ Use `Pkg.update()` to get the latest versions of your packages
â””                                                   @ Base.Pkg.Entry entry.jl:74

>>> 'Pkg.test("DataFramesMeta")' log
Julia Version 0.7.0-DEV.3354
Commit 9b5eed2b6c (2018-01-09 08:03 UTC)
Platform Info:
  OS: Linux (x86_64-pc-linux-gnu)
      Ubuntu 14.04.5 LTS
  uname: Linux 3.13.0-135-generic #184-Ubuntu SMP Wed Oct 18 11:55:51 UTC 2017 x86_64 x86_64
  CPU: Intel(R) Xeon(R) CPU E3-1241 v3 @ 3.50GHz: 
              speed         user         nice          sys         idle          irq
       #1  3500 MHz    2726880 s         63 s     140247 s     956205 s         23 s
       #2  3500 MHz     782552 s       7025 s      64424 s    3493491 s          0 s
       
  Memory: 2.93927001953125 GB (848.84375 MB free)
  Uptime: 44535.0 sec
  Load Avg:  0.95849609375  0.9462890625  0.9501953125
  WORD_SIZE: 64
  BLAS: libopenblas (USE64BITINT DYNAMIC_ARCH NO_AFFINITY Nehalem)
  LAPACK: libopenblas64_
  LIBM: libopenlibm
  LLVM: libLLVM-3.9.1 (ORCJIT, haswell)
Environment:
  TERM = vt100
  LD_LIBRARY_PATH = :/usr/local/lib/
  PATH = /usr/local/sbin:/usr/local/bin:/usr/sbin:/usr/bin:/sbin:/bin:/usr/games:/usr/local/games:/home/vagrant/julia/bin/
  JAVA_HOME = /usr/lib/jvm/java-8-openjdk-amd64
  HOME = /home/vagrant
Packages:
  Package Directory: /home/vagrant/.julia/v0.7
  Package Status:
2 required packages:
 - DataFramesMeta                0.3.0
 - JSON                          0.16.3
18 additional packages:
 - BinDeps                       0.8.3
 - CategoricalArrays             0.3.3
 - CodecZlib                     0.4.2
 - Compat                        0.46.0
 - DataFrames                    0.11.4
 - DataStreams                   0.3.4
 - DataStructures                0.7.4
 - Missings                      0.2.4
 - NamedTuples                   4.0.0
 - Nullables                     0.0.3
 - Reexport                      0.1.0
 - SHA                           0.5.3
 - SortingAlgorithms             0.2.0
 - SpecialFunctions              0.3.7
 - StatsBase                     0.19.5
 - TranscodingStreams            0.4.1
 - URIParser                     0.3.0
 - WeakRefStrings                0.4.1
â”Œ Info: Computing test dependencies for DataFramesMeta...
â””                                                  @ Base.Pkg.Entry entry.jl:713
[ Info: Installing DataArrays v0.7.0               @ Base.Pkg.Entry entry.jl:543
[ Info: Installing Lazy v0.12.0                    @ Base.Pkg.Entry entry.jl:543
[ Info: Installing MacroTools v0.4.0               @ Base.Pkg.Entry entry.jl:543
[ Info: Building SpecialFunctions                                 @ Main none:10
WARNING: importing deprecated binding Base.Associative into BinDeps.
WARNING: Base.Associative is deprecated, use AbstractDict instead.
  likely near /home/vagrant/.julia/v0.7/SpecialFunctions/deps/binaries.jl:44
in @install at /home/vagrant/.julia/v0.7/BinDeps/src/dependencies.jl
â”Œ Error: ------------------------------------------------------------
â”‚ # Build failed for SpecialFunctions
â”‚   exception =
â”‚    LoadError: LoadError: UndefVarError: pushfront! not defined
â”‚    Stacktrace:
â”‚     [1] #_find_library#48(::Type, ::Function, ::BinDeps.LibraryDependency) at /home/vagrant/.julia/v0.7/BinDeps/src/dependencies.jl:652
â”‚     [2] _find_library at /home/vagrant/.julia/v0.7/BinDeps/src/dependencies.jl:641 [inlined]
â”‚     [3] satisfy!(::BinDeps.LibraryDependency, ::Array{DataType,1}) at /home/vagrant/.julia/v0.7/BinDeps/src/dependencies.jl:920 (repeats 2 times)
â”‚     [4] top-level scope at /home/vagrant/.julia/v0.7/BinDeps/src/dependencies.jl:975
â”‚     [5] include at ./boot.jl:293 [inlined]
â”‚     [6] include_relative(::Module, ::String) at ./loading.jl:521
â”‚     [7] include at ./sysimg.jl:26 [inlined]
â”‚     [8] include at ./loading.jl:555 [inlined]
â”‚     [9] top-level scope at ./<missing>:31
â”‚     [10] include at ./boot.jl:293 [inlined]
â”‚     [11] include_relative(::Module, ::String) at ./loading.jl:521
â”‚     [12] include at ./sysimg.jl:26 [inlined]
â”‚     [13] include(::String) at ./loading.jl:555
â”‚     [14] top-level scope
â”‚     [15] eval at ./boot.jl:296 [inlined]
â”‚     [16] eval at ./sysimg.jl:71 [inlined]
â”‚     [17] evalfile(::String, ::Array{String,1}) at ./loading.jl:550 (repeats 2 times)
â”‚     [18] #2 at ./none:12 [inlined]
â”‚     [19] cd(::getfield(, Symbol("##2#5")){String}, ::String) at ./file.jl:70
â”‚     [20] (::getfield(, Symbol("##1#3")))(::IOStream) at ./none:11
â”‚     [21] open(::getfield(, Symbol("##1#3")), ::String, ::String) at ./iostream.jl:310
â”‚     [22] top-level scope
â”‚     [23] eval at ./boot.jl:296 [inlined]
â”‚     [24] eval(::Module, ::Expr) at ./sysimg.jl:71
â”‚     [25] process_options(::Base.JLOptions) at ./client.jl:301
â”‚     [26] _start() at ./client.jl:375
â”‚    in expression starting at /home/vagrant/.julia/v0.7/SpecialFunctions/deps/binaries.jl:975
â”‚    in expression starting at /home/vagrant/.julia/v0.7/SpecialFunctions/deps/build.jl:6
â””                                                                 @ Main none:15
â”Œ Warning: ------------------------------------------------------------
â”‚ # Build error summary
â”‚ 
â”‚ SpecialFunctions had build errors.
â”‚ 
â”‚  - packages with build errors remain installed in /home/vagrant/.julia/v0.7
â”‚  - build the package(s) and all dependencies with `Pkg.build("SpecialFunctions")`
â”‚  - build a single package by running its `deps/build.jl` script
â””                                                  @ Base.Pkg.Entry entry.jl:656
[ Info: Testing DataFramesMeta                     @ Base.Pkg.Entry entry.jl:723
Running tests:
â”Œ Warning: Deprecated syntax `implicit assignment to global variable `anyerrors``.
â”‚ Use `global anyerrors` instead.
â””                                                               @ nothing none:0
WARNING: Base.Test is deprecated, run `using Test` instead.
  likely near /home/vagrant/.julia/v0.7/DataFramesMeta/test/dict.jl:3
ERROR: LoadError: SpecialFunctions is not properly installed. Please run Pkg.build("SpecialFunctions") and restart Julia.
Stacktrace:
 [1] error(::String) at ./error.jl:33
 [2] top-level scope at /home/vagrant/.julia/v0.7/SpecialFunctions/src/SpecialFunctions.jl:12
 [3] include at ./boot.jl:293 [inlined]
 [4] include_relative(::Module, ::String) at ./loading.jl:521
 [5] include(::Module, ::String) at ./sysimg.jl:26
 [6] top-level scope
 [7] eval at ./boot.jl:296 [inlined]
 [8] top-level scope at ./<missing>:2
in expression starting at /home/vagrant/.julia/v0.7/SpecialFunctions/src/SpecialFunctions.jl:12
ERROR: LoadError: Failed to precompile SpecialFunctions to /home/vagrant/.julia/lib/v0.7/SpecialFunctions.ji.
Stacktrace:
 [1] error at ./error.jl:33 [inlined]
 [2] compilecache(::String) at ./loading.jl:648
 [3] compilecache at ./loading.jl:605 [inlined]
 [4] _require(::Symbol) at ./loading.jl:440
 [5] require(::Symbol) at ./loading.jl:333
 [6] include at ./boot.jl:293 [inlined]
 [7] include_relative(::Module, ::String) at ./loading.jl:521
 [8] include(::Module, ::String) at ./sysimg.jl:26
 [9] top-level scope
 [10] eval at ./boot.jl:296 [inlined]
 [11] top-level scope at ./<missing>:2
in expression starting at /home/vagrant/.julia/v0.7/StatsBase/src/StatsBase.jl:10
ERROR: LoadError: Failed to precompile StatsBase to /home/vagrant/.julia/lib/v0.7/StatsBase.ji.
Stacktrace:
 [1] error at ./error.jl:33 [inlined]
 [2] compilecache(::String) at ./loading.jl:648
 [3] compilecache at ./loading.jl:605 [inlined]
 [4] _require(::Symbol) at ./loading.jl:440
 [5] require(::Symbol) at ./loading.jl:333
 [6] include at ./boot.jl:293 [inlined]
 [7] include_relative(::Module, ::String) at ./loading.jl:521
 [8] include(::Module, ::String) at ./sysimg.jl:26
 [9] top-level scope
 [10] eval at ./boot.jl:296 [inlined]
 [11] top-level scope at ./<missing>:2
in expression starting at /home/vagrant/.julia/v0.7/DataFrames/src/DataFrames.jl:10
	[1m[31mFAILED[0m: dict.jl
WARNING: Base.Test is deprecated, run `using Test` instead.
  likely near /home/vagrant/.julia/v0.7/DataFramesMeta/test/dataframes.jl:4
ERROR: LoadError: SpecialFunctions is not properly installed. Please run Pkg.build("SpecialFunctions") and restart Julia.
Stacktrace:
 [1] error(::String) at ./error.jl:33
 [2] top-level scope at /home/vagrant/.julia/v0.7/SpecialFunctions/src/SpecialFunctions.jl:12
 [3] include at ./boot.jl:293 [inlined]
 [4] include_relative(::Module, ::String) at ./loading.jl:521
 [5] include(::Module, ::String) at ./sysimg.jl:26
 [6] top-level scope
 [7] eval at ./boot.jl:296 [inlined]
 [8] top-level scope at ./<missing>:2
in expression starting at /home/vagrant/.julia/v0.7/SpecialFunctions/src/SpecialFunctions.jl:12
ERROR: LoadError: Failed to precompile SpecialFunctions to /home/vagrant/.julia/lib/v0.7/SpecialFunctions.ji.
Stacktrace:
 [1] error at ./error.jl:33 [inlined]
 [2] compilecache(::String) at ./loading.jl:648
 [3] compilecache at ./loading.jl:605 [inlined]
 [4] _require(::Symbol) at ./loading.jl:440
 [5] require(::Symbol) at ./loading.jl:333
 [6] include at ./boot.jl:293 [inlined]
 [7] include_relative(::Module, ::String) at ./loading.jl:521
 [8] include(::Module, ::String) at ./sysimg.jl:26
 [9] top-level scope
 [10] eval at ./boot.jl:296 [inlined]
 [11] top-level scope at ./<missing>:2
in expression starting at /home/vagrant/.julia/v0.7/StatsBase/src/StatsBase.jl:10
ERROR: LoadError: Failed to precompile StatsBase to /home/vagrant/.julia/lib/v0.7/StatsBase.ji.
Stacktrace:
 [1] error at ./error.jl:33 [inlined]
 [2] compilecache(::String) at ./loading.jl:648
 [3] compilecache at ./loading.jl:605 [inlined]
 [4] _require(::Symbol) at ./loading.jl:440
 [5] require(::Symbol) at ./loading.jl:333
 [6] include at ./boot.jl:293 [inlined]
 [7] include_relative(::Module, ::String) at ./loading.jl:521
 [8] include(::Module, ::String) at ./sysimg.jl:26
 [9] top-level scope
 [10] eval at ./boot.jl:296 [inlined]
 [11] top-level scope at ./<missing>:2
in expression starting at /home/vagrant/.julia/v0.7/DataArrays/src/DataArrays.jl:6
	[1m[31mFAILED[0m: dataframes.jl
WARNING: Base.Test is deprecated, run `using Test` instead.
  likely near /home/vagrant/.julia/v0.7/DataFramesMeta/test/compositedataframes.jl:4
ERROR: LoadError: SpecialFunctions is not properly installed. Please run Pkg.build("SpecialFunctions") and restart Julia.
Stacktrace:
 [1] error(::String) at ./error.jl:33
 [2] top-level scope at /home/vagrant/.julia/v0.7/SpecialFunctions/src/SpecialFunctions.jl:12
 [3] include at ./boot.jl:293 [inlined]
 [4] include_relative(::Module, ::String) at ./loading.jl:521
 [5] include(::Module, ::String) at ./sysimg.jl:26
 [6] top-level scope
 [7] eval at ./boot.jl:296 [inlined]
 [8] top-level scope at ./<missing>:2
in expression starting at /home/vagrant/.julia/v0.7/SpecialFunctions/src/SpecialFunctions.jl:12
ERROR: LoadError: Failed to precompile SpecialFunctions to /home/vagrant/.julia/lib/v0.7/SpecialFunctions.ji.
Stacktrace:
 [1] error at ./error.jl:33 [inlined]
 [2] compilecache(::String) at ./loading.jl:648
 [3] compilecache at ./loading.jl:605 [inlined]
 [4] _require(::Symbol) at ./loading.jl:440
 [5] require(::Symbol) at ./loading.jl:333
 [6] include at ./boot.jl:293 [inlined]
 [7] include_relative(::Module, ::String) at ./loading.jl:521
 [8] include(::Module, ::String) at ./sysimg.jl:26
 [9] top-level scope
 [10] eval at ./boot.jl:296 [inlined]
 [11] top-level scope at ./<missing>:2
in expression starting at /home/vagrant/.julia/v0.7/StatsBase/src/StatsBase.jl:10
ERROR: LoadError: Failed to precompile StatsBase to /home/vagrant/.julia/lib/v0.7/StatsBase.ji.
Stacktrace:
 [1] error at ./error.jl:33 [inlined]
 [2] compilecache(::String) at ./loading.jl:648
 [3] compilecache at ./loading.jl:605 [inlined]
 [4] _require(::Symbol) at ./loading.jl:440
 [5] require(::Symbol) at ./loading.jl:333
 [6] include at ./boot.jl:293 [inlined]
 [7] include_relative(::Module, ::String) at ./loading.jl:521
 [8] include(::Module, ::String) at ./sysimg.jl:26
 [9] top-level scope
 [10] eval at ./boot.jl:296 [inlined]
 [11] top-level scope at ./<missing>:2
in expression starting at /home/vagrant/.julia/v0.7/DataArrays/src/DataArrays.jl:6
	[1m[31mFAILED[0m: compositedataframes.jl
WARNING: Base.Test is deprecated, run `using Test` instead.
  likely near /home/vagrant/.julia/v0.7/DataFramesMeta/test/grouping.jl:5
ERROR: LoadError: SpecialFunctions is not properly installed. Please run Pkg.build("SpecialFunctions") and restart Julia.
Stacktrace:
 [1] error(::String) at ./error.jl:33
 [2] top-level scope at /home/vagrant/.julia/v0.7/SpecialFunctions/src/SpecialFunctions.jl:12
 [3] include at ./boot.jl:293 [inlined]
 [4] include_relative(::Module, ::String) at ./loading.jl:521
 [5] include(::Module, ::String) at ./sysimg.jl:26
 [6] top-level scope
 [7] eval at ./boot.jl:296 [inlined]
 [8] top-level scope at ./<missing>:2
in expression starting at /home/vagrant/.julia/v0.7/SpecialFunctions/src/SpecialFunctions.jl:12
ERROR: LoadError: Failed to precompile SpecialFunctions to /home/vagrant/.julia/lib/v0.7/SpecialFunctions.ji.
Stacktrace:
 [1] error at ./error.jl:33 [inlined]
 [2] compilecache(::String) at ./loading.jl:648
 [3] compilecache at ./loading.jl:605 [inlined]
 [4] _require(::Symbol) at ./loading.jl:440
 [5] require(::Symbol) at ./loading.jl:333
 [6] include at ./boot.jl:293 [inlined]
 [7] include_relative(::Module, ::String) at ./loading.jl:521
 [8] include(::Module, ::String) at ./sysimg.jl:26
 [9] top-level scope
 [10] eval at ./boot.jl:296 [inlined]
 [11] top-level scope at ./<missing>:2
in expression starting at /home/vagrant/.julia/v0.7/StatsBase/src/StatsBase.jl:10
ERROR: LoadError: Failed to precompile StatsBase to /home/vagrant/.julia/lib/v0.7/StatsBase.ji.
Stacktrace:
 [1] error at ./error.jl:33 [inlined]
 [2] compilecache(::String) at ./loading.jl:648
 [3] compilecache at ./loading.jl:605 [inlined]
 [4] _require(::Symbol) at ./loading.jl:440
 [5] require(::Symbol) at ./loading.jl:333
 [6] include at ./boot.jl:293 [inlined]
 [7] include_relative(::Module, ::String) at ./loading.jl:521
 [8] include(::Module, ::String) at ./sysimg.jl:26
 [9] top-level scope
 [10] eval at ./boot.jl:296 [inlined]
 [11] top-level scope at ./<missing>:2
in expression starting at /home/vagrant/.julia/v0.7/DataArrays/src/DataArrays.jl:6
	[1m[31mFAILED[0m: grouping.jl
WARNING: Base.Test is deprecated, run `using Test` instead.
  likely near /home/vagrant/.julia/v0.7/DataFramesMeta/test/chaining.jl:3
ERROR: LoadError: SpecialFunctions is not properly installed. Please run Pkg.build("SpecialFunctions") and restart Julia.
Stacktrace:
 [1] error(::String) at ./error.jl:33
 [2] top-level scope at /home/vagrant/.julia/v0.7/SpecialFunctions/src/SpecialFunctions.jl:12
 [3] include at ./boot.jl:293 [inlined]
 [4] include_relative(::Module, ::String) at ./loading.jl:521
 [5] include(::Module, ::String) at ./sysimg.jl:26
 [6] top-level scope
 [7] eval at ./boot.jl:296 [inlined]
 [8] top-level scope at ./<missing>:2
in expression starting at /home/vagrant/.julia/v0.7/SpecialFunctions/src/SpecialFunctions.jl:12
ERROR: LoadError: Failed to precompile SpecialFunctions to /home/vagrant/.julia/lib/v0.7/SpecialFunctions.ji.
Stacktrace:
 [1] error at ./error.jl:33 [inlined]
 [2] compilecache(::String) at ./loading.jl:648
 [3] compilecache at ./loading.jl:605 [inlined]
 [4] _require(::Symbol) at ./loading.jl:440
 [5] require(::Symbol) at ./loading.jl:333
 [6] include at ./boot.jl:293 [inlined]
 [7] include_relative(::Module, ::String) at ./loading.jl:521
 [8] include(::Module, ::String) at ./sysimg.jl:26
 [9] top-level scope
 [10] eval at ./boot.jl:296 [inlined]
 [11] top-level scope at ./<missing>:2
in expression starting at /home/vagrant/.julia/v0.7/StatsBase/src/StatsBase.jl:10
ERROR: LoadError: Failed to precompile StatsBase to /home/vagrant/.julia/lib/v0.7/StatsBase.ji.
Stacktrace:
 [1] error at ./error.jl:33 [inlined]
 [2] compilecache(::String) at ./loading.jl:648
 [3] compilecache at ./loading.jl:605 [inlined]
 [4] _require(::Symbol) at ./loading.jl:440
 [5] require(::Symbol) at ./loading.jl:333
 [6] include at ./boot.jl:293 [inlined]
 [7] include_relative(::Module, ::String) at ./loading.jl:521
 [8] include(::Module, ::String) at ./sysimg.jl:26
 [9] top-level scope
 [10] eval at ./boot.jl:296 [inlined]
 [11] top-level scope at ./<missing>:2
in expression starting at /home/vagrant/.julia/v0.7/DataArrays/src/DataArrays.jl:6
	[1m[31mFAILED[0m: chaining.jl
WARNING: Base.Test is deprecated, run `using Test` instead.
  likely near /home/vagrant/.julia/v0.7/DataFramesMeta/test/linqmacro.jl:3
ERROR: LoadError: SpecialFunctions is not properly installed. Please run Pkg.build("SpecialFunctions") and restart Julia.
Stacktrace:
 [1] error(::String) at ./error.jl:33
 [2] top-level scope at /home/vagrant/.julia/v0.7/SpecialFunctions/src/SpecialFunctions.jl:12
 [3] include at ./boot.jl:293 [inlined]
 [4] include_relative(::Module, ::String) at ./loading.jl:521
 [5] include(::Module, ::String) at ./sysimg.jl:26
 [6] top-level scope
 [7] eval at ./boot.jl:296 [inlined]
 [8] top-level scope at ./<missing>:2
in expression starting at /home/vagrant/.julia/v0.7/SpecialFunctions/src/SpecialFunctions.jl:12
ERROR: LoadError: Failed to precompile SpecialFunctions to /home/vagrant/.julia/lib/v0.7/SpecialFunctions.ji.
Stacktrace:
 [1] error at ./error.jl:33 [inlined]
 [2] compilecache(::String) at ./loading.jl:648
 [3] compilecache at ./loading.jl:605 [inlined]
 [4] _require(::Symbol) at ./loading.jl:440
 [5] require(::Symbol) at ./loading.jl:333
 [6] include at ./boot.jl:293 [inlined]
 [7] include_relative(::Module, ::String) at ./loading.jl:521
 [8] include(::Module, ::String) at ./sysimg.jl:26
 [9] top-level scope
 [10] eval at ./boot.jl:296 [inlined]
 [11] top-level scope at ./<missing>:2
in expression starting at /home/vagrant/.julia/v0.7/StatsBase/src/StatsBase.jl:10
ERROR: LoadError: Failed to precompile StatsBase to /home/vagrant/.julia/lib/v0.7/StatsBase.ji.
Stacktrace:
 [1] error at ./error.jl:33 [inlined]
 [2] compilecache(::String) at ./loading.jl:648
 [3] compilecache at ./loading.jl:605 [inlined]
 [4] _require(::Symbol) at ./loading.jl:440
 [5] require(::Symbol) at ./loading.jl:333
 [6] include at ./boot.jl:293 [inlined]
 [7] include_relative(::Module, ::String) at ./loading.jl:521
 [8] include(::Module, ::String) at ./sysimg.jl:26
 [9] top-level scope
 [10] eval at ./boot.jl:296 [inlined]
 [11] top-level scope at ./<missing>:2
in expression starting at /home/vagrant/.julia/v0.7/DataArrays/src/DataArrays.jl:6
	[1m[31mFAILED[0m: linqmacro.jl
ERROR: LoadError: "Tests failed"
Stacktrace:
 [1] top-level scope at /home/vagrant/.julia/v0.7/DataFramesMeta/test/runtests.jl:27
 [2] include at ./boot.jl:293 [inlined]
 [3] include_relative(::Module, ::String) at ./loading.jl:521
 [4] include(::Module, ::String) at ./sysimg.jl:26
 [5] process_options(::Base.JLOptions) at ./client.jl:324
 [6] _start() at ./client.jl:375
in expression starting at /home/vagrant/.julia/v0.7/DataFramesMeta/test/runtests.jl:27
â”Œ Error: ------------------------------------------------------------
â”‚ # Testing failed for DataFramesMeta
â”‚   exception =
â”‚    failed process: Process(`/home/vagrant/julia/bin/julia -Cnative -J/home/vagrant/julia/lib/julia/sys.so --compile=yes --depwarn=yes --code-coverage=none --color=no --compiled-modules=yes --check-bounds=yes --warn-overwrite=yes --startup-file=yes /home/vagrant/.julia/v0.7/DataFramesMeta/test/runtests.jl`, ProcessExited(1)) [1]
â”‚    Stacktrace:
â”‚     [1] error(::String, ::Base.Process, ::String, ::Int64, ::String) at ./error.jl:42
â”‚     [2] pipeline_error(::Base.Process) at ./process.jl:707
â”‚     [3] run(::Cmd) at ./process.jl:669
â”‚     [4] (::getfield(Base.Pkg.Entry, Symbol("##91#94")){Bool,String,Array{AbstractString,1}})() at ./pkg/entry.jl:736
â”‚     [5] cd(::getfield(Base.Pkg.Entry, Symbol("##91#94")){Bool,String,Array{AbstractString,1}}, ::String) at ./file.jl:70
â”‚     [6] #test!#90(::Bool, ::Function, ::String, ::Array{AbstractString,1}, ::Array{AbstractString,1}, ::Array{AbstractString,1}) at ./pkg/entry.jl:724
â”‚     [7] (::getfield(Base.Pkg.Entry, Symbol("#kw##test!")))(::NamedTuple{(:coverage,),Tuple{Bool}}, ::typeof(Base.Pkg.Entry.test!), ::String, ::Array{AbstractString,1}, ::Array{AbstractString,1}, ::Array{AbstractString,1}) at ./<missing>:0
â”‚     [8] #test#98(::Bool, ::Function, ::Array{AbstractString,1}) at ./pkg/entry.jl:763
â”‚     [9] (::getfield(Base.Pkg.Entry, Symbol("#kw##test")))(::NamedTuple{(:coverage,),Tuple{Bool}}, ::typeof(Base.Pkg.Entry.test), ::Array{AbstractString,1}) at ./<missing>:0
â”‚     [10] (::getfield(Base.Pkg.Dir, Symbol("##4#7")){Base.Iterators.IndexValue{Symbol,Bool,Tuple{Symbol},NamedTuple{(:coverage,),Tuple{Bool}}},typeof(Base.Pkg.Entry.test),Tuple{Array{AbstractString,1}}})() at ./pkg/dir.jl:36
â”‚     [11] cd(::getfield(Base.Pkg.Dir, Symbol("##4#7")){Base.Iterators.IndexValue{Symbol,Bool,Tuple{Symbol},NamedTuple{(:coverage,),Tuple{Bool}}},typeof(Base.Pkg.Entry.test),Tuple{Array{AbstractString,1}}}, ::String) at ./file.jl:70
â”‚     [12] #cd#1(::Base.Iterators.IndexValue{Symbol,Bool,Tuple{Symbol},NamedTuple{(:coverage,),Tuple{Bool}}}, ::Function, ::Function, ::Array{AbstractString,1}, ::Vararg{Array{AbstractString,1},N} where N) at ./pkg/dir.jl:36
â”‚     [13] (::getfield(Base.Pkg.Dir, Symbol("#kw##cd")))(::NamedTuple{(:coverage,),Tuple{Bool}}, ::typeof(Base.Pkg.Dir.cd), ::Function, ::Array{AbstractString,1}, ::Vararg{Array{AbstractString,1},N} where N) at ./<missing>:0
â”‚     [14] #test#3(::Bool, ::Function, ::String, ::Vararg{String,N} where N) at ./pkg/pkg.jl:274
â”‚     [15] test(::String, ::Vararg{String,N} where N) at ./pkg/pkg.jl:274
â”‚     [16] top-level scope
â”‚     [17] eval at ./boot.jl:296 [inlined]
â”‚     [18] eval(::Module, ::Expr) at ./sysimg.jl:71
â”‚     [19] process_options(::Base.JLOptions) at ./client.jl:301
â”‚     [20] _start() at ./client.jl:375
â””                                                  @ Base.Pkg.Entry entry.jl:739
[ Info: Removing DataArrays v0.7.0                 @ Base.Pkg.Entry entry.jl:546
[ Info: Removing Lazy v0.12.0                      @ Base.Pkg.Entry entry.jl:546
[ Info: Removing MacroTools v0.4.0                 @ Base.Pkg.Entry entry.jl:546
ERROR: DataFramesMeta had test errors

>>> End of log
