>>> 'Pkg.add("EcologicalNetwork")' log
INFO: Cloning cache of EcologicalNetwork from https://github.com/PoisotLab/EcologicalNetwork.jl.git
INFO: Installing BinDeps v0.4.5
INFO: Installing Cairo v0.2.35
INFO: Installing ColorTypes v0.3.4
INFO: Installing Colors v0.7.3
INFO: Installing DataStructures v0.5.2
INFO: Installing Docile v0.5.23
INFO: Installing EcologicalNetwork v1.0.1
INFO: Installing FixedPointNumbers v0.3.3
INFO: Installing Graphics v0.1.3
INFO: Installing Lexicon v0.1.18
INFO: Installing Logging v0.3.1
INFO: Installing Reexport v0.0.3
INFO: Installing SHA v0.3.1
INFO: Installing SpecialFunctions v0.1.0
INFO: Installing StatsBase v0.13.1
INFO: Installing URIParser v0.1.8
INFO: Building Cairo
INFO: Package database updated
INFO: METADATA is out-of-date â€” you may not have the latest version of EcologicalNetwork
INFO: Use `Pkg.update()` to get the latest versions of your packages

>>> 'Pkg.test("EcologicalNetwork")' log
Julia Version 0.5.0
Commit 3c9d753 (2016-09-19 18:14 UTC)
Platform Info:
  System: Linux (x86_64-pc-linux-gnu)
  CPU: Intel(R) Xeon(R) CPU E3-1241 v3 @ 3.50GHz
  WORD_SIZE: 64
           Ubuntu 14.04.5 LTS
  uname: Linux 3.13.0-108-generic #155-Ubuntu SMP Wed Jan 11 16:58:52 UTC 2017 x86_64 x86_64
Memory: 2.9392738342285156 GB (879.02734375 MB free)
Uptime: 28303.0 sec
Load Avg:  0.9091796875  0.95751953125  1.029296875
Intel(R) Xeon(R) CPU E3-1241 v3 @ 3.50GHz: 
       speed         user         nice          sys         idle          irq
#1  3500 MHz    1671098 s       6960 s     135256 s     662300 s        144 s
#2  3500 MHz     583134 s        394 s      85734 s    2032444 s          6 s

  BLAS: libopenblas (USE64BITINT DYNAMIC_ARCH NO_AFFINITY Nehalem)
  LAPACK: libopenblas64_
  LIBM: libopenlibm
  LLVM: libLLVM-3.7.1 (ORCJIT, haswell)
Environment:
  TERM = vt100
  LD_LIBRARY_PATH = :/usr/local/lib/
  PATH = /usr/local/sbin:/usr/local/bin:/usr/sbin:/usr/bin:/sbin:/bin:/usr/games:/usr/local/games:/home/vagrant/julia/bin/
  JAVA_HOME = /usr/lib/jvm/java-7-oracle
  HOME = /home/vagrant

Package Directory: /home/vagrant/.julia/v0.5
2 required packages:
 - EcologicalNetwork             1.0.1
 - JSON                          0.8.3
16 additional packages:
 - BinDeps                       0.4.5
 - Cairo                         0.2.35
 - ColorTypes                    0.3.4
 - Colors                        0.7.3
 - Compat                        0.18.0
 - DataStructures                0.5.2
 - Docile                        0.5.23
 - FixedPointNumbers             0.3.3
 - Graphics                      0.1.3
 - Lexicon                       0.1.18
 - Logging                       0.3.1
 - Reexport                      0.0.3
 - SHA                           0.3.1
 - SpecialFunctions              0.1.0
 - StatsBase                     0.13.1
 - URIParser                     0.1.8
INFO: Testing EcologicalNetwork
WARNING: Method definition info(Any...) in module Base at util.jl:320 overwritten in module Logging at /home/vagrant/.julia/v0.5/Logging/src/Logging.jl:115.
WARNING: Method definition warn(Any...) in module Base at util.jl:350 overwritten in module Logging at /home/vagrant/.julia/v0.5/Logging/src/Logging.jl:115.
WARNING: Method definition warn(Any...) in module Base at util.jl:350 overwritten in module Logging at /home/vagrant/.julia/v0.5/Logging/src/Logging.jl:115.
WARNING: Method definition info(Any...) in module Base at util.jl:320 overwritten in module Logging at /home/vagrant/.julia/v0.5/Logging/src/Logging.jl:115.
	[1m[32mPASSED[0m: utils.jl
	[1m[32mPASSED[0m: degree.jl
	[1m[32mPASSED[0m: connectance.jl
	[1m[32mPASSED[0m: nestedness.jl
	[1m[32mPASSED[0m: nullmodels.jl
WARNING: remotecall_fetch(id::Integer,f::Function,args...) is deprecated, use remotecall_fetch(f,id::Integer,args...) instead.
 in depwarn(::String, ::Symbol) at ./deprecated.jl:64
 in remotecall_fetch(::Int64, ::Function, ::Array{Float64,2}, ::Vararg{Array{Float64,2},N}) at ./deprecated.jl:50
 in macro expansion at /home/vagrant/.julia/v0.5/EcologicalNetwork/src/./nullmodels.jl:100 [inlined]
 in (::EcologicalNetwork.##15#18{Int64,Array{Float64,2}})() at ./task.jl:360
while loading /home/vagrant/.julia/v0.5/EcologicalNetwork/test/nullmodelswrapper.jl, in expression starting on line 7
	[1m[31mFAILED[0m: nullmodelswrapper.jl
LoadError: UndefVarError: float64 not defined
 in (::Base.##600#601{EcologicalNetwork.#make_bernoulli,Tuple{Array{Float64,2}},Array{Any,1}})() at ./multi.jl:1030
 in run_work_thunk(::Base.##600#601{EcologicalNetwork.#make_bernoulli,Tuple{Array{Float64,2}},Array{Any,1}}, ::Bool) at ./multi.jl:1001
 in #remotecall_fetch#605(::Array{Any,1}, ::Function, ::Function, ::Base.LocalProcess, ::Array{Float64,2}, ::Vararg{Array{Float64,2},N}) at ./multi.jl:1055
 in remotecall_fetch(::Function, ::Base.LocalProcess, ::Array{Float64,2}, ::Vararg{Array{Float64,2},N}) at ./multi.jl:1055
 in #remotecall_fetch#609(::Array{Any,1}, ::Function, ::Function, ::Int64, ::Array{Float64,2}, ::Vararg{Array{Float64,2},N}) at ./multi.jl:1080
 in remotecall_fetch(::Function, ::Int64, ::Array{Float64,2}, ::Vararg{Array{Float64,2},N}) at ./multi.jl:1080
 in remotecall_fetch(::Int64, ::Function, ::Array{Float64,2}, ::Vararg{Array{Float64,2},N}) at ./deprecated.jl:52
 in macro expansion at /home/vagrant/.julia/v0.5/EcologicalNetwork/src/./nullmodels.jl:100 [inlined]
 in (::EcologicalNetwork.##15#18{Int64,Array{Float64,2}})() at ./task.jl:360
 in #remotecall_fetch#605(::Array{Any,1}, ::Function, ::Function, ::Base.LocalProcess, ::Array{Float64,2}, ::Vararg{Array{Float64,2},N}) at ./multi.jl:1056
 in remotecall_fetch(::Function, ::Base.LocalProcess, ::Array{Float64,2}, ::Vararg{Array{Float64,2},N}) at ./multi.jl:1055
 in #remotecall_fetch#609(::Array{Any,1}, ::Function, ::Function, ::Int64, ::Array{Float64,2}, ::Vararg{Array{Float64,2},N}) at ./multi.jl:1080
 in remotecall_fetch(::Function, ::Int64, ::Array{Float64,2}, ::Vararg{Array{Float64,2},N}) at ./multi.jl:1080
 in remotecall_fetch(::Int64, ::Function, ::Array{Float64,2}, ::Vararg{Array{Float64,2},N}) at ./deprecated.jl:52
 in macro expansion at /home/vagrant/.julia/v0.5/EcologicalNetwork/src/./nullmodels.jl:100 [inlined]
 in (::EcologicalNetwork.##15#18{Int64,Array{Float64,2}})() at ./task.jl:360
 in macro expansion; at /home/vagrant/.julia/v0.5/EcologicalNetwork/test/runtests.jl:28 [inlined]
 in anonymous at ./<missing>:?
 in include_from_node1(::String) at ./loading.jl:488
 in process_options(::Base.JLOptions) at ./client.jl:262
 in _start() at ./client.jl:318
while loading /home/vagrant/.julia/v0.5/EcologicalNetwork/test/nullmodelswrapper.jl, in expression starting on line 7
	[1m[32mPASSED[0m: centrality.jl
	[1m[32mPASSED[0m: make_unipartite.jl
	[1m[32mPASSED[0m: free_species.jl
	[1m[32mPASSED[0m: paths.jl
	[1m[32mPASSED[0m: modularity.jl
	[1m[32mPASSED[0m: betadiversity.jl
Error During Test
  Test threw an exception of type ErrorException
  Expression: motif(B,B) == 1.0
  combinations(1:3,3) has been moved to the package Combinatorics.jl.
  Run Pkg.add("Combinatorics") to install Combinatorics on Julia v0.5-
   in combinations(::UnitRange{Int64}, ::Vararg{Any,N}) at ./deprecated.jl:200
   in count_motifs(::Array{Float64,2}, ::Array{Float64,2}) at /home/vagrant/.julia/v0.5/EcologicalNetwork/src/./motifs.jl:50
   in motif(::Array{Float64,2}, ::Array{Float64,2}) at /home/vagrant/.julia/v0.5/EcologicalNetwork/src/./motifs.jl:61
   in include_from_node1(::String) at ./loading.jl:488
   in macro expansion; at /home/vagrant/.julia/v0.5/EcologicalNetwork/test/runtests.jl:23 [inlined]
   in anonymous at ./<missing>:?
   in include_from_node1(::String) at ./loading.jl:488
   in process_options(::Base.JLOptions) at ./client.jl:262
   in _start() at ./client.jl:318
	[1m[31mFAILED[0m: motifs.jl
LoadError: There was an error during testing
 in macro expansion; at /home/vagrant/.julia/v0.5/EcologicalNetwork/test/runtests.jl:28 [inlined]
 in anonymous at ./<missing>:?
 in include_from_node1(::String) at ./loading.jl:488
 in process_options(::Base.JLOptions) at ./client.jl:262
 in _start() at ./client.jl:318
while loading /home/vagrant/.julia/v0.5/EcologicalNetwork/test/motifs.jl, in expression starting on line 21
ERROR: LoadError: "Tests failed"
 in include_from_node1(::String) at ./loading.jl:488
 in process_options(::Base.JLOptions) at ./client.jl:262
 in _start() at ./client.jl:318
while loading /home/vagrant/.julia/v0.5/EcologicalNetwork/test/runtests.jl, in expression starting on line 34
==========================[ ERROR: EcologicalNetwork ]==========================

failed process: Process(`/home/vagrant/julia/bin/julia -Cx86-64 -J/home/vagrant/julia/lib/julia/sys.so --compile=yes --depwarn=yes --check-bounds=yes --code-coverage=none --color=no --compilecache=yes /home/vagrant/.julia/v0.5/EcologicalNetwork/test/runtests.jl`, ProcessExited(1)) [1]

================================================================================
ERROR: EcologicalNetwork had test errors
 in #test#61(::Bool, ::Function, ::Array{AbstractString,1}) at ./pkg/entry.jl:740
 in (::Base.Pkg.Entry.#kw##test)(::Array{Any,1}, ::Base.Pkg.Entry.#test, ::Array{AbstractString,1}) at ./<missing>:0
 in (::Base.Pkg.Dir.##2#3{Array{Any,1},Base.Pkg.Entry.#test,Tuple{Array{AbstractString,1}}})() at ./pkg/dir.jl:31
 in cd(::Base.Pkg.Dir.##2#3{Array{Any,1},Base.Pkg.Entry.#test,Tuple{Array{AbstractString,1}}}, ::String) at ./file.jl:59
 in #cd#1(::Array{Any,1}, ::Function, ::Function, ::Array{AbstractString,1}, ::Vararg{Array{AbstractString,1},N}) at ./pkg/dir.jl:31
 in (::Base.Pkg.Dir.#kw##cd)(::Array{Any,1}, ::Base.Pkg.Dir.#cd, ::Function, ::Array{AbstractString,1}, ::Vararg{Array{AbstractString,1},N}) at ./<missing>:0
 in #test#3(::Bool, ::Function, ::String, ::Vararg{String,N}) at ./pkg/pkg.jl:258
 in test(::String, ::Vararg{String,N}) at ./pkg/pkg.jl:258
 in eval(::Module, ::Any) at ./boot.jl:234
 in process_options(::Base.JLOptions) at ./client.jl:239
 in _start() at ./client.jl:318

>>> End of log
