>>> 'Pkg.add("ElasticFDA")' log
INFO: Cloning cache of ElasticFDA from git://github.com/jdtuck/ElasticFDA.jl.git
INFO: Installing ArrayViews v0.6.3
INFO: Installing Cairo v0.2.29
INFO: Installing ColorTypes v0.1.3
INFO: Installing Colors v0.5.2
INFO: Installing Cpp v0.1.0
INFO: Installing Dierckx v0.1.6
INFO: Installing Distributions v0.8.5
INFO: Installing Docile v0.5.17
INFO: Installing ElasticFDA v0.0.4
INFO: Installing FixedPointNumbers v0.0.10
INFO: Installing Graphics v0.1.3
INFO: Installing Grid v0.3.10
INFO: Installing IniFile v0.2.4
INFO: Installing MathProgBase v0.3.17
INFO: Installing NLopt v0.2.2
INFO: Installing PDMats v0.3.5
INFO: Installing ProgressMeter v0.2.0
INFO: Installing Reexport v0.0.3
INFO: Installing StatsBase v0.7.2
INFO: Installing StatsFuns v0.1.3
INFO: Installing Tk v0.3.6
INFO: Installing Winston v0.11.12
INFO: Installing WoodburyMatrices v0.1.1
INFO: Building Cairo
INFO: Building Cpp
gcc -Wall -O2 -shared -fPIC demo.cpp   -o libdemo.so
INFO: Building Dierckx
make: Nothing to be done for `all'.
INFO: Building Tk
INFO: Building NLopt
INFO: Building ElasticFDA
gcc -fPIC -Wall -Wextra -O3 -g    -c -o DP.o DP.c
DP.c: In function ‘DP’:
DP.c:39:70: warning: unused parameter ‘Disp’ [-Wunused-parameter]
 void DP(double *q1, double *q2, int *n1, int *N1, double *lam1, int *Disp, double *yy) {
                                                                      ^
DP.c: In function ‘CostFn2’:
DP.c:179:34: warning: unused variable ‘sqrtm’ [-Wunused-variable]
  double m = (j-l)/(double)(i-k), sqrtm = sqrt(m), E = 0, y, tmp, ip, fp;
                                  ^
DP.c:178:48: warning: unused parameter ‘q2’ [-Wunused-parameter]
 double CostFn2(const double *q1, const double *q2, const double *q2L, int k, int l, int i, int j, int n, int N, int M, double lam) {
                                                ^
DP.c:178:127: warning: unused parameter ‘lam’ [-Wunused-parameter]
 double CostFn2(const double *q1, const double *q2, const double *q2L, int k, int l, int i, int j, int n, int N, int M, double lam) {
                                                                                                                               ^
gcc -fPIC -Wall -Wextra -O3 -g    -c -o DynamicProgrammingQ2.o DynamicProgrammingQ2.c
gcc -fPIC -Wall -Wextra -O3 -g    -c -o dp_grid.o dp_grid.c
gcc -fPIC -Wall -Wextra -O3 -g    -c -o fpls_warp_grad.o fpls_warp_grad.c
fpls_warp_grad.c: In function ‘fpls_warp_grad’:
fpls_warp_grad.c:35:41: warning: unused variable ‘gamI_ptr’ [-Wunused-variable]
  double *grad_ptr, *rfi_ptr, *rgi_ptr, *gamI_ptr;
                                         ^
fpls_warp_grad.c:34:53: warning: unused variable ‘tmpj_ptr’ [-Wunused-variable]
  double *xout_ptr, *tmp_ptr, *tmp1_ptr, *tmpi_ptr, *tmpj_ptr;
                                                     ^
fpls_warp_grad.c:23:80: warning: unused variable ‘gamI’ [-Wunused-variable]
  double psi1[TT*N], gam2[TT*N], rfi_diff[TT], rgi_diff[TT], grad[TT], vec[TT], gamI[TT];
                                                                                ^
fpls_warp_grad.c:21:9: warning: unused variable ‘tmp2’ [-Wunused-variable]
  double tmp2 = 0;
         ^
fpls_warp_grad.c:14:18: warning: unused variable ‘gam’ [-Wunused-variable]
  double t = *ti, gam = *gami;
                  ^
fpls_warp_grad.c:14:9: warning: unused variable ‘t’ [-Wunused-variable]
  double t = *ti, gam = *gami;
         ^
gcc -fPIC -Wall -Wextra -O3 -g    -c -o misc_funcs.o misc_funcs.c
misc_funcs.c: In function ‘SqrtMeanInverse’:
misc_funcs.c:462:49: warning: variable ‘v’ set but not used [-Wunused-but-set-variable]
     double psi[T*n], gam[T*n], mu[T], vec[T*n], v[T], y[T], tmpi, len, vm[T], mnpsi[T], dqq[n];
                                                 ^
gcc -fPIC -Wall -Wextra -O3 -g    -c -o mlogit_warp_grad.o mlogit_warp_grad.c
mlogit_warp_grad.c: In function ‘mlogit_warp_grad’:
mlogit_warp_grad.c:15:9: warning: unused variable ‘t’ [-Wunused-variable]
  double t = *ti;
         ^
gcc -fPIC -Wall -Wextra -O3 -g    -c -o oclogit_warp_grad.o oclogit_warp_grad.c
oclogit_warp_grad.c: In function ‘oclogit_warp_grad’:
oclogit_warp_grad.c:33:40: warning: variable ‘tmp5_ptr’ set but not used [-Wunused-but-set-variable]
  double *ftmp_ptr, *c_ptr, *cbar_ptr, *tmp5_ptr, *hpsi_ptr, *psi_ptr;
                                        ^
oclogit_warp_grad.c:31:57: warning: unused variable ‘A_ptr’ [-Wunused-variable]
  double *t_ptr, *gam1_ptr, *f_basis_ptr, *q_tilde_ptr, *A_ptr, *nu_ptr;
                                                         ^
oclogit_warp_grad.c:31:29: warning: variable ‘f_basis_ptr’ set but not used [-Wunused-but-set-variable]
  double *t_ptr, *gam1_ptr, *f_basis_ptr, *q_tilde_ptr, *A_ptr, *nu_ptr;
                             ^
oclogit_warp_grad.c:28:9: warning: variable ‘max_val_change’ set but not used [-Wunused-but-set-variable]
  double max_val_change, res_cos, res_sin, hO;
         ^
gcc -fPIC -Wall -Wextra -O3 -g    -c -o ocmlogit_warp_grad.o ocmlogit_warp_grad.c
ocmlogit_warp_grad.c: In function ‘ocmlogit_warp_grad’:
ocmlogit_warp_grad.c:38:21: warning: variable ‘tmp5_ptr’ set but not used [-Wunused-but-set-variable]
  double *ftmp_ptr, *tmp5_ptr, *tmp6_ptr, *tmp7_ptr, *tmp8_ptr;
                     ^
ocmlogit_warp_grad.c:37:10: warning: unused variable ‘hO_ptr’ [-Wunused-variable]
  double *hO_ptr, *O_tmp_ptr, *q_tilde_diff_ptr, *c_ptr, *cbar_ptr;
          ^
ocmlogit_warp_grad.c:36:50: warning: unused variable ‘tmp4_ptr’ [-Wunused-variable]
  double *tmp2_ptr, *tmp3_ptr, *O1_ptr, *O2_ptr, *tmp4_ptr;
                                                  ^
ocmlogit_warp_grad.c:36:41: warning: unused variable ‘O2_ptr’ [-Wunused-variable]
  double *tmp2_ptr, *tmp3_ptr, *O1_ptr, *O2_ptr, *tmp4_ptr;
                                         ^
ocmlogit_warp_grad.c:36:21: warning: unused variable ‘tmp3_ptr’ [-Wunused-variable]
  double *tmp2_ptr, *tmp3_ptr, *O1_ptr, *O2_ptr, *tmp4_ptr;
                     ^
ocmlogit_warp_grad.c:35:27: warning: unused variable ‘E_ptr’ [-Wunused-variable]
  double *nu_ptr, *B_ptr, *E_ptr, *q_tmp_ptr, *alpha_ptr;
                           ^
ocmlogit_warp_grad.c:34:40: warning: unused variable ‘tmpi_ptr’ [-Wunused-variable]
  double *t_ptr, *f_basis_ptr, *A_ptr, *tmpi_ptr, *q_tilde_ptr;
                                        ^
ocmlogit_warp_grad.c:34:18: warning: variable ‘f_basis_ptr’ set but not used [-Wunused-but-set-variable]
  double *t_ptr, *f_basis_ptr, *A_ptr, *tmpi_ptr, *q_tilde_ptr;
                  ^
ocmlogit_warp_grad.c:31:9: warning: variable ‘max_val_change’ set but not used [-Wunused-but-set-variable]
  double max_val_change, res_cos, res_sin, theta, thetanew;
         ^
ocmlogit_warp_grad.c:24:39: warning: unused variable ‘E’ [-Wunused-variable]
  double t[TT], O1[4], O2[4], binsize, E[4], A[m], O_tmp[4];
                                       ^
ocmlogit_warp_grad.c:19:15: warning: unused variable ‘kk’ [-Wunused-variable]
  int k, j, l, kk, jj;
               ^
gcc -fPIC -Wall -Wextra -O3 -g  DP.o DynamicProgrammingQ2.o dp_grid.o fpls_warp_grad.o misc_funcs.o mlogit_warp_grad.o oclogit_warp_grad.o ocmlogit_warp_grad.o -o fdasrsf.so -shared   
g++ -fPIC -O3 -g -lopenblas  -Iincl/ -c -o src/DriverElasticCurvesRO.o src/DriverElasticCurvesRO.cpp
In file included from incl/DriverElasticCurvesRO.h:26:0,
                 from src/DriverElasticCurvesRO.cpp:2:
incl/RBroydenFamily.h:10:86: error: ‘nullptr’ was not declared in this scope
  RBroydenFamily(const Problem *prob, const Variable *initialx, LinearOPE *initialH = nullptr);
                                                                                      ^
In file included from incl/DriverElasticCurvesRO.h:27:0,
                 from src/DriverElasticCurvesRO.cpp:2:
incl/RWRBFGS.h:10:79: error: ‘nullptr’ was not declared in this scope
  RWRBFGS(const Problem *prob, const Variable *initialx, LinearOPE *initialH = nullptr);
                                                                               ^
In file included from incl/DriverElasticCurvesRO.h:28:0,
                 from src/DriverElasticCurvesRO.cpp:2:
incl/RBFGS.h:10:77: error: ‘nullptr’ was not declared in this scope
  RBFGS(const Problem *prob, const Variable *initialx, LinearOPE *initialH = nullptr);
                                                                             ^
In file included from incl/DriverElasticCurvesRO.h:34:0,
                 from src/DriverElasticCurvesRO.cpp:2:
incl/RTRSR1.h:10:78: error: ‘nullptr’ was not declared in this scope
  RTRSR1(const Problem *prob, const Variable *initialx, LinearOPE *initialB = nullptr);
                                                                              ^
In file included from incl/ElasticCurvesRO.h:17:0,
                 from incl/DriverElasticCurvesRO.h:38,
                 from src/DriverElasticCurvesRO.cpp:2:
incl/ProductManifold.h: In member function ‘Manifold* ProductManifold::GetManifold(std::ptrdiff_t) const’:
incl/ProductManifold.h:48:103: error: ‘nullptr’ was not declared in this scope
  inline Manifold *GetManifold(integer idx) const { if (idx < numofmani) return manifolds[idx]; return nullptr; };
                                                                                                       ^
src/DriverElasticCurvesRO.cpp: In function ‘void DriverElasticCurvesRO(double*, double*, std::ptrdiff_t, std::ptrdiff_t, double, bool, bool, bool, std::ptrdiff_t, std::string, std::ptrdiff_t, ProductElement*, bool&, double*, double*, std::ptrdiff_t&, std::ptrdiff_t&)’:
src/DriverElasticCurvesRO.cpp:12:20: error: ‘nullptr’ was not declared in this scope
  Solvers *solver = nullptr;
                    ^
src/DriverElasticCurvesRO.cpp:338:38: error: call to ‘RBFGS::RBFGS(const Problem*, const Element*, LinearOPE*)’ uses the default argument for parameter 3, which is not yet defined
     solver = new RBFGS(ECRO, InitialX);
                                      ^
src/DriverElasticCurvesRO.cpp:365:39: error: call to ‘RTRSR1::RTRSR1(const Problem*, const Element*, LinearOPE*)’ uses the default argument for parameter 3, which is not yet defined
     solver = new RTRSR1(ECRO, InitialX);
                                       ^
make: *** [src/DriverElasticCurvesRO.o] Error 1
=============================[ ERROR: ElasticFDA ]==============================

LoadError: failed process: Process(`make SUFFIX=so`, ProcessExited(2)) [2]
while loading /home/vagrant/.julia/v0.4/ElasticFDA/deps/build.jl, in expression starting on line 7

================================================================================

================================[ BUILD ERRORS ]================================

WARNING: ElasticFDA had build errors.

 - packages with build errors remain installed in /home/vagrant/.julia/v0.4
 - build the package(s) and all dependencies with `Pkg.build("ElasticFDA")`
 - build a single package by running its `deps/build.jl` script

================================================================================
INFO: Package database updated

>>> 'Pkg.test("ElasticFDA")' log
Julia Version 0.4.0-pre+7304
Commit b3a1be5 (2015-09-05 13:59 UTC)
Platform Info:
  System: Linux (x86_64-unknown-linux-gnu)
  CPU: Intel(R) Core(TM) i5-2500K CPU @ 3.30GHz
  WORD_SIZE: 64
  BLAS: libopenblas (USE64BITINT DYNAMIC_ARCH NO_AFFINITY Sandybridge)
  LAPACK: libopenblas
  LIBM: libopenlibm
  LLVM: libLLVM-3.3
INFO: Testing ElasticFDA
ERROR: LoadError: ArgumentError: FDAsrsf not found in path
 in require at ./loading.jl:219
 in include at ./boot.jl:260
 in include_from_node1 at ./loading.jl:271
 in process_options at ./client.jl:308
 in _start at ./client.jl:411
while loading /home/vagrant/.julia/v0.4/ElasticFDA/test/runtests.jl, in expression starting on line 1
=============================[ ERROR: ElasticFDA ]==============================

failed process: Process(`/home/vagrant/julia/bin/julia --check-bounds=yes --code-coverage=none --color=no /home/vagrant/.julia/v0.4/ElasticFDA/test/runtests.jl`, ProcessExited(1)) [1]

================================================================================
ERROR: ElasticFDA had test errors
 in error at ./error.jl:21
 [inlined code] from pkg/entry.jl:753
 in __test#412__ at no file:0
 in test at no file
 in anonymous at pkg/dir.jl:31
 in cd at file.jl:22
 [inlined code] from pkg/dir.jl:31
 in __cd#396__ at no file:0
 in cd at no file
 in __test#420__ at no file
 in test at no file
 in process_options at ./client.jl:284
 in _start at ./client.jl:411

>>> End of log
