>>> 'Pkg.add("Evolutionary")' log
INFO: Cloning cache of Evolutionary from https://github.com/wildart/Evolutionary.jl.git
INFO: Installing Evolutionary v0.1.2
INFO: Package database updated

>>> 'Pkg.test("Evolutionary")' log
Julia Version 0.6.0-pre.alpha.116
Commit 0e970f0 (2017-03-10 19:40 UTC)
Platform Info:
  OS: Linux (x86_64-pc-linux-gnu)
  CPU: Intel(R) Xeon(R) CPU E3-1241 v3 @ 3.50GHz
  WORD_SIZE: 64
           Ubuntu 14.04.5 LTS
  uname: Linux 3.13.0-112-generic #159-Ubuntu SMP Fri Mar 3 15:26:07 UTC 2017 x86_64 x86_64
Memory: 2.9392738342285156 GB (1666.53515625 MB free)
Uptime: 31883.0 sec
Load Avg:  0.896484375  1.0693359375  1.0830078125
Intel(R) Xeon(R) CPU E3-1241 v3 @ 3.50GHz: 
       speed         user         nice          sys         idle          irq
#1  3499 MHz    1659679 s       7232 s     152146 s    1050659 s         80 s
#2  3499 MHz     761538 s        271 s     105982 s    2200255 s          2 s

  BLAS: libopenblas (USE64BITINT DYNAMIC_ARCH NO_AFFINITY Nehalem)
  LAPACK: libopenblas64_
  LIBM: libopenlibm
  LLVM: libLLVM-3.9.1 (ORCJIT, haswell)
Environment:
  TERM = vt100
  LD_LIBRARY_PATH = :/usr/local/lib/
  PATH = /usr/local/sbin:/usr/local/bin:/usr/sbin:/usr/bin:/sbin:/bin:/usr/games:/usr/local/games:/home/vagrant/julia/bin/
  JAVA_HOME = /usr/lib/jvm/java-7-oracle
  HOME = /home/vagrant

Package Directory: /home/vagrant/.julia/v0.6
2 required packages:
 - Evolutionary                  0.1.2
 - JSON                          0.8.3
1 additional packages:
 - Compat                        0.20.0
INFO: Testing Evolutionary
Running tests:

WARNING: deprecated syntax "typealias Strategy Dict{Symbol,Any}" at /home/vagrant/.julia/v0.6/Evolutionary/src/Evolutionary.jl:22.
Use "const Strategy = Dict{Symbol,Any}" instead.

WARNING: deprecated syntax "typealias Individual Union(Vector,Matrix,Function,Nothing)" at /home/vagrant/.julia/v0.6/Evolutionary/src/Evolutionary.jl:23.
Use "const Individual = Union(Vector,Matrix,Function,Nothing)" instead.
	[1m[31mFAILED[0m: sphere.jl
LoadError: LoadError: UndefVarError: Nothing not defined
Stacktrace:
 [1] macro expansion at /home/vagrant/.julia/v0.6/Evolutionary/test/runtests.jl:25 [inlined]
 [2] anonymous at ./<missing>:?
 [3] include_from_node1(::String) at ./loading.jl:539
 [4] include(::String) at ./sysimg.jl:14
 [5] process_options(::Base.JLOptions) at ./client.jl:305
 [6] _start() at ./client.jl:371
while loading /home/vagrant/.julia/v0.6/Evolutionary/src/Evolutionary.jl, in expression starting on line 22
while loading /home/vagrant/.julia/v0.6/Evolutionary/test/sphere.jl, in expression starting on line 2
WARNING: @test_approx_eq_eps is deprecated, use `@test result â‰ˆ ones(N) atol=tol` instead
Stacktrace:
 [1] depwarn(::String, ::Symbol) at ./deprecated.jl:64
 [2] @test_approx_eq_eps(::ANY, ::ANY, ::ANY) at ./deprecated.jl:1024
 [3] include_from_node1(::String) at ./loading.jl:539
 [4] include(::String) at ./sysimg.jl:14
 [5] macro expansion at /home/vagrant/.julia/v0.6/Evolutionary/test/runtests.jl:17 [inlined]
 [6] anonymous at ./<missing>:?
 [7] include_from_node1(::String) at ./loading.jl:539
 [8] include(::String) at ./sysimg.jl:14
 [9] process_options(::Base.JLOptions) at ./client.jl:305
 [10] _start() at ./client.jl:371
while loading /home/vagrant/.julia/v0.6/Evolutionary/test/rosenbrock.jl, in expression starting on line 5
	[1m[31mFAILED[0m: rosenbrock.jl
LoadError: UndefVarError: es not defined
Stacktrace:
 [1] macro expansion at /home/vagrant/.julia/v0.6/Evolutionary/test/runtests.jl:25 [inlined]
 [2] anonymous at ./<missing>:?
 [3] include_from_node1(::String) at ./loading.jl:539
 [4] include(::String) at ./sysimg.jl:14
 [5] process_options(::Base.JLOptions) at ./client.jl:305
 [6] _start() at ./client.jl:371
while loading /home/vagrant/.julia/v0.6/Evolutionary/test/rosenbrock.jl, in expression starting on line 20
	[1m[31mFAILED[0m: schwefel.jl
LoadError: UndefVarError: cmaes not defined
Stacktrace:
 [1] macro expansion at /home/vagrant/.julia/v0.6/Evolutionary/test/runtests.jl:25 [inlined]
 [2] anonymous at ./<missing>:?
 [3] include_from_node1(::String) at ./loading.jl:539
 [4] include(::String) at ./sysimg.jl:14
 [5] process_options(::Base.JLOptions) at ./client.jl:305
 [6] _start() at ./client.jl:371
while loading /home/vagrant/.julia/v0.6/Evolutionary/test/schwefel.jl, in expression starting on line 19
WARNING: @test_approx_eq_eps is deprecated, use `@test result â‰ˆ zeros(N) atol=tol` instead
Stacktrace:
 [1] depwarn(::String, ::Symbol) at ./deprecated.jl:64
 [2] @test_approx_eq_eps(::ANY, ::ANY, ::ANY) at ./deprecated.jl:1024
 [3] include_from_node1(::String) at ./loading.jl:539
 [4] include(::String) at ./sysimg.jl:14
 [5] macro expansion at /home/vagrant/.julia/v0.6/Evolutionary/test/runtests.jl:17 [inlined]
 [6] anonymous at ./<missing>:?
 [7] include_from_node1(::String) at ./loading.jl:539
 [8] include(::String) at ./sysimg.jl:14
 [9] process_options(::Base.JLOptions) at ./client.jl:305
 [10] _start() at ./client.jl:371
while loading /home/vagrant/.julia/v0.6/Evolutionary/test/rastrigin.jl, in expression starting on line 5
	[1m[31mFAILED[0m: rastrigin.jl
LoadError: UndefVarError: es not defined
Stacktrace:
 [1] macro expansion at /home/vagrant/.julia/v0.6/Evolutionary/test/runtests.jl:25 [inlined]
 [2] anonymous at ./<missing>:?
 [3] include_from_node1(::String) at ./loading.jl:539
 [4] include(::String) at ./sysimg.jl:14
 [5] process_options(::Base.JLOptions) at ./client.jl:305
 [6] _start() at ./client.jl:371
while loading /home/vagrant/.julia/v0.6/Evolutionary/test/rastrigin.jl, in expression starting on line 27
	[1m[31mFAILED[0m: n-queens.jl
LoadError: UndefVarError: inversion not defined
Stacktrace:
 [1] macro expansion at /home/vagrant/.julia/v0.6/Evolutionary/test/runtests.jl:25 [inlined]
 [2] anonymous at ./<missing>:?
 [3] include_from_node1(::String) at ./loading.jl:539
 [4] include(::String) at ./sysimg.jl:14
 [5] process_options(::Base.JLOptions) at ./client.jl:305
 [6] _start() at ./client.jl:371
while loading /home/vagrant/.julia/v0.6/Evolutionary/test/n-queens.jl, in expression starting on line 28
INFO: Evolutionary tests passed

>>> End of log
