>>> 'Pkg.add("Evolutionary")' log
[ Info: Installing Evolutionary v0.1.2             @ Base.Pkg.Entry entry.jl:543
[ Info: Package database updated                    @ Base.Pkg.Entry entry.jl:32
â”Œ Info: METADATA is out-of-date â€” you may not have the latest version of Evolutionary
â”‚ Use `Pkg.update()` to get the latest versions of your packages
â””                                                   @ Base.Pkg.Entry entry.jl:74

>>> 'Pkg.test("Evolutionary")' log
Julia Version 0.7.0-DEV.3354
Commit 9b5eed2b6c (2018-01-09 08:03 UTC)
Platform Info:
  OS: Linux (x86_64-pc-linux-gnu)
      Ubuntu 14.04.5 LTS
  uname: Linux 3.13.0-135-generic #184-Ubuntu SMP Wed Oct 18 11:55:51 UTC 2017 x86_64 x86_64
  CPU: Intel(R) Xeon(R) CPU E3-1241 v3 @ 3.50GHz: 
              speed         user         nice          sys         idle          irq
       #1  3500 MHz    4055675 s         76 s     194692 s    1269890 s         36 s
       #2  3500 MHz    1055694 s       7027 s      85575 s    5173733 s          1 s
       
  Memory: 2.93927001953125 GB (844.91015625 MB free)
  Uptime: 64659.0 sec
  Load Avg:  0.99267578125  1.01318359375  0.9921875
  WORD_SIZE: 64
  BLAS: libopenblas (USE64BITINT DYNAMIC_ARCH NO_AFFINITY Nehalem)
  LAPACK: libopenblas64_
  LIBM: libopenlibm
  LLVM: libLLVM-3.9.1 (ORCJIT, haswell)
Environment:
  TERM = vt100
  LD_LIBRARY_PATH = :/usr/local/lib/
  PATH = /usr/local/sbin:/usr/local/bin:/usr/sbin:/usr/bin:/sbin:/bin:/usr/games:/usr/local/games:/home/vagrant/julia/bin/
  JAVA_HOME = /usr/lib/jvm/java-8-openjdk-amd64
  HOME = /home/vagrant
Packages:
  Package Directory: /home/vagrant/.julia/v0.7
  Package Status:
2 required packages:
 - Evolutionary                  0.1.2
 - JSON                          0.16.3
2 additional packages:
 - Compat                        0.46.0
 - Nullables                     0.0.3
[ Info: Testing Evolutionary                       @ Base.Pkg.Entry entry.jl:723
Running tests:
â”Œ Warning: Deprecated syntax `implicit assignment to global variable `anyerrors``.
â”‚ Use `global anyerrors` instead.
â””                                                               @ nothing none:0
	[1m[31mFAILED[0m: sphere.jl
LoadError: LoadError: syntax: extra token "Strategy" after end of expression
Stacktrace:
 [1] top-level scope at ./<missing>:25
 [2] include at ./boot.jl:293 [inlined]
 [3] include_relative(::Module, ::String) at ./loading.jl:521
 [4] include(::Module, ::String) at ./sysimg.jl:26
 [5] process_options(::Base.JLOptions) at ./client.jl:324
 [6] _start() at ./client.jl:375
in expression starting at /home/vagrant/.julia/v0.7/Evolutionary/src/Evolutionary.jl:21
in expression starting at /home/vagrant/.julia/v0.7/Evolutionary/test/sphere.jl:2
	[1m[31mFAILED[0m: rosenbrock.jl
LoadError: LoadError: syntax: extra token "Strategy" after end of expression
Stacktrace:
 [1] top-level scope at ./<missing>:25
 [2] include at ./boot.jl:293 [inlined]
 [3] include_relative(::Module, ::String) at ./loading.jl:521
 [4] include(::Module, ::String) at ./sysimg.jl:26
 [5] process_options(::Base.JLOptions) at ./client.jl:324
 [6] _start() at ./client.jl:375
in expression starting at /home/vagrant/.julia/v0.7/Evolutionary/src/Evolutionary.jl:21
in expression starting at /home/vagrant/.julia/v0.7/Evolutionary/test/rosenbrock.jl:2
	[1m[31mFAILED[0m: schwefel.jl
LoadError: LoadError: syntax: extra token "Strategy" after end of expression
Stacktrace:
 [1] top-level scope at ./<missing>:25
 [2] include at ./boot.jl:293 [inlined]
 [3] include_relative(::Module, ::String) at ./loading.jl:521
 [4] include(::Module, ::String) at ./sysimg.jl:26
 [5] process_options(::Base.JLOptions) at ./client.jl:324
 [6] _start() at ./client.jl:375
in expression starting at /home/vagrant/.julia/v0.7/Evolutionary/src/Evolutionary.jl:21
in expression starting at /home/vagrant/.julia/v0.7/Evolutionary/test/schwefel.jl:2
	[1m[31mFAILED[0m: rastrigin.jl
LoadError: LoadError: syntax: extra token "Strategy" after end of expression
Stacktrace:
 [1] top-level scope at ./<missing>:25
 [2] include at ./boot.jl:293 [inlined]
 [3] include_relative(::Module, ::String) at ./loading.jl:521
 [4] include(::Module, ::String) at ./sysimg.jl:26
 [5] process_options(::Base.JLOptions) at ./client.jl:324
 [6] _start() at ./client.jl:375
in expression starting at /home/vagrant/.julia/v0.7/Evolutionary/src/Evolutionary.jl:21
in expression starting at /home/vagrant/.julia/v0.7/Evolutionary/test/rastrigin.jl:2
	[1m[31mFAILED[0m: n-queens.jl
LoadError: LoadError: syntax: extra token "Strategy" after end of expression
Stacktrace:
 [1] top-level scope at ./<missing>:25
 [2] include at ./boot.jl:293 [inlined]
 [3] include_relative(::Module, ::String) at ./loading.jl:521
 [4] include(::Module, ::String) at ./sysimg.jl:26
 [5] process_options(::Base.JLOptions) at ./client.jl:324
 [6] _start() at ./client.jl:375
in expression starting at /home/vagrant/.julia/v0.7/Evolutionary/src/Evolutionary.jl:21
in expression starting at /home/vagrant/.julia/v0.7/Evolutionary/test/n-queens.jl:2
[ Info: Evolutionary tests passed                  @ Base.Pkg.Entry entry.jl:737

>>> End of log
