>>> 'Pkg.add("Evolutionary")' log
INFO: Cloning cache of Evolutionary from git://github.com/wildart/Evolutionary.jl.git
INFO: Installing Evolutionary v0.1.2
INFO: Package database updated
INFO: METADATA is out-of-date â€” you may not have the latest version of Evolutionary
INFO: Use `Pkg.update()` to get the latest versions of your packages

>>> 'Pkg.test("Evolutionary")' log
Julia Version 0.4.7
Commit ae26b25 (2016-09-18 16:17 UTC)
Platform Info:
  System: Linux (x86_64-pc-linux-gnu)
  CPU: Intel(R) Xeon(R) CPU E3-1241 v3 @ 3.50GHz
  WORD_SIZE: 64
           Ubuntu 14.04.5 LTS
  uname: Linux 3.13.0-113-generic #160-Ubuntu SMP Thu Mar 9 09:27:29 UTC 2017 x86_64 x86_64
Memory: 2.9392738342285156 GB (697.8359375 MB free)
Uptime: 27626.0 sec
Load Avg:  0.826171875  1.02685546875  1.09619140625
Intel(R) Xeon(R) CPU E3-1241 v3 @ 3.50GHz: 
       speed         user         nice          sys         idle          irq
#1  3500 MHz    1242524 s        404 s     100469 s    1153572 s        117 s
#2  3500 MHz     876914 s       5663 s      88778 s    1689489 s          3 s

  BLAS: libopenblas (USE64BITINT DYNAMIC_ARCH NO_AFFINITY Nehalem)
  LAPACK: libopenblas64_
  LIBM: libopenlibm
  LLVM: libLLVM-3.3
Environment:
  TERM = vt100
  LD_LIBRARY_PATH = :/usr/local/lib/
  PATH = /usr/local/sbin:/usr/local/bin:/usr/sbin:/usr/bin:/sbin:/bin:/usr/games:/usr/local/games:/home/vagrant/julia/bin/
  JAVA_HOME = /usr/lib/jvm/java-7-oracle
  HOME = /home/vagrant

Package Directory: /home/vagrant/.julia/v0.4
2 required packages:
 - Evolutionary                  0.1.2
 - JSON                          0.8.3
1 additional packages:
 - Compat                        0.20.0
INFO: Testing Evolutionary
Running tests:
WARNING: Base.Nothing is deprecated, use Void instead.
  likely near /home/vagrant/.julia/v0.4/Evolutionary/src/Evolutionary.jl:22
WARNING: Union(args...) is deprecated, use Union{args...} instead.
 in depwarn at deprecated.jl:73
 in call at deprecated.jl:50
 in include at ./boot.jl:261
 in include_from_node1 at ./loading.jl:333
 in require at ./loading.jl:273
 in include at ./boot.jl:261
 in include_from_node1 at ./loading.jl:333
 [inlined code] from /home/vagrant/.julia/v0.4/Evolutionary/test/runtests.jl:17
 in anonymous at no file:0
 in include at ./boot.jl:261
 in include_from_node1 at ./loading.jl:333
 in process_options at ./client.jl:280
 in _start at ./client.jl:378
while loading /home/vagrant/.julia/v0.4/Evolutionary/src/Evolutionary.jl, in expression starting on line 22
WARNING: Base.Nothing is deprecated, use Void instead.
  likely near /home/vagrant/.julia/v0.4/Evolutionary/src/ga.jl:15
WARNING: Union(args...) is deprecated, use Union{args...} instead.
 in depwarn at deprecated.jl:73
 in call at deprecated.jl:50
 in include at ./boot.jl:261
 in include_from_node1 at ./loading.jl:333
 in include at ./boot.jl:261
 in include_from_node1 at ./loading.jl:333
 in require at ./loading.jl:273
 in include at ./boot.jl:261
 in include_from_node1 at ./loading.jl:333
 [inlined code] from /home/vagrant/.julia/v0.4/Evolutionary/test/runtests.jl:17
 in anonymous at no file:0
 in include at ./boot.jl:261
 in include_from_node1 at ./loading.jl:333
 in process_options at ./client.jl:280
 in _start at ./client.jl:378
while loading /home/vagrant/.julia/v0.4/Evolutionary/src/ga.jl, in expression starting on line 15
WARNING: Base.Nothing is deprecated, use Void instead.
  likely near /home/vagrant/.julia/v0.4/Evolutionary/src/ga.jl:15
WARNING: Union(args...) is deprecated, use Union{args...} instead.
 in depwarn at deprecated.jl:73
 in call at deprecated.jl:50
 in include at ./boot.jl:261
 in include_from_node1 at ./loading.jl:333
 in include at ./boot.jl:261
 in include_from_node1 at ./loading.jl:333
 in require at ./loading.jl:273
 in include at ./boot.jl:261
 in include_from_node1 at ./loading.jl:333
 [inlined code] from /home/vagrant/.julia/v0.4/Evolutionary/test/runtests.jl:17
 in anonymous at no file:0
 in include at ./boot.jl:261
 in include_from_node1 at ./loading.jl:333
 in process_options at ./client.jl:280
 in _start at ./client.jl:378
while loading /home/vagrant/.julia/v0.4/Evolutionary/src/ga.jl, in expression starting on line 15
(3/3,25)-Ïƒ-SA-ES => F: 3.970939584644397e-19, C: 321
WARNING: Base.Nothing is deprecated, use Void instead.
  likely near /home/vagrant/.julia/v0.4/Evolutionary/test/sphere.jl:31
WARNING: Base.Nothing is deprecated, use Void instead.
  likely near /home/vagrant/.julia/v0.4/Evolutionary/test/sphere.jl:31
WARNING: Base.Nothing is deprecated, use Void instead.
  likely near /home/vagrant/.julia/v0.4/Evolutionary/test/sphere.jl:31
WARNING: Base.Nothing is deprecated, use Void instead.
  likely near /home/vagrant/.julia/v0.4/Evolutionary/test/sphere.jl:31
WARNING: Base.Nothing is deprecated, use Void instead.
  likely near /home/vagrant/.julia/v0.4/Evolutionary/test/sphere.jl:31
WARNING: Base.Nothing is deprecated, use Void instead.
  likely near /home/vagrant/.julia/v0.4/Evolutionary/test/sphere.jl:31
WARNING: Base.Nothing is deprecated, use Void instead.
  likely near /home/vagrant/.julia/v0.4/Evolutionary/test/sphere.jl:31
WARNING: Base.Nothing is deprecated, use Void instead.
  likely near /home/vagrant/.julia/v0.4/Evolutionary/test/sphere.jl:31
WARNING: Base.Nothing is deprecated, use Void instead.
  likely near /home/vagrant/.julia/v0.4/Evolutionary/test/sphere.jl:31
WARNING: Base.Nothing is deprecated, use Void instead.
  likely near /home/vagrant/.julia/v0.4/Evolutionary/test/sphere.jl:31
in ga at 
WARNING: Base.Nothing is deprecated, use Void instead.
  likely near /home/vagrant/.julia/v0.4/Evolutionary/test/sphere.jl:31
in ga at 
WARNING: Base.Nothing is deprecated, use Void instead.
  likely near /home/vagrant/.julia/v0.4/Evolutionary/test/sphere.jl:31
in ga at 
WARNING: Base.Nothing is deprecated, use Void instead.
  likely near /home/vagrant/.julia/v0.4/Evolutionary/test/sphere.jl:31
in ga at 
WARNING: Base.Nothing is deprecated, use Void instead.
  likely near /home/vagrant/.julia/v0.4/Evolutionary/test/sphere.jl:31
in ga at 
WARNING: Base.Nothing is deprecated, use Void instead.
  likely near /home/vagrant/.julia/v0.4/Evolutionary/test/sphere.jl:31
in ga at 
GA(pop=25,xover=0.8,Î¼=0.1) => F: 0.001791041445848705, C: 450
	[1m[32mPASSED[0m: sphere.jl
(15/5+100)-ES => F: 9.280648146185886e-5, C: 1000, OBJ: [1.0066228837411386,1.0125900309545939]
(15/15+100)-Ïƒ-SA-ES-IS => F: 0.0, C: 1000, OBJ: [1.0,1.0]
(15/15+100)-Ïƒ-SA-ES-AS => F: 1.57097444824727e-5, C: 1000, OBJ: [1.0038598991741512,1.0076446459152062]
(3/3,12)-CMA-ES => F: 4.766150375905552e-9, C: 6063, OBJ: [0.9999311891012824,0.9998629416019261]
GA(p=50,x=0.8,Î¼=0.1) => F: 4.006310049605819e-6, C: 200, OBJ: [0.9980046408860765,0.995997498695238]
	[1m[32mPASSED[0m: rosenbrock.jl
(3/3,12)-CMA-ES (Schwefel) => F: 4.855073777234349e-18, C: 948
	[1m[32mPASSED[0m: schwefel.jl
(15/15,100)-Ïƒ-SA-ES-AS => F: 7.830096470725859, C: 1000, OBJ: [1.8793589476075783,0.9600487478875275,0.040587412180916646]
WARNING: Found local minimum!!!
	[1m[31mFAILED[0m: rastrigin.jl
LoadError: test failed: 3.0 < 3
 in expression: sum(round(abs(result))) < N
 [inlined code] from /home/vagrant/.julia/v0.4/Evolutionary/test/runtests.jl:25
 in anonymous at no file:0
 in include at ./boot.jl:261
 in include_from_node1 at ./loading.jl:333
 in process_options at ./client.jl:280
 in _start at ./client.jl:378
while loading /home/vagrant/.julia/v0.4/Evolutionary/test/rastrigin.jl, in expression starting on line 35
GA:PMX:Evolutionary.inversion(N=8, P=50) => F: 0, C: 800, OBJ: [5,2,4,7,3,8,6,1]
GA:PMX:Evolutionary.insertion(N=8, P=50) => F: 0, C: 800, OBJ: [5,2,8,1,4,7,3,6]
GA:PMX:Evolutionary.swap2(N=8, P=50) => F: 0, C: 800, OBJ: [5,7,1,4,2,8,6,3]
GA:PMX:Evolutionary.scramble(N=8, P=50) => F: 0, C: 800, OBJ: [3,5,8,4,1,7,2,6]
GA:PMX:Evolutionary.shifting(N=8, P=50) => F: 0, C: 800, OBJ: [4,2,7,5,1,8,6,3]
(15+50)-ES:Evolutionary.inversion => F: 0.0, C: 800, OBJ: [4,2,8,6,1,3,5,7]
(15+50)-ES:Evolutionary.insertion => F: 0.0, C: 800, OBJ: [6,4,7,1,3,5,2,8]
(15+50)-ES:Evolutionary.swap2 => F: 0.0, C: 800, OBJ: [4,2,7,3,6,8,5,1]
(15+50)-ES:Evolutionary.scramble => F: 0.0, C: 800, OBJ: [5,2,8,1,4,7,3,6]
(15+50)-ES:Evolutionary.shifting => F: 5.0, C: 800, OBJ: [6,1,5,2,4,3,8,7]
	[1m[31mFAILED[0m: n-queens.jl
LoadError: test failed: 5 == 0
 in expression: nqueens(result) == 0
 [inlined code] from /home/vagrant/.julia/v0.4/Evolutionary/test/runtests.jl:25
 in anonymous at no file:0
 in include at ./boot.jl:261
 in include_from_node1 at ./loading.jl:333
 in process_options at ./client.jl:280
 in _start at ./client.jl:378
while loading /home/vagrant/.julia/v0.4/Evolutionary/test/n-queens.jl, in expression starting on line 40
INFO: Evolutionary tests passed

>>> End of log
