>>> 'Pkg.add("Gtk")' log
INFO: Cloning cache of Gtk from https://github.com/JuliaGraphics/Gtk.jl.git
INFO: Installing BaseTestNext v0.2.2
INFO: Installing BinDeps v0.4.5
INFO: Installing Cairo v0.2.35
INFO: Installing ColorTypes v0.2.12
INFO: Installing Colors v0.6.9
INFO: Installing FixedPointNumbers v0.2.1
INFO: Installing Graphics v0.1.3
INFO: Installing Gtk v0.10.4
INFO: Installing Reexport v0.0.3
INFO: Installing SHA v0.3.0
INFO: Installing URIParser v0.1.6
INFO: Building Cairo
WARNING: takebuf_string(b) is deprecated, use String(take!(b)) instead.
 in depwarn(::String, ::Symbol) at ./deprecated.jl:64
 in takebuf_string(::Base.AbstractIOBuffer{Array{UInt8,1}}) at ./deprecated.jl:50
 in macro expansion; at /home/vagrant/.julia/v0.6/BinDeps/src/dependencies.jl:887 [inlined]
 in anonymous at ./<missing>:?
 in include_from_node1(::String) at ./loading.jl:532
 in include(::SubString{String}) at ./sysimg.jl:14
 in evalfile(::SubString{String}, ::Array{String,1}) at ./loading.jl:572 (repeats 2 times)
 in cd(::##2#4, ::String) at ./file.jl:69
 in (::##1#3)(::IOStream) at ./none:13
 in open(::##1#3, ::String, ::String) at ./iostream.jl:152
 in eval(::Module, ::Any) at ./boot.jl:236
 in process_options(::Base.JLOptions) at ./client.jl:269
 in _start() at ./client.jl:356
while loading /home/vagrant/.julia/v0.6/Cairo/deps/build.jl, in expression starting on line 154
INFO: Building Gtk
INFO: Package database updated

>>> 'Pkg.test("Gtk")' log
Julia Version 0.6.0-dev.1583
Commit 2d8f5bf (2016-12-16 01:28 UTC)
Platform Info:
  OS: Linux (x86_64-pc-linux-gnu)
  CPU: Intel(R) Xeon(R) CPU E3-1241 v3 @ 3.50GHz
  WORD_SIZE: 64
           Ubuntu 14.04.5 LTS
  uname: Linux 3.13.0-105-generic #152-Ubuntu SMP Fri Dec 2 15:37:11 UTC 2016 x86_64 x86_64
Memory: 2.9392738342285156 GB (771.828125 MB free)
Uptime: 26430.0 sec
Load Avg:  0.85302734375  1.23193359375  1.03466796875
Intel(R) Xeon(R) CPU E3-1241 v3 @ 3.50GHz: 
       speed         user         nice          sys         idle          irq
#1  3500 MHz    1437616 s       3089 s     208046 s     717111 s         71 s
#2  3500 MHz     481059 s       3512 s     106576 s    1959812 s          0 s

  BLAS: libopenblas (USE64BITINT DYNAMIC_ARCH NO_AFFINITY Nehalem)
  LAPACK: libopenblas64_
  LIBM: libopenlibm
  LLVM: libLLVM-3.7.1 (ORCJIT, haswell)
Environment:
  LD_LIBRARY_PATH = :/usr/local/lib/
  HOME = /home/vagrant
  TERM = vt100
  PATH = /usr/local/sbin:/usr/local/bin:/usr/sbin:/usr/bin:/sbin:/bin:/usr/games:/usr/local/games:/home/vagrant/julia/bin/
  JAVA_HOME = /usr/lib/jvm/java-7-oracle

Package Directory: /home/vagrant/.julia/v0.6
2 required packages:
 - Gtk                           0.10.4
 - JSON                          0.8.0
11 additional packages:
 - BaseTestNext                  0.2.2
 - BinDeps                       0.4.5
 - Cairo                         0.2.35
 - ColorTypes                    0.2.12
 - Colors                        0.6.9
 - Compat                        0.9.5
 - FixedPointNumbers             0.2.1
 - Graphics                      0.1.3
 - Reexport                      0.0.3
 - SHA                           0.3.0
 - URIParser                     0.1.6
INFO: Testing Gtk
WARNING: Method definition property(Gtk.GLib.GObject, Any, Any) in module GAccessor at /home/vagrant/.julia/v0.6/Gtk/src/../gen/gbox3:15 overwritten at /home/vagrant/.julia/v0.6/Gtk/src/../gen/gbox3:19.
WARNING: Method definition property(Gtk.GtkContainer, Any, Any, Any) in module GAccessor at /home/vagrant/.julia/v0.6/Gtk/src/../gen/gbox3:596 overwritten at /home/vagrant/.julia/v0.6/Gtk/src/../gen/gbox3:600.
WARNING: Method definition property(Gtk.GtkCellArea, Any, Any, Any) in module GAccessor at /home/vagrant/.julia/v0.6/Gtk/src/../gen/gbox3:1546 overwritten at /home/vagrant/.julia/v0.6/Gtk/src/../gen/gbox3:1550.
WARNING: Method definition target_list(Gtk.GtkWidget) in module GAccessor at /home/vagrant/.julia/v0.6/Gtk/src/../gen/gbox3:1787 overwritten at /home/vagrant/.julia/v0.6/Gtk/src/../gen/gbox3:1801.
WARNING: Method definition target_list(Gtk.GtkWidget, Any) in module GAccessor at /home/vagrant/.julia/v0.6/Gtk/src/../gen/gbox3:1790 overwritten at /home/vagrant/.julia/v0.6/Gtk/src/../gen/gbox3:1804.
WARNING: Method definition rgba(Gtk.GtkColorChooser, Any) in module GAccessor at /home/vagrant/.julia/v0.6/Gtk/src/../gen/gbox3:2844 overwritten at /home/vagrant/.julia/v0.6/Gtk/src/../gen/gbox3:2847.
WARNING: Method definition depth_buffer(Gtk.GtkGLArea, Bool) in module Gtk at /home/vagrant/.julia/v0.6/Gtk/src/gl_area.jl:35 overwritten at /home/vagrant/.julia/v0.6/Gtk/src/gl_area.jl:37.
WARNING: Method definition stencil_buffer(Gtk.GtkGLArea) in module Gtk at /home/vagrant/.julia/v0.6/Gtk/src/gl_area.jl:39 overwritten at /home/vagrant/.julia/v0.6/Gtk/src/gl_area.jl:41.
WARNING: `x $ y` is deprecated.  use `xor(x, y)` or `x ⊻ y` instead.
Window:  in Error During Test
depwarn  Got an exception of type AssertionError outside of a @test(
::  AssertionError: g_stack !== nothing && (g_stack != ct && !prev)
   in g_sigatom(::Any) at /home/vagrant/.julia/v0.6/Gtk/src/GLib/signals.jl:166
   in macro expansion; at /home/vagrant/.julia/v0.6/Gtk/src/GLib/signals.jl:206 [inlined]
   in visible; at /home/vagrant/.julia/v0.6/Gtk/src/base.jl:34 [inlined]
   in macro expansion; at /home/vagrant/.julia/v0.6/Gtk/test/gui.jl:63 [inlined]
   in macro expansion; at ./test.jl:713 [inlined]
   in macro expansion; at /home/vagrant/.julia/v0.6/Gtk/test/gui.jl:40 [inlined]
   in macro expansion; at ./test.jl:713 [inlined]
   in anonymous at ./<missing>:?
   in include_from_node1(::String) at ./loading.jl:532
   in include(::String) at ./sysimg.jl:14
   in include_from_node1(::String) at ./loading.jl:532
   in include(::String) at ./sysimg.jl:14
   in process_options(::Base.JLOptions) at ./client.jl:292
   in _start() at ./client.jl:356String
, Frame: ::Error During Test
Symbol  Got an exception of type AssertionError outside of a @test)
 at   AssertionError: g_stack !== nothing && (g_stack != ct && !prev)
   in g_sigatom(::Any) at /home/vagrant/.julia/v0.6/Gtk/src/GLib/signals.jl:166
   in macro expansion at /home/vagrant/.julia/v0.6/Gtk/src/GLib/signals.jl:206 [inlined]
   in show at /home/vagrant/.julia/v0.6/Gtk/src/base.jl:35 [inlined]
   in Gtk.GtkWindowLeaf(::String, ::Int64, ::Int64, ::Bool, ::Bool) at /home/vagrant/.julia/v0.6/Gtk/src/windows.jl:13
   in Gtk.GtkWindowLeaf(::String, ::Int64, ::Int64) at /home/vagrant/.julia/v0.6/Gtk/src/windows.jl:2
   in Type; at /home/vagrant/.julia/v0.6/Gtk/src/gtktypes.jl:12 [inlined]
   in macro expansion; at /home/vagrant/.julia/v0.6/Gtk/test/gui.jl:96 [inlined]
   in macro expansion; at ./test.jl:713 [inlined]
   in macro expansion; at /home/vagrant/.julia/v0.6/Gtk/test/gui.jl:40 [inlined]
   in macro expansion; at ./test.jl:713 [inlined]
   in anonymous at ./<missing>:?
   in include_from_node1(::String) at ./loading.jl:532
   in include(::String) at ./sysimg.jl:14
   in include_from_node1(::String) at ./loading.jl:532
   in include(::String) at ./sysimg.jl:14
   in process_options(::Base.JLOptions) at ./client.jl:292
   in _start() at ./client.jl:356./deprecated.jl
:Initially Hidden Canvas: 64Error During Test

  Got an exception of type AssertionError outside of a @test in 
$  AssertionError: g_stack !== nothing && (g_stack != ct && !prev)
   in g_sigatom(::Any) at /home/vagrant/.julia/v0.6/Gtk/src/GLib/signals.jl:166
   in macro expansion at /home/vagrant/.julia/v0.6/Gtk/src/GLib/signals.jl:206 [inlined]
   in show at /home/vagrant/.julia/v0.6/Gtk/src/base.jl:35 [inlined]
   in Gtk.GtkWindowLeaf(::String, ::Int64, ::Int64, ::Bool, ::Bool) at /home/vagrant/.julia/v0.6/Gtk/src/windows.jl:13
   in macro expansion; at /home/vagrant/.julia/v0.6/Gtk/test/gui.jl:110 [inlined]
   in macro expansion; at ./test.jl:713 [inlined]
   in macro expansion; at /home/vagrant/.julia/v0.6/Gtk/test/gui.jl:40 [inlined]
   in macro expansion; at ./test.jl:713 [inlined]
   in anonymous at ./<missing>:?
   in include_from_node1(::String) at ./loading.jl:532
   in include(::String) at ./sysimg.jl:14
   in include_from_node1(::String) at ./loading.jl:532
   in include(::String) at ./sysimg.jl:14
   in process_options(::Base.JLOptions) at ./client.jl:292
   in _start() at ./client.jl:356 at 
./deprecated.jlLabelframe: :Error During Test
1029  Got an exception of type AssertionError outside of a @test [inlined]

  AssertionError: g_stack !== nothing && (g_stack != ct && !prev)
   in g_sigatom(::Any) at /home/vagrant/.julia/v0.6/Gtk/src/GLib/signals.jl:166
   in macro expansion at /home/vagrant/.julia/v0.6/Gtk/src/GLib/signals.jl:206 [inlined]
   in show at /home/vagrant/.julia/v0.6/Gtk/src/base.jl:35 [inlined]
   in Gtk.GtkWindowLeaf(::String, ::Int64, ::Int64, ::Bool, ::Bool) at /home/vagrant/.julia/v0.6/Gtk/src/windows.jl:13
   in Gtk.GtkWindowLeaf(::String, ::Int64, ::Int64) at /home/vagrant/.julia/v0.6/Gtk/src/windows.jl:2
   in Type; at /home/vagrant/.julia/v0.6/Gtk/src/gtktypes.jl:12 [inlined]
   in macro expansion; at /home/vagrant/.julia/v0.6/Gtk/test/gui.jl:118 [inlined]
   in macro expansion; at ./test.jl:713 [inlined]
   in macro expansion; at /home/vagrant/.julia/v0.6/Gtk/test/gui.jl:40 [inlined]
   in macro expansion; at ./test.jl:713 [inlined]
   in anonymous at ./<missing>:?
   in include_from_node1(::String) at ./loading.jl:532
   in include(::String) at ./sysimg.jl:14
   in include_from_node1(::String) at ./loading.jl:532
   in include(::String) at ./sysimg.jl:14
   in process_options(::Base.JLOptions) at ./client.jl:292
   in _start() at ./client.jl:356 in 
g_siginterruptiblenotebook: (Error During Test
::  Got an exception of type AssertionError outside of a @testBase
.  AssertionError: g_stack !== nothing && (g_stack != ct && !prev)
   in g_sigatom(::Any) at /home/vagrant/.julia/v0.6/Gtk/src/GLib/signals.jl:166
   in macro expansion at /home/vagrant/.julia/v0.6/Gtk/src/GLib/signals.jl:206 [inlined]
   in show at /home/vagrant/.julia/v0.6/Gtk/src/base.jl:35 [inlined]
   in Gtk.GtkWindowLeaf(::String, ::Int64, ::Int64, ::Bool, ::Bool) at /home/vagrant/.julia/v0.6/Gtk/src/windows.jl:13
   in macro expansion; at /home/vagrant/.julia/v0.6/Gtk/test/gui.jl:127 [inlined]
   in macro expansion; at ./test.jl:713 [inlined]
   in macro expansion; at /home/vagrant/.julia/v0.6/Gtk/test/gui.jl:40 [inlined]
   in macro expansion; at ./test.jl:713 [inlined]
   in anonymous at ./<missing>:?
   in include_from_node1(::String) at ./loading.jl:532
   in include(::String) at ./sysimg.jl:14
   in include_from_node1(::String) at ./loading.jl:532
   in include(::String) at ./sysimg.jl:14
   in process_options(::Base.JLOptions) at ./client.jl:292
   in _start() at ./client.jl:356#yield
, Panedwindow: ::Error During Test
Function  Got an exception of type AssertionError outside of a @test)
 at   AssertionError: g_stack !== nothing && (g_stack != ct && !prev)
   in g_sigatom(::Any) at /home/vagrant/.julia/v0.6/Gtk/src/GLib/signals.jl:166
   in macro expansion at /home/vagrant/.julia/v0.6/Gtk/src/GLib/signals.jl:206 [inlined]
   in show at /home/vagrant/.julia/v0.6/Gtk/src/base.jl:35 [inlined]
   in Gtk.GtkWindowLeaf(::String, ::Int64, ::Int64, ::Bool, ::Bool) at /home/vagrant/.julia/v0.6/Gtk/src/windows.jl:13
   in macro expansion; at /home/vagrant/.julia/v0.6/Gtk/test/gui.jl:141 [inlined]
   in macro expansion; at ./test.jl:713 [inlined]
   in macro expansion; at /home/vagrant/.julia/v0.6/Gtk/test/gui.jl:40 [inlined]
   in macro expansion; at ./test.jl:713 [inlined]
   in anonymous at ./<missing>:?
   in include_from_node1(::String) at ./loading.jl:532
   in include(::String) at ./sysimg.jl:14
   in include_from_node1(::String) at ./loading.jl:532
   in include(::String) at ./sysimg.jl:14
   in process_options(::Base.JLOptions) at ./client.jl:292
   in _start() at ./client.jl:356/home/vagrant/.julia/v0.6/Gtk/src/GLib/signals.jl
:Iteration and toplevel: 215Error During Test

  Got an exception of type AssertionError outside of a @test in 
g_yield  AssertionError: g_stack !== nothing && (g_stack != ct && !prev)
   in g_sigatom(::Any) at /home/vagrant/.julia/v0.6/Gtk/src/GLib/signals.jl:166
   in macro expansion at /home/vagrant/.julia/v0.6/Gtk/src/GLib/signals.jl:206 [inlined]
   in show at /home/vagrant/.julia/v0.6/Gtk/src/base.jl:35 [inlined]
   in Gtk.GtkWindowLeaf(::String, ::Int64, ::Int64, ::Bool, ::Bool) at /home/vagrant/.julia/v0.6/Gtk/src/windows.jl:13
   in Gtk.GtkWindowLeaf(::String, ::Int64, ::Int64) at /home/vagrant/.julia/v0.6/Gtk/src/windows.jl:2
   in Type; at /home/vagrant/.julia/v0.6/Gtk/src/gtktypes.jl:12 [inlined]
   in macro expansion; at /home/vagrant/.julia/v0.6/Gtk/test/gui.jl:157 [inlined]
   in macro expansion; at ./test.jl:713 [inlined]
   in macro expansion; at /home/vagrant/.julia/v0.6/Gtk/test/gui.jl:40 [inlined]
   in macro expansion; at ./test.jl:713 [inlined]
   in anonymous at ./<missing>:?
   in include_from_node1(::String) at ./loading.jl:532
   in include(::String) at ./sysimg.jl:14
   in include_from_node1(::String) at ./loading.jl:532
   in include(::String) at ./sysimg.jl:14
   in process_options(::Base.JLOptions) at ./client.jl:292
   in _start() at ./client.jl:356(
::ButtonBox: UInt64Error During Test
)  Got an exception of type AssertionError outside of a @test at 
/home/vagrant/.julia/v0.6/Gtk/src/GLib/signals.jl  AssertionError: g_stack !== nothing && (g_stack != ct && !prev)
   in g_sigatom(::Any) at /home/vagrant/.julia/v0.6/Gtk/src/GLib/signals.jl:166
   in macro expansion at /home/vagrant/.julia/v0.6/Gtk/src/GLib/signals.jl:206 [inlined]
   in show at /home/vagrant/.julia/v0.6/Gtk/src/base.jl:35 [inlined]
   in Gtk.GtkWindowLeaf(::String, ::Int64, ::Int64, ::Bool, ::Bool) at /home/vagrant/.julia/v0.6/Gtk/src/windows.jl:13
   in Gtk.GtkWindowLeaf(::String) at /home/vagrant/.julia/v0.6/Gtk/src/windows.jl:2
   in Type; at /home/vagrant/.julia/v0.6/Gtk/src/gtktypes.jl:12 [inlined]
   in macro expansion; at /home/vagrant/.julia/v0.6/Gtk/test/gui.jl:192 [inlined]
   in macro expansion; at ./test.jl:713 [inlined]
   in macro expansion; at /home/vagrant/.julia/v0.6/Gtk/test/gui.jl:40 [inlined]
   in macro expansion; at ./test.jl:713 [inlined]
   in anonymous at ./<missing>:?
   in include_from_node1(::String) at ./loading.jl:532
   in include(::String) at ./sysimg.jl:14
   in include_from_node1(::String) at ./loading.jl:532
   in include(::String) at ./sysimg.jl:14
   in process_options(::Base.JLOptions) at ./client.jl:292
   in _start() at ./client.jl:356:
243Table: 
Error During Test
 in   Got an exception of type AssertionError outside of a @testuv_dispatch
(  AssertionError: g_stack !== nothing && (g_stack != ct && !prev)
   in g_sigatom(::Any) at /home/vagrant/.julia/v0.6/Gtk/src/GLib/signals.jl:166
   in macro expansion at /home/vagrant/.julia/v0.6/Gtk/src/GLib/signals.jl:206 [inlined]
   in show at /home/vagrant/.julia/v0.6/Gtk/src/base.jl:35 [inlined]
   in Gtk.GtkWindowLeaf(::String, ::Int64, ::Int64, ::Bool, ::Bool) at /home/vagrant/.julia/v0.6/Gtk/src/windows.jl:13
   in Gtk.GtkWindowLeaf(::String, ::Int64, ::Int64) at /home/vagrant/.julia/v0.6/Gtk/src/windows.jl:2
   in Type; at /home/vagrant/.julia/v0.6/Gtk/src/gtktypes.jl:12 [inlined]
   in macro expansion; at /home/vagrant/.julia/v0.6/Gtk/test/gui.jl:208 [inlined]
   in macro expansion; at ./test.jl:713 [inlined]
   in macro expansion; at /home/vagrant/.julia/v0.6/Gtk/test/gui.jl:40 [inlined]
   in macro expansion; at ./test.jl:713 [inlined]
   in anonymous at ./<missing>:?
   in include_from_node1(::String) at ./loading.jl:532
   in include(::String) at ./sysimg.jl:14
   in include_from_node1(::String) at ./loading.jl:532
   in include(::String) at ./sysimg.jl:14
   in process_options(::Base.JLOptions) at ./client.jl:292
   in _start() at ./client.jl:356::
PtrGrid: {Error During Test
Void  Got an exception of type AssertionError outside of a @test}
,   AssertionError: g_stack !== nothing && (g_stack != ct && !prev)
   in g_sigatom(::Any) at /home/vagrant/.julia/v0.6/Gtk/src/GLib/signals.jl:166
   in macro expansion at /home/vagrant/.julia/v0.6/Gtk/src/GLib/signals.jl:206 [inlined]
   in show at /home/vagrant/.julia/v0.6/Gtk/src/base.jl:35 [inlined]
   in Gtk.GtkWindowLeaf(::String, ::Int64, ::Int64, ::Bool, ::Bool) at /home/vagrant/.julia/v0.6/Gtk/src/windows.jl:13
   in Gtk.GtkWindowLeaf(::String, ::Int64, ::Int64) at /home/vagrant/.julia/v0.6/Gtk/src/windows.jl:2
   in Type; at /home/vagrant/.julia/v0.6/Gtk/src/gtktypes.jl:12 [inlined]
   in macro expansion; at /home/vagrant/.julia/v0.6/Gtk/test/gui.jl:219 [inlined]
   in macro expansion; at ./test.jl:713 [inlined]
   in macro expansion; at /home/vagrant/.julia/v0.6/Gtk/test/gui.jl:40 [inlined]
   in macro expansion; at ./test.jl:713 [inlined]
   in anonymous at ./<missing>:?
   in include_from_node1(::String) at ./loading.jl:532
   in include(::String) at ./sysimg.jl:14
   in include_from_node1(::String) at ./loading.jl:532
   in include(::String) at ./sysimg.jl:14
   in process_options(::Base.JLOptions) at ./client.jl:292
   in _start() at ./client.jl:356::
Ptrbutton, label: {Error During Test
Void  Got an exception of type AssertionError outside of a @test}
,   AssertionError: g_stack !== nothing && (g_stack != ct && !prev)
   in g_sigatom(::Any) at /home/vagrant/.julia/v0.6/Gtk/src/GLib/signals.jl:166
   in macro expansion at /home/vagrant/.julia/v0.6/Gtk/src/GLib/signals.jl:206 [inlined]
   in show at /home/vagrant/.julia/v0.6/Gtk/src/base.jl:35 [inlined]
   in Gtk.GtkWindowLeaf(::String, ::Int64, ::Int64, ::Bool, ::Bool) at /home/vagrant/.julia/v0.6/Gtk/src/windows.jl:13
   in macro expansion; at /home/vagrant/.julia/v0.6/Gtk/test/gui.jl:234 [inlined]
   in macro expansion; at ./test.jl:713 [inlined]
   in macro expansion; at /home/vagrant/.julia/v0.6/Gtk/test/gui.jl:40 [inlined]
   in macro expansion; at ./test.jl:713 [inlined]
   in anonymous at ./<missing>:?
   in include_from_node1(::String) at ./loading.jl:532
   in include(::String) at ./sysimg.jl:14
   in include_from_node1(::String) at ./loading.jl:532
   in include(::String) at ./sysimg.jl:14
   in process_options(::Base.JLOptions) at ./client.jl:292
   in _start() at ./client.jl:356::
Int64Button with custom icon (& Pixbuf): )Error During Test
 at   Got an exception of type AssertionError outside of a @test/home/vagrant/.julia/v0.6/Gtk/src/GLib/signals.jl
:  AssertionError: g_stack !== nothing && (g_stack != ct && !prev)
   in g_sigatom(::Any) at /home/vagrant/.julia/v0.6/Gtk/src/GLib/signals.jl:166
   in macro expansion at /home/vagrant/.julia/v0.6/Gtk/src/GLib/signals.jl:206 [inlined]
   in show at /home/vagrant/.julia/v0.6/Gtk/src/base.jl:35 [inlined]
   in Gtk.GtkWindowLeaf(::String, ::Int64, ::Int64, ::Bool, ::Bool) at /home/vagrant/.julia/v0.6/Gtk/src/windows.jl:13
   in Gtk.GtkWindowLeaf(::String, ::Int64, ::Int64) at /home/vagrant/.julia/v0.6/Gtk/src/windows.jl:2
   in Type; at /home/vagrant/.julia/v0.6/Gtk/src/gtktypes.jl:12 [inlined]
   in macro expansion; at /home/vagrant/.julia/v0.6/Gtk/test/gui.jl:272 [inlined]
   in macro expansion; at ./test.jl:713 [inlined]
   in macro expansion; at /home/vagrant/.julia/v0.6/Gtk/test/gui.jl:40 [inlined]
   in macro expansion; at ./test.jl:713 [inlined]
   in anonymous at ./<missing>:?
   in include_from_node1(::String) at ./loading.jl:532
   in include(::String) at ./sysimg.jl:14
   in include_from_node1(::String) at ./loading.jl:532
   in include(::String) at ./sysimg.jl:14
   in process_options(::Base.JLOptions) at ./client.jl:292
   in _start() at ./client.jl:356348

checkbox:  in Error During Test
(::  Got an exception of type AssertionError outside of a @testGtk
.  AssertionError: g_stack !== nothing && (g_stack != ct && !prev)
   in g_sigatom(::Any) at /home/vagrant/.julia/v0.6/Gtk/src/GLib/signals.jl:166
   in macro expansion at /home/vagrant/.julia/v0.6/Gtk/src/GLib/signals.jl:206 [inlined]
   in show at /home/vagrant/.julia/v0.6/Gtk/src/base.jl:35 [inlined]
   in Gtk.GtkWindowLeaf(::String, ::Int64, ::Int64, ::Bool, ::Bool) at /home/vagrant/.julia/v0.6/Gtk/src/windows.jl:13
   in macro expansion; at /home/vagrant/.julia/v0.6/Gtk/test/gui.jl:278 [inlined]
   in macro expansion; at ./test.jl:713 [inlined]
   in macro expansion; at /home/vagrant/.julia/v0.6/Gtk/test/gui.jl:40 [inlined]
   in macro expansion; at ./test.jl:713 [inlined]
   in anonymous at ./<missing>:?
   in include_from_node1(::String) at ./loading.jl:532
   in include(::String) at ./sysimg.jl:14
   in include_from_node1(::String) at ./loading.jl:532
   in include(::String) at ./sysimg.jl:14
   in process_options(::Base.JLOptions) at ./client.jl:292
   in _start() at ./client.jl:356##139#140
)radio: (Error During Test
)  Got an exception of type AssertionError outside of a @test at 
/home/vagrant/.julia/v0.6/Gtk/src/events.jl  AssertionError: g_stack !== nothing && (g_stack != ct && !prev)
   in g_sigatom(::Any) at /home/vagrant/.julia/v0.6/Gtk/src/GLib/signals.jl:166
   in macro expansion at /home/vagrant/.julia/v0.6/Gtk/src/GLib/signals.jl:206 [inlined]
   in show at /home/vagrant/.julia/v0.6/Gtk/src/base.jl:35 [inlined]
   in Gtk.GtkWindowLeaf(::String, ::Int64, ::Int64, ::Bool, ::Bool) at /home/vagrant/.julia/v0.6/Gtk/src/windows.jl:13
   in macro expansion; at /home/vagrant/.julia/v0.6/Gtk/test/gui.jl:294 [inlined]
   in macro expansion; at ./test.jl:713 [inlined]
   in macro expansion; at /home/vagrant/.julia/v0.6/Gtk/test/gui.jl:40 [inlined]
   in macro expansion; at ./test.jl:713 [inlined]
   in anonymous at ./<missing>:?
   in include_from_node1(::String) at ./loading.jl:532
   in include(::String) at ./sysimg.jl:14
   in include_from_node1(::String) at ./loading.jl:532
   in include(::String) at ./sysimg.jl:14
   in process_options(::Base.JLOptions) at ./client.jl:292
   in _start() at ./client.jl:356:
2ToggleButton: 
Error During Test
 in   Got an exception of type AssertionError outside of a @testg_sigatom
(  AssertionError: g_stack !== nothing && (g_stack != ct && !prev)
   in g_sigatom(::Any) at /home/vagrant/.julia/v0.6/Gtk/src/GLib/signals.jl:166
   in macro expansion at /home/vagrant/.julia/v0.6/Gtk/src/GLib/signals.jl:206 [inlined]
   in show at /home/vagrant/.julia/v0.6/Gtk/src/base.jl:35 [inlined]
   in Gtk.GtkWindowLeaf(::String, ::Int64, ::Int64, ::Bool, ::Bool) at /home/vagrant/.julia/v0.6/Gtk/src/windows.jl:13
   in Gtk.GtkWindowLeaf(::String) at /home/vagrant/.julia/v0.6/Gtk/src/windows.jl:2
   in Type; at /home/vagrant/.julia/v0.6/Gtk/src/gtktypes.jl:12 [inlined]
   in macro expansion; at /home/vagrant/.julia/v0.6/Gtk/test/gui.jl:326 [inlined]
   in macro expansion; at ./test.jl:713 [inlined]
   in macro expansion; at /home/vagrant/.julia/v0.6/Gtk/test/gui.jl:40 [inlined]
   in macro expansion; at ./test.jl:713 [inlined]
   in anonymous at ./<missing>:?
   in include_from_node1(::String) at ./loading.jl:532
   in include(::String) at ./sysimg.jl:14
   in include_from_node1(::String) at ./loading.jl:532
   in include(::String) at ./sysimg.jl:14
   in process_options(::Base.JLOptions) at ./client.jl:292
   in _start() at ./client.jl:356::
AnyToggleButton repeat 1: )Error During Test
 at   Got an exception of type AssertionError outside of a @test/home/vagrant/.julia/v0.6/Gtk/src/GLib/signals.jl
:  AssertionError: g_stack !== nothing && (g_stack != ct && !prev)
   in g_sigatom(::Any) at /home/vagrant/.julia/v0.6/Gtk/src/GLib/signals.jl:166
   in macro expansion at /home/vagrant/.julia/v0.6/Gtk/src/GLib/signals.jl:206 [inlined]
   in show at /home/vagrant/.julia/v0.6/Gtk/src/base.jl:35 [inlined]
   in Gtk.GtkWindowLeaf(::String, ::Int64, ::Int64, ::Bool, ::Bool) at /home/vagrant/.julia/v0.6/Gtk/src/windows.jl:13
   in Gtk.GtkWindowLeaf(::String) at /home/vagrant/.julia/v0.6/Gtk/src/windows.jl:2
   in Type; at /home/vagrant/.julia/v0.6/Gtk/src/gtktypes.jl:12 [inlined]
   in macro expansion; at /home/vagrant/.julia/v0.6/Gtk/test/gui.jl:347 [inlined]
   in macro expansion; at ./test.jl:713 [inlined]
   in macro expansion; at /home/vagrant/.julia/v0.6/Gtk/test/gui.jl:40 [inlined]
   in macro expansion; at ./test.jl:713 [inlined]
   in anonymous at ./<missing>:?
   in include_from_node1(::String) at ./loading.jl:532
   in include(::String) at ./sysimg.jl:14
   in include_from_node1(::String) at ./loading.jl:532
   in include(::String) at ./sysimg.jl:14
   in process_options(::Base.JLOptions) at ./client.jl:292
   in _start() at ./client.jl:356182

ToggleButton repeat 2:  in Error During Test
gtk_main  Got an exception of type AssertionError outside of a @test(
)  AssertionError: g_stack !== nothing && (g_stack != ct && !prev)
   in g_sigatom(::Any) at /home/vagrant/.julia/v0.6/Gtk/src/GLib/signals.jl:166
   in macro expansion at /home/vagrant/.julia/v0.6/Gtk/src/GLib/signals.jl:206 [inlined]
   in show at /home/vagrant/.julia/v0.6/Gtk/src/base.jl:35 [inlined]
   in Gtk.GtkWindowLeaf(::String, ::Int64, ::Int64, ::Bool, ::Bool) at /home/vagrant/.julia/v0.6/Gtk/src/windows.jl:13
   in Gtk.GtkWindowLeaf(::String) at /home/vagrant/.julia/v0.6/Gtk/src/windows.jl:2
   in Type; at /home/vagrant/.julia/v0.6/Gtk/src/gtktypes.jl:12 [inlined]
   in macro expansion; at /home/vagrant/.julia/v0.6/Gtk/test/gui.jl:368 [inlined]
   in macro expansion; at ./test.jl:713 [inlined]
   in macro expansion; at /home/vagrant/.julia/v0.6/Gtk/test/gui.jl:40 [inlined]
   in macro expansion; at ./test.jl:713 [inlined]
   in anonymous at ./<missing>:?
   in include_from_node1(::String) at ./loading.jl:532
   in include(::String) at ./sysimg.jl:14
   in include_from_node1(::String) at ./loading.jl:532
   in include(::String) at ./sysimg.jl:14
   in process_options(::Base.JLOptions) at ./client.jl:292
   in _start() at ./client.jl:356 at 
/home/vagrant/.julia/v0.6/Gtk/src/events.jlLinkButton: :Error During Test
1  Got an exception of type AssertionError outside of a @test
while loading /home/vagrant/.julia/v0.6/Gtk/test/gui.jl, in expression starting on line 37

  AssertionError: g_stack !== nothing && (g_stack != ct && !prev)
   in g_sigatom(::Any) at /home/vagrant/.julia/v0.6/Gtk/src/GLib/signals.jl:166
   in macro expansion at /home/vagrant/.julia/v0.6/Gtk/src/GLib/signals.jl:206 [inlined]
   in show at /home/vagrant/.julia/v0.6/Gtk/src/base.jl:35 [inlined]
   in Gtk.GtkWindowLeaf(::String, ::Int64, ::Int64, ::Bool, ::Bool) at /home/vagrant/.julia/v0.6/Gtk/src/windows.jl:13
   in Gtk.GtkWindowLeaf(::String) at /home/vagrant/.julia/v0.6/Gtk/src/windows.jl:2
   in Type; at /home/vagrant/.julia/v0.6/Gtk/src/gtktypes.jl:12 [inlined]
   in macro expansion; at /home/vagrant/.julia/v0.6/Gtk/test/gui.jl:388 [inlined]
   in macro expansion; at ./test.jl:713 [inlined]
   in macro expansion; at /home/vagrant/.julia/v0.6/Gtk/test/gui.jl:40 [inlined]
   in macro expansion; at ./test.jl:713 [inlined]
   in anonymous at ./<missing>:?
   in include_from_node1(::String) at ./loading.jl:532
   in include(::String) at ./sysimg.jl:14
   in include_from_node1(::String) at ./loading.jl:532
   in include(::String) at ./sysimg.jl:14
   in process_options(::Base.JLOptions) at ./client.jl:292
   in _start() at ./client.jl:356
WARNING: `x $ y` is deprecated.  use `xor(x, y)` or `x ⊻ y` instead.
 in depwarn(::String, ::Symbol) at ./deprecated.jl:64
 in $ at ./deprecated.jl:1029 [inlined]
 in g_siginterruptible(::Gtk.GLib.##91#94{Ptr{Gtk.GLib.GValue},UInt32,Ptr{Gtk.GLib.GValue}}, ::Function) at /home/vagrant/.julia/v0.6/Gtk/src/GLib/signals.jl:215
 in GClosureMarshal(::Ptr{Void}, ::Ptr{Gtk.GLib.GValue}, ::UInt32, ::Ptr{Gtk.GLib.GValue}, ::Ptr{Void}, ::Ptr{Void}) at /home/vagrant/.julia/v0.6/Gtk/src/GLib/signals.jl:70
 in signal_emit(::Gtk.GtkEntryLeaf, ::Symbol, ::Type{T}) at /home/vagrant/.julia/v0.6/Gtk/src/GLib/signals.jl:152
 in macro expansion; at /home/vagrant/.julia/v0.6/Gtk/test/gui.jl:468 [inlined]
 in macro expansion; at ./test.jl:713 [inlined]
 in macro expansion; at /home/vagrant/.julia/v0.6/Gtk/test/gui.jl:40 [inlined]
 in macro expansion; at ./test.jl:713 [inlined]
 in anonymous at ./<missing>:?
 in include_from_node1(::String) at ./loading.jl:532
 in include(::String) at ./sysimg.jl:14
 in include_from_node1(::String) at ./loading.jl:532
 in include(::String) at ./sysimg.jl:14
 in process_options(::Base.JLOptions) at ./client.jl:292
 in _start() at ./client.jl:356
while loading /home/vagrant/.julia/v0.6/Gtk/test/gui.jl, in expression starting on line 37
file info contains: 13
WARNING: takebuf_string(b) is deprecated, use String(take!(b)) instead.
 in depwarn(::String, ::Symbol) at ./deprecated.jl:64
 in takebuf_string(::Base.AbstractIOBuffer{Array{UInt8,1}}) at ./deprecated.jl:50
 in macro expansion; at /home/vagrant/.julia/v0.6/Gtk/test/gui.jl:711 [inlined]
 in macro expansion; at ./test.jl:713 [inlined]
 in macro expansion; at /home/vagrant/.julia/v0.6/Gtk/test/gui.jl:40 [inlined]
 in macro expansion; at ./test.jl:713 [inlined]
 in anonymous at ./<missing>:?
 in include_from_node1(::String) at ./loading.jl:532
 in include(::String) at ./sysimg.jl:14
 in include_from_node1(::String) at ./loading.jl:532
 in include(::String) at ./sysimg.jl:14
 in process_options(::Base.JLOptions) at ./client.jl:292
 in _start() at ./client.jl:356
while loading /home/vagrant/.julia/v0.6/Gtk/test/gui.jl, in expression starting on line 37
ERROR: LoadError: LoadError: Some tests did not pass: 39 passed, 0 failed, 18 errored, 0 broken.
 in finish(::Base.Test.DefaultTestSet) at ./test.jl:523
 in macro expansion; at ./test.jl:720 [inlined]
 in anonymous at ./<missing>:?
 in include_from_node1(::String) at ./loading.jl:532
 in include(::String) at ./sysimg.jl:14
 in include_from_node1(::String) at ./loading.jl:532
 in include(::String) at ./sysimg.jl:14
 in process_options(::Base.JLOptions) at ./client.jl:292
 in _start() at ./client.jl:356
while loading /home/vagrant/.julia/v0.6/Gtk/test/gui.jl, in expression starting on line 37
while loading /home/vagrant/.julia/v0.6/Gtk/test/runtests.jl, in expression starting on line 10
=================================[ ERROR: Gtk ]=================================

failed process: Process(`/home/vagrant/julia/bin/julia -Cx86-64 -J/home/vagrant/julia/lib/julia/sys.so --compile=yes --depwarn=yes --check-bounds=yes --code-coverage=none --color=no --compilecache=yes /home/vagrant/.julia/v0.6/Gtk/test/runtests.jl`, ProcessExited(1)) [1]

================================================================================
ERROR: Gtk had test errors
 in #test#61(::Bool, ::Function, ::Array{AbstractString,1}) at ./pkg/entry.jl:749
 in (::Base.Pkg.Entry.#kw##test)(::Array{Any,1}, ::Base.Pkg.Entry.#test, ::Array{AbstractString,1}) at ./<missing>:0
 in (::Base.Pkg.Dir.##2#3{Array{Any,1},Base.Pkg.Entry.#test,Tuple{Array{AbstractString,1}}})() at ./pkg/dir.jl:31
 in cd(::Base.Pkg.Dir.##2#3{Array{Any,1},Base.Pkg.Entry.#test,Tuple{Array{AbstractString,1}}}, ::String) at ./file.jl:69
 in #cd#1(::Array{Any,1}, ::Function, ::Function, ::Array{AbstractString,1}, ::Vararg{Array{AbstractString,1},N}) at ./pkg/dir.jl:31
 in (::Base.Pkg.Dir.#kw##cd)(::Array{Any,1}, ::Base.Pkg.Dir.#cd, ::Function, ::Array{AbstractString,1}, ::Vararg{Array{AbstractString,1},N}) at ./<missing>:0
 in #test#3(::Bool, ::Function, ::String, ::Vararg{String,N}) at ./pkg/pkg.jl:259
 in test(::String, ::Vararg{String,N}) at ./pkg/pkg.jl:259
 in eval(::Module, ::Any) at ./boot.jl:236
 in process_options(::Base.JLOptions) at ./client.jl:269
 in _start() at ./client.jl:356

>>> End of log
