>>> 'Pkg.add("KernelEstimator")' log
INFO: Cloning cache of KernelEstimator from https://github.com/panlanfeng/KernelEstimator.jl.git
INFO: Installing BinDeps v0.4.5
INFO: Installing Calculus v0.1.15
INFO: Installing Cubature v1.2.0
INFO: Installing Distributions v0.10.2
INFO: Installing ForwardDiff v0.2.5
INFO: Installing KernelEstimator v0.1.7
INFO: Installing NaNMath v0.2.1
INFO: Installing Optim v0.6.1
INFO: Installing PDMats v0.4.2
INFO: Installing PositiveFactorizations v0.0.2
INFO: Installing Rmath v0.1.3
INFO: Installing SHA v0.2.1
INFO: Installing StatsBase v0.9.0
INFO: Installing StatsFuns v0.3.1
INFO: Installing URIParser v0.1.6
INFO: Installing Yeppp v0.1.0
INFO: Building Cubature
INFO: Installing Cubature 1.0.2 library...

gzip: stdin: unexpected end of file
tar: Unexpected EOF in archive
tar: Unexpected EOF in archive
tar: Error is not recoverable: exiting now
==============================[ ERROR: Cubature ]===============================

LoadError: failed process: Process(`tar xzf cubature-1.0.2.tar.gz --directory=.`, ProcessExited(2)) [2]
while loading /home/vagrant/.julia/v0.5/Cubature/deps/build.jl, in expression starting on line 19

================================================================================
INFO: Building Rmath
INFO: Building Yeppp

================================[ BUILD ERRORS ]================================

WARNING: Cubature had build errors.

 - packages with build errors remain installed in /home/vagrant/.julia/v0.5
 - build the package(s) and all dependencies with `Pkg.build("Cubature")`
 - build a single package by running its `deps/build.jl` script

================================================================================
INFO: Package database updated

>>> 'Pkg.test("KernelEstimator")' log
Julia Version 0.5.0
Commit 3c9d753 (2016-09-19 18:14 UTC)
Platform Info:
  System: Linux (x86_64-pc-linux-gnu)
  CPU: Intel(R) Xeon(R) CPU E3-1241 v3 @ 3.50GHz
  WORD_SIZE: 64
           Ubuntu 14.04.5 LTS
  uname: Linux 3.13.0-96-generic #143-Ubuntu SMP Mon Aug 29 20:15:20 UTC 2016 x86_64 x86_64
Memory: 2.4471054077148438 GB (744.74609375 MB free)
Uptime: 34695.0 sec
Load Avg:  0.5546875  0.85791015625  0.9296875
Intel(R) Xeon(R) CPU E3-1241 v3 @ 3.50GHz: 
       speed         user         nice          sys         idle          irq
#1  3499 MHz    1936836 s       5102 s     235592 s     862345 s         61 s
#2  3499 MHz     876311 s       3821 s     119285 s    2297500 s          4 s

  BLAS: libopenblas (USE64BITINT DYNAMIC_ARCH NO_AFFINITY Nehalem)
  LAPACK: libopenblas64_
  LIBM: libopenlibm
  LLVM: libLLVM-3.7.1 (ORCJIT, haswell)
Environment:
  TERM = vt100
  LD_LIBRARY_PATH = :/usr/local/lib/
  PATH = /usr/local/sbin:/usr/local/bin:/usr/sbin:/usr/bin:/sbin:/bin:/usr/games:/usr/local/games:/home/vagrant/julia/bin/
  JAVA_HOME = /usr/lib/jvm/java-7-oracle
  HOME = /home/vagrant

Package Directory: /home/vagrant/.julia/v0.5
2 required packages:
 - JSON                          0.7.0
 - KernelEstimator               0.1.7
16 additional packages:
 - BinDeps                       0.4.5
 - Calculus                      0.1.15
 - Compat                        0.9.2
 - Cubature                      1.2.0
 - Distributions                 0.10.2
 - ForwardDiff                   0.2.5
 - NaNMath                       0.2.1
 - Optim                         0.6.1
 - PDMats                        0.4.2
 - PositiveFactorizations        0.0.2
 - Rmath                         0.1.3
 - SHA                           0.2.1
 - StatsBase                     0.9.0
 - StatsFuns                     0.3.1
 - URIParser                     0.1.6
 - Yeppp                         0.1.0
INFO: Testing KernelEstimator
ERROR: LoadError: LoadError: error compiling cubature: error compiling #17: could not load library "/home/vagrant/.julia/v0.5/Cubature/src/../deps/libcubature"
/home/vagrant/.julia/v0.5/Cubature/src/../deps/libcubature.so: cannot open shared object file: No such file or directory
 in #pquadrature#34(::Float64, ::Int64, ::Int64, ::Function, ::Function, ::Float64, ::Float64) at /home/vagrant/.julia/v0.5/Cubature/src/Cubature.jl:223
 in (::Cubature.#kw##pquadrature)(::Array{Any,1}, ::Cubature.#pquadrature, ::Function, ::Float64, ::Float64) at ./<missing>:0
 in Jh(::Array{Float64,1}, ::KernelEstimator.#gaussiankernel, ::Float64, ::Array{Float64,1}, ::Int64, ::Float64, ::Float64) at /home/vagrant/.julia/v0.5/KernelEstimator/src/bandwidth.jl:47
 in #optimize#73(::Float64, ::Float64, ::Int64, ::Bool, ::Bool, ::Void, ::Int64, ::Bool, ::Optim.#optimize, ::KernelEstimator.##26#30{Array{Float64,1},KernelEstimator.#gaussiankernel,Int64,Array{Float64,1}}, ::Float64, ::Float64, ::Optim.Brent) at /home/vagrant/.julia/v0.5/Optim/src/brent.jl:48
 in (::Optim.#kw##optimize)(::Array{Any,1}, ::Optim.#optimize, ::Function, ::Float64, ::Float64, ::Optim.Brent) at ./<missing>:0
 in #optimize#90(::Optim.Brent, ::Float64, ::Float64, ::Int64, ::Bool, ::Bool, ::Void, ::Int64, ::Bool, ::Optim.#optimize, ::KernelEstimator.##26#30{Array{Float64,1},KernelEstimator.#gaussiankernel,Int64,Array{Float64,1}}, ::Float64, ::Float64) at /home/vagrant/.julia/v0.5/Optim/src/optimize.jl:237
 in (::Optim.#kw##optimize)(::Array{Any,1}, ::Optim.#optimize, ::Function, ::Float64, ::Float64) at ./<missing>:0
 in bwlscv(::Array{Float64,1}, ::Function) at /home/vagrant/.julia/v0.5/KernelEstimator/src/bandwidth.jl:115
 in include_from_node1(::String) at ./loading.jl:488 (repeats 2 times)
 in process_options(::Base.JLOptions) at ./client.jl:262
 in _start() at ./client.jl:318
while loading /home/vagrant/.julia/v0.5/KernelEstimator/test/testreg.jl, in expression starting on line 6
while loading /home/vagrant/.julia/v0.5/KernelEstimator/test/runtests.jl, in expression starting on line 5
===========================[ ERROR: KernelEstimator ]===========================

failed process: Process(`/home/vagrant/julia/bin/julia -Cx86-64 -J/home/vagrant/julia/lib/julia/sys.so --compile=yes --depwarn=yes --check-bounds=yes --code-coverage=none --color=no --compilecache=yes /home/vagrant/.julia/v0.5/KernelEstimator/test/runtests.jl`, ProcessExited(1)) [1]

================================================================================
ERROR: KernelEstimator had test errors
 in #test#61(::Bool, ::Function, ::Array{AbstractString,1}) at ./pkg/entry.jl:740
 in (::Base.Pkg.Entry.#kw##test)(::Array{Any,1}, ::Base.Pkg.Entry.#test, ::Array{AbstractString,1}) at ./<missing>:0
 in (::Base.Pkg.Dir.##2#3{Array{Any,1},Base.Pkg.Entry.#test,Tuple{Array{AbstractString,1}}})() at ./pkg/dir.jl:31
 in cd(::Base.Pkg.Dir.##2#3{Array{Any,1},Base.Pkg.Entry.#test,Tuple{Array{AbstractString,1}}}, ::String) at ./file.jl:59
 in #cd#1(::Array{Any,1}, ::Function, ::Function, ::Array{AbstractString,1}, ::Vararg{Array{AbstractString,1},N}) at ./pkg/dir.jl:31
 in (::Base.Pkg.Dir.#kw##cd)(::Array{Any,1}, ::Base.Pkg.Dir.#cd, ::Function, ::Array{AbstractString,1}, ::Vararg{Array{AbstractString,1},N}) at ./<missing>:0
 in #test#3(::Bool, ::Function, ::String, ::Vararg{String,N}) at ./pkg/pkg.jl:258
 in test(::String, ::Vararg{String,N}) at ./pkg/pkg.jl:258
 in eval(::Module, ::Any) at ./boot.jl:234
 in process_options(::Base.JLOptions) at ./client.jl:239
 in _start() at ./client.jl:318

>>> End of log
