>>> 'Pkg.add("OCCA")' log
INFO: Cloning cache of OCCA from https://github.com/ReidAtcheson/OCCA.jl.git
INFO: Installing OCCA v0.0.1
INFO: Building OCCA
WARNING: Base.Uint8 is deprecated, use UInt8 instead.
  likely near /home/vagrant/.julia/v0.5/OCCA/src/OCCA.jl:239
WARNING: Base.Uint16 is deprecated, use UInt16 instead.
  likely near /home/vagrant/.julia/v0.5/OCCA/src/OCCA.jl:242
WARNING: Base.Uint32 is deprecated, use UInt32 instead.
  likely near /home/vagrant/.julia/v0.5/OCCA/src/OCCA.jl:245
WARNING: Base.Uint64 is deprecated, use UInt64 instead.
  likely near /home/vagrant/.julia/v0.5/OCCA/src/OCCA.jl:248
Cloning into 'OCCA2'...
rm -f /home/vagrant/.julia/v0.5/OCCA/deps/OCCA2/obj/*;
rm -f /home/vagrant/.julia/v0.5/OCCA/deps/OCCA2/bin/*;
rm -f /home/vagrant/.julia/v0.5/OCCA/deps/OCCA2/scripts/main;
rm -f /home/vagrant/.julia/v0.5/OCCA/deps/OCCA2/lib/libocca.so;
rm -f /home/vagrant/.julia/v0.5/OCCA/deps/OCCA2/lib/*.mod;
g++ -O3 -fPIC -o /home/vagrant/.julia/v0.5/OCCA/deps/OCCA2/obj/occaBase.o  -fopenmp -DOCCA_OPENMP_ENABLED=1  -O3 -D __extern_always_inline=inline -DOCCA_DEBUG_ENABLED=0 -DNDEBUG=1 -DOCCA_SHOW_WARNINGS=0 -DOCCA_CHECK_ENABLED=1 -DOCCA_OPENCL_ENABLED=1 -DOCCA_CUDA_ENABLED=0 -DOCCA_HSA_ENABLED=0 -DOCCA_COI_ENABLED=0  -D LINUX_OS=1 -D OSX_OS=2 -D WINDOWS_OS=4 -D WINUX_OS=5  -D OCCA_OS=LINUX_OS -c -I/home/vagrant/.julia/v0.5/OCCA/deps/OCCA2/lib -I/home/vagrant/.julia/v0.5/OCCA/deps/OCCA2/include -I./include /home/vagrant/.julia/v0.5/OCCA/deps/OCCA2/src/occaBase.cpp
In file included from /home/vagrant/.julia/v0.5/OCCA/deps/OCCA2/include/occa.hpp:9:0,
                 from /home/vagrant/.julia/v0.5/OCCA/deps/OCCA2/src/occaBase.cpp:1:
/home/vagrant/.julia/v0.5/OCCA/deps/OCCA2/include/occaBase.hpp:37:23: fatal error: CL/cl.h: No such file or directory
 #    include <CL/cl.h>
                       ^
compilation terminated.
make: *** [/home/vagrant/.julia/v0.5/OCCA/deps/OCCA2/obj/occaBase.o] Error 1
================================[ ERROR: OCCA ]=================================

LoadError: failed process: Process(`make`, ProcessExited(2)) [2]
while loading /home/vagrant/.julia/v0.5/OCCA/deps/build.jl, in expression starting on line 59

================================================================================

================================[ BUILD ERRORS ]================================

WARNING: OCCA had build errors.

 - packages with build errors remain installed in /home/vagrant/.julia/v0.5
 - build the package(s) and all dependencies with `Pkg.build("OCCA")`
 - build a single package by running its `deps/build.jl` script

================================================================================
INFO: Package database updated

>>> 'Pkg.test("OCCA")' log
Julia Version 0.5.0-dev+4370
Commit 758aebc (2016-05-27 21:34 UTC)
Platform Info:
  System: Linux (x86_64-unknown-linux-gnu)
  CPU: Intel(R) Xeon(R) CPU E3-1241 v3 @ 3.50GHz
  WORD_SIZE: 64
  BLAS: libopenblas (USE64BITINT DYNAMIC_ARCH NO_AFFINITY Nehalem)
  LAPACK: libopenblas64_
  LIBM: libopenlibm
  LLVM: libLLVM-3.7.1 (ORCJIT, haswell)
INFO: Testing OCCA
WARNING: Base.Uint8 is deprecated, use UInt8 instead.
  likely near /home/vagrant/.julia/v0.5/OCCA/src/OCCA.jl:239
WARNING: Base.Uint16 is deprecated, use UInt16 instead.
  likely near /home/vagrant/.julia/v0.5/OCCA/src/OCCA.jl:242
WARNING: Base.Uint32 is deprecated, use UInt32 instead.
  likely near /home/vagrant/.julia/v0.5/OCCA/src/OCCA.jl:245
WARNING: Base.Uint64 is deprecated, use UInt64 instead.
  likely near /home/vagrant/.julia/v0.5/OCCA/src/OCCA.jl:248
WARNING: Base.Uint8 is deprecated, use UInt8 instead.
  likely near /home/vagrant/.julia/v0.5/OCCA/test/testtypes.jl:20
WARNING: module TESTOCCA should explicitly import == from Base
WARNING: Base.Uint8 is deprecated, use UInt8 instead.
  likely near /home/vagrant/.julia/v0.5/OCCA/test/runtests.jl:10
WARNING: Base.Uint8 is deprecated, use UInt8 instead.
  likely near /home/vagrant/.julia/v0.5/OCCA/test/runtests.jl:10
WARNING: Base.Uint8 is deprecated, use UInt8 instead.
  likely near /home/vagrant/.julia/v0.5/OCCA/test/runtests.jl:10
WARNING: Base.Uint8 is deprecated, use UInt8 instead.
  likely near /home/vagrant/.julia/v0.5/OCCA/test/runtests.jl:10
WARNING: Base.Uint8 is deprecated, use UInt8 instead.
  likely near /home/vagrant/.julia/v0.5/OCCA/test/runtests.jl:10
WARNING: Base.Uint8 is deprecated, use UInt8 instead.
  likely near /home/vagrant/.julia/v0.5/OCCA/test/runtests.jl:10
WARNING: Base.Uint8 is deprecated, use UInt8 instead.
  likely near /home/vagrant/.julia/v0.5/OCCA/test/runtests.jl:10
WARNING: Base.Uint8 is deprecated, use UInt8 instead.
  likely near /home/vagrant/.julia/v0.5/OCCA/test/runtests.jl:10
WARNING: Base.Uint8 is deprecated, use UInt8 instead.
  likely near /home/vagrant/.julia/v0.5/OCCA/test/runtests.jl:10
WARNING: Base.Uint8 is deprecated, use UInt8 instead.
  likely near /home/vagrant/.julia/v0.5/OCCA/test/runtests.jl:10
WARNING: Base.Uint8 is deprecated, use UInt8 instead.
  likely near /home/vagrant/.julia/v0.5/OCCA/test/runtests.jl:10
WARNING: Base.Uint8 is deprecated, use UInt8 instead.
  likely near /home/vagrant/.julia/v0.5/OCCA/test/runtests.jl:10
WARNING: Base.Uint8 is deprecated, use UInt8 instead.
  likely near /home/vagrant/.julia/v0.5/OCCA/test/runtests.jl:10
WARNING: Base.Uint8 is deprecated, use UInt8 instead.
  likely near /home/vagrant/.julia/v0.5/OCCA/test/runtests.jl:10
WARNING: Base.Uint is deprecated, use UInt instead.
  likely near /home/vagrant/.julia/v0.5/OCCA/test/runtests.jl:10
WARNING: Base.Uint is deprecated, use UInt instead.
  likely near /home/vagrant/.julia/v0.5/OCCA/test/runtests.jl:10
WARNING: Base.Uint is deprecated, use UInt instead.
  likely near /home/vagrant/.julia/v0.5/OCCA/test/runtests.jl:10
WARNING: Base.Uint is deprecated, use UInt instead.
  likely near /home/vagrant/.julia/v0.5/OCCA/test/runtests.jl:10
WARNING: Base.Uint is deprecated, use UInt instead.
  likely near /home/vagrant/.julia/v0.5/OCCA/test/runtests.jl:10
WARNING: Base.Uint is deprecated, use UInt instead.
  likely near /home/vagrant/.julia/v0.5/OCCA/test/runtests.jl:10
WARNING: Base.Uint is deprecated, use UInt instead.
  likely near /home/vagrant/.julia/v0.5/OCCA/test/runtests.jl:10
WARNING: Base.Uint is deprecated, use UInt instead.
  likely near /home/vagrant/.julia/v0.5/OCCA/test/runtests.jl:10
WARNING: Base.Uint is deprecated, use UInt instead.
  likely near /home/vagrant/.julia/v0.5/OCCA/test/runtests.jl:10
WARNING: Base.Uint is deprecated, use UInt instead.
  likely near /home/vagrant/.julia/v0.5/OCCA/test/runtests.jl:10
WARNING: Base.Uint is deprecated, use UInt instead.
  likely near /home/vagrant/.julia/v0.5/OCCA/test/runtests.jl:10
WARNING: Base.Uint is deprecated, use UInt instead.
  likely near /home/vagrant/.julia/v0.5/OCCA/test/runtests.jl:10
WARNING: Base.Uint8 is deprecated, use UInt8 instead.
  likely near /home/vagrant/.julia/v0.5/OCCA/test/runtests.jl:10
WARNING: Base.Uint8 is deprecated, use UInt8 instead.
  likely near /home/vagrant/.julia/v0.5/OCCA/test/runtests.jl:10
WARNING: Base.Uint8 is deprecated, use UInt8 instead.
  likely near /home/vagrant/.julia/v0.5/OCCA/test/runtests.jl:10
WARNING: Base.Uint8 is deprecated, use UInt8 instead.
  likely near /home/vagrant/.julia/v0.5/OCCA/test/runtests.jl:10
WARNING: Base.Uint8 is deprecated, use UInt8 instead.
  likely near /home/vagrant/.julia/v0.5/OCCA/test/runtests.jl:10
WARNING: Base.Uint8 is deprecated, use UInt8 instead.
  likely near /home/vagrant/.julia/v0.5/OCCA/test/runtests.jl:10
WARNING: Base.Uint8 is deprecated, use UInt8 instead.
  likely near /home/vagrant/.julia/v0.5/OCCA/test/runtests.jl:10
WARNING: Base.Uint8 is deprecated, use UInt8 instead.
  likely near /home/vagrant/.julia/v0.5/OCCA/test/runtests.jl:10
WARNING: Base.Uint8 is deprecated, use UInt8 instead.
  likely near /home/vagrant/.julia/v0.5/OCCA/test/runtests.jl:10
WARNING: Base.Uint8 is deprecated, use UInt8 instead.
  likely near /home/vagrant/.julia/v0.5/OCCA/test/runtests.jl:10
WARNING: Base.Uint8 is deprecated, use UInt8 instead.
  likely near /home/vagrant/.julia/v0.5/OCCA/test/runtests.jl:10
WARNING: Base.Uint8 is deprecated, use UInt8 instead.
  likely near /home/vagrant/.julia/v0.5/OCCA/test/runtests.jl:10
WARNING: Base.Uint8 is deprecated, use UInt8 instead.
  likely near /home/vagrant/.julia/v0.5/OCCA/test/runtests.jl:10
WARNING: Base.Uint8 is deprecated, use UInt8 instead.
  likely near /home/vagrant/.julia/v0.5/OCCA/test/runtests.jl:10
WARNING: Base.Uint is deprecated, use UInt instead.
  likely near /home/vagrant/.julia/v0.5/OCCA/test/runtests.jl:10
WARNING: Base.Uint is deprecated, use UInt instead.
  likely near /home/vagrant/.julia/v0.5/OCCA/test/runtests.jl:10
WARNING: Base.Uint is deprecated, use UInt instead.
  likely near /home/vagrant/.julia/v0.5/OCCA/test/runtests.jl:10
WARNING: Base.Uint is deprecated, use UInt instead.
  likely near /home/vagrant/.julia/v0.5/OCCA/test/runtests.jl:10
WARNING: Base.Uint is deprecated, use UInt instead.
  likely near /home/vagrant/.julia/v0.5/OCCA/test/runtests.jl:10
WARNING: Base.Uint is deprecated, use UInt instead.
  likely near /home/vagrant/.julia/v0.5/OCCA/test/runtests.jl:10
WARNING: Base.Uint is deprecated, use UInt instead.
  likely near /home/vagrant/.julia/v0.5/OCCA/test/runtests.jl:10
WARNING: Base.Uint is deprecated, use UInt instead.
  likely near /home/vagrant/.julia/v0.5/OCCA/test/runtests.jl:10
WARNING: Base.Uint is deprecated, use UInt instead.
  likely near /home/vagrant/.julia/v0.5/OCCA/test/runtests.jl:10
WARNING: Base.Uint is deprecated, use UInt instead.
  likely near /home/vagrant/.julia/v0.5/OCCA/test/runtests.jl:10
WARNING: Base.Uint is deprecated, use UInt instead.
  likely near /home/vagrant/.julia/v0.5/OCCA/test/runtests.jl:10
WARNING: Base.Uint is deprecated, use UInt instead.
  likely near /home/vagrant/.julia/v0.5/OCCA/test/runtests.jl:10
WARNING: Base.Uint is deprecated, use UInt instead.
  likely near /home/vagrant/.julia/v0.5/OCCA/test/runtests.jl:10
WARNING: Base.Uint is deprecated, use UInt instead.
  likely near /home/vagrant/.julia/v0.5/OCCA/test/runtests.jl:10
WARNING: Base.Uint is deprecated, use UInt instead.
  likely near /home/vagrant/.julia/v0.5/OCCA/test/runtests.jl:10
WARNING: Base.Uint is deprecated, use UInt instead.
  likely near /home/vagrant/.julia/v0.5/OCCA/test/runtests.jl:10
WARNING: Base.Uint is deprecated, use UInt instead.
  likely near /home/vagrant/.julia/v0.5/OCCA/test/runtests.jl:10
WARNING: Base.Uint is deprecated, use UInt instead.
  likely near /home/vagrant/.julia/v0.5/OCCA/test/runtests.jl:10
WARNING: Base.Uint is deprecated, use UInt instead.
  likely near /home/vagrant/.julia/v0.5/OCCA/test/runtests.jl:10
WARNING: Base.Uint is deprecated, use UInt instead.
  likely near /home/vagrant/.julia/v0.5/OCCA/test/runtests.jl:10
WARNING: Base.Uint is deprecated, use UInt instead.
  likely near /home/vagrant/.julia/v0.5/OCCA/test/runtests.jl:10
WARNING: Base.Uint is deprecated, use UInt instead.
  likely near /home/vagrant/.julia/v0.5/OCCA/test/runtests.jl:10
WARNING: Base.Uint is deprecated, use UInt instead.
  likely near /home/vagrant/.julia/v0.5/OCCA/test/runtests.jl:10
WARNING: Base.Uint8 is deprecated, use UInt8 instead.
  likely near /home/vagrant/.julia/v0.5/OCCA/test/runtests.jl:10
Error During Test
  Test threw an exception of type ErrorException
  Expression: test_openmp_okl_ofl_vectoradd("addVectors.ofl",TestBackend(testserial)) == true
  error compiling test_openmp_okl_ofl_vectoradd: could not load library "/home/vagrant/.julia/v0.5/OCCA/deps/OCCA2/lib/libocca.so"
  /home/vagrant/.julia/v0.5/OCCA/deps/OCCA2/lib/libocca.so: cannot open shared object file: No such file or directory
   in include_from_node1(::String) at ./loading.jl:426
   in process_options(::Base.JLOptions) at ./client.jl:266
   in _start() at ./client.jl:322
ERROR: LoadError: There was an error during testing
 in record(::Base.Test.FallbackTestSet, ::Base.Test.Error) at ./test.jl:321
 in do_test(::Base.Test.Threw, ::Expr) at ./test.jl:219
 in include_from_node1(::String) at ./loading.jl:426
 in process_options(::Base.JLOptions) at ./client.jl:266
 in _start() at ./client.jl:322
while loading /home/vagrant/.julia/v0.5/OCCA/test/runtests.jl, in expression starting on line 10
================================[ ERROR: OCCA ]=================================

failed process: Process(`/home/vagrant/julia/bin/julia -Cx86-64 -J/home/vagrant/julia/lib/julia/sys.so --compile=yes --check-bounds=yes --code-coverage=none --color=no /home/vagrant/.julia/v0.5/OCCA/test/runtests.jl`, ProcessExited(1)) [1]

================================================================================
ERROR: OCCA had test errors
 in #test#49(::Bool, ::Function, ::Array{AbstractString,1}) at ./pkg/entry.jl:693
 in (::Base.Pkg.Entry.#kw##test)(::Array{Any,1}, ::Base.Pkg.Entry.#test, ::Array{AbstractString,1}) at ./null:0
 in (::Base.Pkg.Dir.##2#3{Array{Any,1},Base.Pkg.Entry.#test,Tuple{Array{AbstractString,1}}})() at ./pkg/dir.jl:31
 in cd(::Base.Pkg.Dir.##2#3{Array{Any,1},Base.Pkg.Entry.#test,Tuple{Array{AbstractString,1}}}, ::String) at ./file.jl:59
 in #cd#1(::Array{Any,1}, ::Function, ::Function, ::Array{AbstractString,1}, ::Vararg{Array{AbstractString,1},N}) at ./pkg/dir.jl:31
 in (::Base.Pkg.Dir.#kw##cd)(::Array{Any,1}, ::Base.Pkg.Dir.#cd, ::Function, ::Array{AbstractString,1}, ::Vararg{Array{AbstractString,1},N}) at ./null:0
 in #test#3(::Bool, ::Function, ::String, ::Vararg{String,N}) at ./pkg.jl:245
 in test(::String, ::Vararg{String,N}) at ./pkg.jl:245
 in eval(::Module, ::Any) at ./boot.jl:225
 in process_options(::Base.JLOptions) at ./client.jl:243
 in _start() at ./client.jl:322

>>> End of log
