>>> 'Pkg.add("OpenDSSDirect")' log
INFO: Cloning cache of OpenDSSDirect from git://github.com/tshort/OpenDSSDirect.jl.git
INFO: Installing OpenDSSDirect v0.2.0
INFO: Package database updated

>>> 'Pkg.test("OpenDSSDirect")' log
Julia Version 0.4.7
Commit ae26b25 (2016-09-18 16:17 UTC)
Platform Info:
  System: Linux (x86_64-pc-linux-gnu)
  CPU: Intel(R) Xeon(R) CPU E3-1241 v3 @ 3.50GHz
  WORD_SIZE: 64
           Ubuntu 14.04.5 LTS
  uname: Linux 3.13.0-96-generic #143-Ubuntu SMP Mon Aug 29 20:15:20 UTC 2016 x86_64 x86_64
Memory: 2.9392929077148438 GB (462.53125 MB free)
Uptime: 11629.0 sec
Load Avg:  0.92919921875  0.96923828125  1.0185546875
Intel(R) Xeon(R) CPU E3-1241 v3 @ 3.50GHz: 
       speed         user         nice          sys         idle          irq
#1  3500 MHz     539462 s       3655 s      45844 s     460217 s         24 s
#2  3500 MHz     319020 s       4658 s      40658 s     765841 s          0 s

  BLAS: libopenblas (USE64BITINT DYNAMIC_ARCH NO_AFFINITY Nehalem)
  LAPACK: libopenblas64_
  LIBM: libopenlibm
  LLVM: libLLVM-3.3
Environment:
  TERM = vt100
  LD_LIBRARY_PATH = :/usr/local/lib/
  PATH = /usr/local/sbin:/usr/local/bin:/usr/sbin:/usr/bin:/sbin:/bin:/usr/games:/usr/local/games:/home/vagrant/julia/bin/
  JAVA_HOME = /usr/lib/jvm/java-7-oracle
  HOME = /home/vagrant

Package Directory: /home/vagrant/.julia/v0.4
2 required packages:
 - JSON                          0.8.0
 - OpenDSSDirect                 0.2.0
1 additional packages:
 - Compat                        0.9.2
INFO: Computing test dependencies for OpenDSSDirect...
INFO: Installing BaseTestNext v0.2.2
INFO: Testing OpenDSSDirect
WARNING: imported binding for Test overwritten in module Main
ERROR: LoadError: LoadError: error compiling anonymous: error compiling testnormalsolution: could not load library "/home/vagrant/.julia/v0.4/OpenDSSDirect/src\..\deps\win64\OpenDSSDirect.DLL"
/home/vagrant/.julia/v0.4/OpenDSSDirect/src\..\deps\win64\OpenDSSDirect.DLL: cannot open shared object file: No such file or directory
 in include at ./boot.jl:261
 in include_from_node1 at ./loading.jl:333
 in include at ./boot.jl:261
 in include_from_node1 at ./loading.jl:333
 in process_options at ./client.jl:280
 in _start at ./client.jl:378
while loading /home/vagrant/.julia/v0.4/OpenDSSDirect/test/lowlevel.jl, in expression starting on line 13
while loading /home/vagrant/.julia/v0.4/OpenDSSDirect/test/runtests.jl, in expression starting on line 2
============================[ ERROR: OpenDSSDirect ]============================

failed process: Process(`/home/vagrant/julia/bin/julia --check-bounds=yes --code-coverage=none --color=no /home/vagrant/.julia/v0.4/OpenDSSDirect/test/runtests.jl`, ProcessExited(1)) [1]

================================================================================
INFO: Removing BaseTestNext v0.2.2
ERROR: OpenDSSDirect had test errors
 in error at ./error.jl:21
 in test at pkg/entry.jl:803
 in anonymous at pkg/dir.jl:31
 in cd at file.jl:22
 in cd at pkg/dir.jl:31
 in test at pkg.jl:71
 in process_options at ./client.jl:257
 in _start at ./client.jl:378

>>> End of log
