>>> 'Pkg.add("OpenDSSDirect")' log
INFO: Cloning cache of OpenDSSDirect from https://github.com/tshort/OpenDSSDirect.jl.git
INFO: Installing OpenDSSDirect v0.2.0
INFO: Package database updated

>>> 'Pkg.test("OpenDSSDirect")' log
Julia Version 0.5.0-dev+4370
Commit 758aebc (2016-05-27 21:34 UTC)
Platform Info:
  System: Linux (x86_64-unknown-linux-gnu)
  CPU: Intel(R) Xeon(R) CPU E3-1241 v3 @ 3.50GHz
  WORD_SIZE: 64
  BLAS: libopenblas (USE64BITINT DYNAMIC_ARCH NO_AFFINITY Nehalem)
  LAPACK: libopenblas64_
  LIBM: libopenlibm
  LLVM: libLLVM-3.7.1 (ORCJIT, haswell)
INFO: Computing test dependencies for OpenDSSDirect...
INFO: Installing BaseTestNext v0.2.1
INFO: Testing OpenDSSDirect
WARNING: Base.OS_NAME is deprecated.
  likely near /home/vagrant/.julia/v0.5/OpenDSSDirect/src/OpenDSSDirect.jl:1
WARNING: symbol is deprecated, use Symbol instead.
 in depwarn(::String, ::Symbol) at ./deprecated.jl:64
 in symbol(::String, ::Vararg{String,N}) at ./deprecated.jl:30
 in def_helper(::Int64, ::Symbol, ::Symbol, ::Int64, ::Symbol, ::String, ::Symbol) at /home/vagrant/.julia/v0.5/OpenDSSDirect/src/api.jl:59
 in def_helper(::Int64, ::Symbol, ::Symbol, ::Int64, ::Symbol, ::String) at /home/vagrant/.julia/v0.5/OpenDSSDirect/src/api.jl:52
 in @def(::Int64, ::Vararg{Any,N}) at /home/vagrant/.julia/v0.5/OpenDSSDirect/src/api.jl:75
 in include_from_node1(::String) at ./loading.jl:426 (repeats 2 times)
 in eval(::Module, ::Any) at ./boot.jl:225
 in require(::Symbol) at ./loading.jl:357
 in include_from_node1(::String) at ./loading.jl:426 (repeats 3 times)
 in process_options(::Base.JLOptions) at ./client.jl:266
 in _start() at ./client.jl:322
while loading /home/vagrant/.julia/v0.5/OpenDSSDirect/src/api.jl, in expression starting on line 289
WARNING: `@windows_only` is deprecated, use `@static if is_windows()` instead
 in depwarn(::String, ::Symbol) at ./deprecated.jl:64
 in @windows_only(::Any) at ./deprecated.jl:1222
 in include_from_node1(::String) at ./loading.jl:426
 in eval(::Module, ::Any) at ./boot.jl:225
 in require(::Symbol) at ./loading.jl:357
 in include_from_node1(::String) at ./loading.jl:426 (repeats 3 times)
 in process_options(::Base.JLOptions) at ./client.jl:266
 in _start() at ./client.jl:322
while loading /home/vagrant/.julia/v0.5/OpenDSSDirect/src/OpenDSSDirect.jl, in expression starting on line 13
ERROR: LoadError: LoadError: error compiling anonymous: error compiling testnormalsolution: error compiling dss: error compiling DSSPut_Command: could not load library "/home/vagrant/.julia/v0.5/OpenDSSDirect/src\..\deps\win64\OpenDSSDirect.DLL"
/home/vagrant/.julia/v0.5/OpenDSSDirect/src\..\deps\win64\OpenDSSDirect.DLL.so: cannot open shared object file: No such file or directory
 in include_from_node1(::String) at ./loading.jl:426 (repeats 2 times)
 in process_options(::Base.JLOptions) at ./client.jl:266
 in _start() at ./client.jl:322
while loading /home/vagrant/.julia/v0.5/OpenDSSDirect/test/lowlevel.jl, in expression starting on line 13
while loading /home/vagrant/.julia/v0.5/OpenDSSDirect/test/runtests.jl, in expression starting on line 2
============================[ ERROR: OpenDSSDirect ]============================

failed process: Process(`/home/vagrant/julia/bin/julia -Cx86-64 -J/home/vagrant/julia/lib/julia/sys.so --compile=yes --check-bounds=yes --code-coverage=none --color=no /home/vagrant/.julia/v0.5/OpenDSSDirect/test/runtests.jl`, ProcessExited(1)) [1]

================================================================================
INFO: Removing BaseTestNext v0.2.1
ERROR: OpenDSSDirect had test errors
 in #test#49(::Bool, ::Function, ::Array{AbstractString,1}) at ./pkg/entry.jl:693
 in (::Base.Pkg.Entry.#kw##test)(::Array{Any,1}, ::Base.Pkg.Entry.#test, ::Array{AbstractString,1}) at ./null:0
 in (::Base.Pkg.Dir.##2#3{Array{Any,1},Base.Pkg.Entry.#test,Tuple{Array{AbstractString,1}}})() at ./pkg/dir.jl:31
 in cd(::Base.Pkg.Dir.##2#3{Array{Any,1},Base.Pkg.Entry.#test,Tuple{Array{AbstractString,1}}}, ::String) at ./file.jl:59
 in #cd#1(::Array{Any,1}, ::Function, ::Function, ::Array{AbstractString,1}, ::Vararg{Array{AbstractString,1},N}) at ./pkg/dir.jl:31
 in (::Base.Pkg.Dir.#kw##cd)(::Array{Any,1}, ::Base.Pkg.Dir.#cd, ::Function, ::Array{AbstractString,1}, ::Vararg{Array{AbstractString,1},N}) at ./null:0
 in #test#3(::Bool, ::Function, ::String, ::Vararg{String,N}) at ./pkg.jl:245
 in test(::String, ::Vararg{String,N}) at ./pkg.jl:245
 in eval(::Module, ::Any) at ./boot.jl:225
 in process_options(::Base.JLOptions) at ./client.jl:243
 in _start() at ./client.jl:322

>>> End of log
