>>> 'Pkg.add("ParallelAccelerator")' log
INFO: Cloning cache of CompilerTools from https://github.com/IntelLabs/CompilerTools.jl.git
INFO: Cloning cache of DocOpt from https://github.com/docopt/DocOpt.jl.git
INFO: Cloning cache of ParallelAccelerator from https://github.com/IntelLabs/ParallelAccelerator.jl.git
INFO: Installing CompilerTools v0.2.1
INFO: Installing DataStructures v0.5.3
INFO: Installing DocOpt v0.2.1
INFO: Installing ParallelAccelerator v0.2.2
INFO: Building ParallelAccelerator
ParallelAccelerator: build.jl begin.
ParallelAccelerator: Building j2c-array shared library
System installed BLAS found
Using g++ to build ParallelAccelerator array runtime.
ParallelAccelerator: build.jl done.
INFO: Package database updated
INFO: METADATA is out-of-date — you may not have the latest version of ParallelAccelerator
INFO: Use `Pkg.update()` to get the latest versions of your packages

>>> 'Pkg.test("ParallelAccelerator")' log
Julia Version 0.5.2
Commit f4c6c9d (2017-05-06 16:34 UTC)
Platform Info:
  OS: Linux (x86_64-pc-linux-gnu)
  CPU: Intel(R) Xeon(R) CPU E3-1241 v3 @ 3.50GHz
  WORD_SIZE: 64
           Ubuntu 14.04.5 LTS
  uname: Linux 3.13.0-119-generic #166-Ubuntu SMP Wed May 3 12:18:55 UTC 2017 x86_64 x86_64
Memory: 2.9392738342285156 GB (955.453125 MB free)
Uptime: 20283.0 sec
Load Avg:  1.1240234375  1.07568359375  1.05908203125
Intel(R) Xeon(R) CPU E3-1241 v3 @ 3.50GHz: 
       speed         user         nice          sys         idle          irq
#1  3499 MHz    1175456 s         69 s      95319 s     513169 s         19 s
#2  3499 MHz     348564 s       6582 s      48423 s    1591118 s          0 s

  BLAS: libopenblas (USE64BITINT DYNAMIC_ARCH NO_AFFINITY Nehalem)
  LAPACK: libopenblas64_
  LIBM: libopenlibm
  LLVM: libLLVM-3.7.1 (ORCJIT, haswell)
Environment:
  TERM = vt100
  LD_LIBRARY_PATH = :/usr/local/lib/
  PATH = /usr/local/sbin:/usr/local/bin:/usr/sbin:/usr/bin:/sbin:/bin:/usr/games:/usr/local/games:/home/vagrant/julia/bin/
  JAVA_HOME = /usr/lib/jvm/java-7-oracle
  HOME = /home/vagrant

Package Directory: /home/vagrant/.julia/v0.5
2 required packages:
 - JSON                          0.12.0
 - ParallelAccelerator           0.2.2
4 additional packages:
 - Compat                        0.25.2
 - CompilerTools                 0.2.1
 - DataStructures                0.5.3
 - DocOpt                        0.2.1
INFO: Computing test dependencies for ParallelAccelerator...
INFO: Cloning cache of ImageMagick from https://github.com/JuliaIO/ImageMagick.jl.git
INFO: Installing AxisAlgorithms v0.1.6
INFO: Installing AxisArrays v0.1.3
INFO: Installing BinDeps v0.6.0
INFO: Installing Cairo v0.3.0
INFO: Installing Calculus v0.2.2
INFO: Installing CatIndices v0.0.2
INFO: Installing ColorTypes v0.5.1
INFO: Installing ColorVectorSpace v0.4.3
INFO: Installing Colors v0.7.3
INFO: Installing ComputationalResources v0.0.2
INFO: Installing CoordinateTransformations v0.4.1
INFO: Installing CustomUnitRanges v0.0.4
INFO: Installing DualNumbers v0.3.0
INFO: Installing FFTViews v0.0.2
INFO: Installing FileIO v0.3.1
INFO: Installing FixedPointNumbers v0.3.8
INFO: Installing Graphics v0.2.0
INFO: Installing IdentityRanges v0.0.1
INFO: Installing ImageAxes v0.3.0
INFO: Installing ImageCore v0.3.3
INFO: Installing ImageFiltering v0.1.4
INFO: Installing ImageMagick v0.2.4
INFO: Installing ImageMetadata v0.2.3
INFO: Installing ImageTransformations v0.3.1
INFO: Installing Images v0.10.0
INFO: Installing IndirectArrays v0.1.1
INFO: Installing IniFile v0.3.1
INFO: Installing Interpolations v0.6.1
INFO: Installing IntervalSets v0.0.5
INFO: Installing MacroTools v0.3.6
INFO: Installing MappedArrays v0.0.7
INFO: Installing NaNMath v0.2.4
INFO: Installing OffsetArrays v0.3.0
INFO: Installing PaddedViews v0.1.0
INFO: Installing RangeArrays v0.2.0
INFO: Installing Ratios v0.1.0
INFO: Installing Reexport v0.0.3
INFO: Installing Rotations v0.3.5
INFO: Installing SHA v0.3.2
INFO: Installing SIUnits v0.1.0
INFO: Installing ShowItLikeYouBuildIt v0.0.1
INFO: Installing SimpleTraits v0.5.0
INFO: Installing SpecialFunctions v0.1.1
INFO: Installing StaticArrays v0.3.1
INFO: Installing StatsBase v0.15.0
INFO: Installing TexExtensions v0.0.3
INFO: Installing TiledIteration v0.0.2
INFO: Installing Tk v0.5.2
INFO: Installing URIParser v0.1.8
INFO: Installing Winston v0.13.0
INFO: Installing WoodburyMatrices v0.2.2
INFO: Building Cairo
WARNING: BinDeps.shlib_ext is deprecated.
  likely near /home/vagrant/.julia/v0.5/Cairo/deps/build.jl:112
INFO: Building ImageMagick
Installing dependency libmagickwand5 via `sudo apt-get install libmagickwand5`:
Reading package lists...
Building dependency tree...
Reading state information...
The following extra packages will be installed:
  imagemagick-common libfftw3-double3 liblqr-1-0 libmagickcore5
Suggested packages:
  libfftw3-bin libfftw3-dev libmagickcore5-extra
Recommended packages:
  ghostscript gsfonts
The following NEW packages will be installed:
  imagemagick-common libfftw3-double3 liblqr-1-0 libmagickcore5 libmagickwand5
0 upgraded, 5 newly installed, 0 to remove and 0 not upgraded.
1 not fully installed or removed.
Need to get 2,508 kB of archives.
After this operation, 9,919 kB of additional disk space will be used.
Get:1 http://archive.ubuntu.com/ubuntu/ trusty-updates/main imagemagick-common all 8:6.7.7.10-6ubuntu3.6 [38.0 kB]
Get:2 http://archive.ubuntu.com/ubuntu/ trusty/main libfftw3-double3 amd64 3.3.3-7ubuntu3 [702 kB]
Get:3 http://archive.ubuntu.com/ubuntu/ trusty/main liblqr-1-0 amd64 0.4.1-2ubuntu1 [23.4 kB]
Get:4 http://archive.ubuntu.com/ubuntu/ trusty-updates/main libmagickcore5 amd64 8:6.7.7.10-6ubuntu3.6 [1,478 kB]
Get:5 http://archive.ubuntu.com/ubuntu/ trusty-updates/main libmagickwand5 amd64 8:6.7.7.10-6ubuntu3.6 [266 kB]
dpkg-preconfigure: unable to re-open stdin: No such file or directory
Fetched 2,508 kB in 1s (1,731 kB/s)
Selecting previously unselected package imagemagick-common.
(Reading database ... 73320 files and directories currently installed.)
Preparing to unpack .../imagemagick-common_8%3a6.7.7.10-6ubuntu3.6_all.deb ...
Unpacking imagemagick-common (8:6.7.7.10-6ubuntu3.6) ...
Selecting previously unselected package libfftw3-double3:amd64.
Preparing to unpack .../libfftw3-double3_3.3.3-7ubuntu3_amd64.deb ...
Unpacking libfftw3-double3:amd64 (3.3.3-7ubuntu3) ...
Selecting previously unselected package liblqr-1-0:amd64.
Preparing to unpack .../liblqr-1-0_0.4.1-2ubuntu1_amd64.deb ...
Unpacking liblqr-1-0:amd64 (0.4.1-2ubuntu1) ...
Selecting previously unselected package libmagickcore5:amd64.
Preparing to unpack .../libmagickcore5_8%3a6.7.7.10-6ubuntu3.6_amd64.deb ...
Unpacking libmagickcore5:amd64 (8:6.7.7.10-6ubuntu3.6) ...
Selecting previously unselected package libmagickwand5:amd64.
Preparing to unpack .../libmagickwand5_8%3a6.7.7.10-6ubuntu3.6_amd64.deb ...
Unpacking libmagickwand5:amd64 (8:6.7.7.10-6ubuntu3.6) ...
Setting up oracle-java7-installer (7u80+7u60arm-0~webupd8~1) ...
Downloading Oracle Java 7...
--2017-05-23 10:00:14--  http://download.oracle.com/otn-pub/java/jdk/7u80-b15/jdk-7u80-linux-x64.tar.gz
Resolving download.oracle.com (download.oracle.com)... 104.96.210.29, 104.96.210.53
Connecting to download.oracle.com (download.oracle.com)|104.96.210.29|:80... connected.
HTTP request sent, awaiting response... 302 Moved Temporarily
Location: https://edelivery.oracle.com/otn-pub/java/jdk/7u80-b15/jdk-7u80-linux-x64.tar.gz [following]
--2017-05-23 10:00:14--  https://edelivery.oracle.com/otn-pub/java/jdk/7u80-b15/jdk-7u80-linux-x64.tar.gz
Resolving edelivery.oracle.com (edelivery.oracle.com)... 104.96.204.183, 2600:1400:d:181::2d3e, 2600:1400:d:185::2d3e
Connecting to edelivery.oracle.com (edelivery.oracle.com)|104.96.204.183|:443... connected.
HTTP request sent, awaiting response... 302 Moved Temporarily
Location: http://download.oracle.com/otn-pub/java/jdk/7u80-b15/jdk-7u80-linux-x64.tar.gz?AuthParam=1495533734_652986c581ec2e0e11e0804c80ffbc6e [following]
--2017-05-23 10:00:14--  http://download.oracle.com/otn-pub/java/jdk/7u80-b15/jdk-7u80-linux-x64.tar.gz?AuthParam=1495533734_652986c581ec2e0e11e0804c80ffbc6e
Connecting to download.oracle.com (download.oracle.com)|104.96.210.29|:80... connected.
HTTP request sent, awaiting response... 404 Not Found
2017-05-23 10:00:15 ERROR 404: Not Found.

download failed
Oracle JDK 7 is NOT installed.
dpkg: error processing package oracle-java7-installer (--configure):
 subprocess installed post-installation script returned error exit status 1
Setting up imagemagick-common (8:6.7.7.10-6ubuntu3.6) ...
Setting up libfftw3-double3:amd64 (3.3.3-7ubuntu3) ...
Setting up liblqr-1-0:amd64 (0.4.1-2ubuntu1) ...
Setting up libmagickcore5:amd64 (8:6.7.7.10-6ubuntu3.6) ...
Setting up libmagickwand5:amd64 (8:6.7.7.10-6ubuntu3.6) ...
Processing triggers for libc-bin (2.19-0ubuntu6.11) ...
Errors were encountered while processing:
 oracle-java7-installer
E: Sub-process /usr/bin/dpkg returned an error code (1)
=============================[ ERROR: ImageMagick ]=============================

LoadError: failed process: Process(`sudo apt-get install libmagickwand5`, ProcessExited(100)) [100]
while loading /home/vagrant/.julia/v0.5/ImageMagick/deps/build.jl, in expression starting on line 108

================================================================================
INFO: Building Tk

================================[ BUILD ERRORS ]================================

WARNING: ImageMagick had build errors.

 - packages with build errors remain installed in /home/vagrant/.julia/v0.5
 - build the package(s) and all dependencies with `Pkg.build("ImageMagick")`
 - build a single package by running its `deps/build.jl` script

================================================================================
INFO: Testing ParallelAccelerator
Testing parallel library functions...
Done testing parallel library functions.
Testing parfor support via @par macro...
Done testing parfor.
Testing map and reduce...
Done testing map and reduce.
Testing abs()...
Done testing abs().
Testing constant promotion for pointwise operations...
Done testing constant promotion.
Testing rand()...
Done testing rand()...
Testing BitArrays...
Done testing BitArrays.
Testing ranges...
Done testing ranges.
Testing sequential code...
Done testing sequential code.
Testing cat...
Done testing cat.
Testing hcat...
Done testing hcat.
Testing vcat...
Done testing vcat.
Testing ranges...
Done testing ranges.
Testing miscellaneous features...
Done testing miscellaneous features...
Done testing aug_assign.
Testing complex number support...
 test1 returns: 3.0 + 3.0im
Done testing complex number support.
Testing println()...
Done testing println().
Testing strings...
Done testing strings...
Testing logistic regression...
Done testing logistic regression...
Testing kmeans...
Done testing kmeans...
testing gemv...
/tmp/tmp0Dikvh/cgen_output69.cpp: In function ‘void ppgemv_t2p1147(j2c_array<double>&, j2c_array<double>&, j2c_array<double>*)’:
/tmp/tmp0Dikvh/cgen_output69.cpp:30:68: error: ‘cblas_domatcopy’ was not declared in this scope
              A.data, A.ARRAYSIZE(1), SSAValue2.data, A.ARRAYSIZE(2));
                                                                    ^
/tmp/tmp0Dikvh/cgen_output69.cpp: In function ‘void ppgemv_t2p1147_unaliased(j2c_array<double>&, j2c_array<double>&, j2c_array<double>*)’:
/tmp/tmp0Dikvh/cgen_output69.cpp:48:68: error: ‘cblas_domatcopy’ was not declared in this scope
              A.data, A.ARRAYSIZE(1), SSAValue2.data, A.ARRAYSIZE(2));
                                                                    ^
OptFramework failed to optimize function TestGemv.##gemv_t2#1147 in optimization pass ParallelAccelerator.Driver.toCGen with error ErrorException("failed process: Process(`g++ -O3 -fopenmp -std=c++11 -g -fpic -c -o /tmp/tmp0Dikvh/cgen_output69.o /tmp/tmp0Dikvh/cgen_output69.cpp`, ProcessExited(1)) [1]")
Done testing gemv.
testing transpose...
/tmp/tmp0Dikvh/cgen_output70.cpp: In function ‘void pptranspose_tp1159(j2c_array<double>&, j2c_array<double>*)’:
/tmp/tmp0Dikvh/cgen_output70.cpp:26:68: error: ‘cblas_domatcopy’ was not declared in this scope
              A.data, A.ARRAYSIZE(1), SSAValue0.data, A.ARRAYSIZE(2));
                                                                    ^
/tmp/tmp0Dikvh/cgen_output70.cpp: In function ‘void pptranspose_tp1159_unaliased(j2c_array<double>&, j2c_array<double>*)’:
/tmp/tmp0Dikvh/cgen_output70.cpp:37:68: error: ‘cblas_domatcopy’ was not declared in this scope
              A.data, A.ARRAYSIZE(1), SSAValue0.data, A.ARRAYSIZE(2));
                                                                    ^
OptFramework failed to optimize function TestTranspose.##transpose_t#1159 in optimization pass ParallelAccelerator.Driver.toCGen with error ErrorException("failed process: Process(`g++ -O3 -fopenmp -std=c++11 -g -fpic -c -o /tmp/tmp0Dikvh/cgen_output70.o /tmp/tmp0Dikvh/cgen_output70.cpp`, ProcessExited(1)) [1]")
Done testing transpose.
testing vecnorm...
Done testing vecnorm.
Testing broadcast...
test3 C = [1 2 3; 8 10 12]
Done testing broadcast.
iterations = 10000000
SELFPRIMED 4.104920562
checksum: 2.0954821257116845e8
rate = 7.429567495826459e6 opts/sec
SELFTIMED 1.34597337
points = 10000000
SELFPRIMED 2.008167076
pi = 3.1416152
SELFTIMED 0.19674647
nframes = 2
filenames = String["small_001.dat","small_002.dat"]
checksums = Float32[80751.4,80818.0]
Image size: 584x388
SELFPRIMED 17.494353571
checksum: -286138.94 -210112.47
SELFTIMED 11.785234832
iterations = 30
centers = 5
number of points = 50000
SELFPRIMED 2.999482569
result = [0.469374 0.671823 0.315126 0.446389 0.594346; 0.516521 0.528091 0.470279 0.478935 0.508802; 0.524964 0.447193 0.486217 0.510205 0.522392; 0.487583 0.482931 0.550094 0.485121 0.500589; 0.500389 0.51133 0.502971 0.508055 0.478421; 0.49261 0.58604 0.502821 0.443875 0.495966; 0.546069 0.465001 0.383458 0.482562 0.613664; 0.524085 0.475464 0.490619 0.507112 0.506561; 0.519403 0.543181 0.459459 0.487795 0.484673; 0.485432 0.501319 0.493136 0.543487 0.470347; 0.510297 0.48137 0.488963 0.517453 0.50224; 0.541279 0.469148 0.527048 0.464076 0.496282; 0.518074 0.700803 0.632964 0.360772 0.296761; 0.634056 0.334238 0.617428 0.541051 0.36878; 0.768177 0.376002 0.456137 0.288844 0.591229; 0.469541 0.408986 0.562071 0.587838 0.460745; 0.519445 0.467891 0.544127 0.453778 0.512287; 0.694767 0.533957 0.262744 0.725514 0.285836; 0.444311 0.472879 0.538616 0.508594 0.53317; 0.423411 0.37585 0.500841 0.615588 0.590879]
rate = 18.953801185554326 iterations/sec
SELFTIMED 1.582795963
iterations = 50
SELFPRIMED 2.128043487
result = [1335.75 1394.38 1407.47 1409.63 1357.14 1389.09 1363.94 1303.9 1313.46 1334.56]
rate = 1180.8720456647943 iterations/sec
SELFTIMED 0.04234159
in -3
Hello world!
INFO: ParallelAccelerator tests passed
INFO: Removing AxisAlgorithms v0.1.6
INFO: Removing AxisArrays v0.1.3
INFO: Removing BinDeps v0.6.0
INFO: Removing Cairo v0.3.0
INFO: Removing Calculus v0.2.2
INFO: Removing CatIndices v0.0.2
INFO: Removing ColorTypes v0.5.1
INFO: Removing ColorVectorSpace v0.4.3
INFO: Removing Colors v0.7.3
INFO: Removing ComputationalResources v0.0.2
INFO: Removing CoordinateTransformations v0.4.1
INFO: Removing CustomUnitRanges v0.0.4
INFO: Removing DualNumbers v0.3.0
INFO: Removing FFTViews v0.0.2
INFO: Removing FileIO v0.3.1
INFO: Removing FixedPointNumbers v0.3.8
INFO: Removing Graphics v0.2.0
INFO: Removing IdentityRanges v0.0.1
INFO: Removing ImageAxes v0.3.0
INFO: Removing ImageCore v0.3.3
INFO: Removing ImageFiltering v0.1.4
INFO: Removing ImageMagick v0.2.4
INFO: Removing ImageMetadata v0.2.3
INFO: Removing ImageTransformations v0.3.1
INFO: Removing Images v0.10.0
INFO: Removing IndirectArrays v0.1.1
INFO: Removing IniFile v0.3.1
INFO: Removing Interpolations v0.6.1
INFO: Removing IntervalSets v0.0.5
INFO: Removing MacroTools v0.3.6
INFO: Removing MappedArrays v0.0.7
INFO: Removing NaNMath v0.2.4
INFO: Removing OffsetArrays v0.3.0
INFO: Removing PaddedViews v0.1.0
INFO: Removing RangeArrays v0.2.0
INFO: Removing Ratios v0.1.0
INFO: Removing Reexport v0.0.3
INFO: Removing Rotations v0.3.5
INFO: Removing SHA v0.3.2
INFO: Removing SIUnits v0.1.0
INFO: Removing ShowItLikeYouBuildIt v0.0.1
INFO: Removing SimpleTraits v0.5.0
INFO: Removing SpecialFunctions v0.1.1
INFO: Removing StaticArrays v0.3.1
INFO: Removing StatsBase v0.15.0
INFO: Removing TexExtensions v0.0.3
INFO: Removing TiledIteration v0.0.2
INFO: Removing Tk v0.5.2
INFO: Removing URIParser v0.1.8
INFO: Removing Winston v0.13.0
INFO: Removing WoodburyMatrices v0.2.2

>>> End of log
