>>> 'Pkg.add("ScikitLearn")' log
INFO: Cloning cache of ScikitLearn from git://github.com/cstjean/ScikitLearn.jl.git
INFO: Installing BinDeps v0.4.7
INFO: Installing Conda v0.5.3
INFO: Installing DataStructures v0.5.3
INFO: Installing Iterators v0.3.1
INFO: Installing MacroTools v0.3.6
INFO: Installing Parameters v0.5.0
INFO: Installing PyCall v1.11.1
INFO: Installing Requires v0.2.3
INFO: Installing SHA v0.3.2
INFO: Installing ScikitLearn v0.2.4
INFO: Installing ScikitLearnBase v0.2.2
INFO: Installing StatsBase v0.12.0
INFO: Installing URIParser v0.1.8
INFO: Building Conda
INFO: Building PyCall
INFO: Using the Python distribution in the Conda package by default.
To use a different Python version, set ENV["PYTHON"]="pythoncommand" and re-run Pkg.build("PyCall").
Fetching package metadata .........
Solving package specifications: .

# All requested packages already installed.
# packages in environment at /home/vagrant/.julia/v0.4/Conda/deps/usr:
#
numpy                     1.12.1                   py27_0  
INFO: PyCall is using /home/vagrant/.julia/v0.4/Conda/deps/usr/bin/python (Python 2.7.13) at /home/vagrant/.julia/v0.4/Conda/deps/usr/bin/python, libpython = /home/vagrant/.julia/v0.4/Conda/deps/usr/lib/libpython2.7
INFO: /home/vagrant/.julia/v0.4/PyCall/deps/deps.jl has not changed
INFO: /home/vagrant/.julia/v0.4/PyCall/deps/PYTHON has not changed
INFO: Package database updated
INFO: METADATA is out-of-date — you may not have the latest version of ScikitLearn
INFO: Use `Pkg.update()` to get the latest versions of your packages

>>> 'Pkg.test("ScikitLearn")' log
Julia Version 0.4.7
Commit ae26b25 (2016-09-18 16:17 UTC)
Platform Info:
  System: Linux (x86_64-pc-linux-gnu)
  CPU: Intel(R) Xeon(R) CPU E3-1241 v3 @ 3.50GHz
  WORD_SIZE: 64
           Ubuntu 14.04.5 LTS
  uname: Linux 3.13.0-117-generic #164-Ubuntu SMP Fri Apr 7 11:05:26 UTC 2017 x86_64 x86_64
Memory: 2.9392738342285156 GB (452.51171875 MB free)
Uptime: 32122.0 sec
Load Avg:  1.05908203125  1.08251953125  1.04052734375
Intel(R) Xeon(R) CPU E3-1241 v3 @ 3.50GHz: 
       speed         user         nice          sys         idle          irq
#1  3499 MHz    1578207 s       6688 s     119199 s    1174515 s         58 s
#2  3499 MHz    1030836 s       2547 s     101684 s    1969702 s          0 s

  BLAS: libopenblas (USE64BITINT DYNAMIC_ARCH NO_AFFINITY Nehalem)
  LAPACK: libopenblas64_
  LIBM: libopenlibm
  LLVM: libLLVM-3.3
Environment:
  TERM = vt100
  LD_LIBRARY_PATH = :/usr/local/lib/
  PATH = /usr/local/sbin:/usr/local/bin:/usr/sbin:/usr/bin:/sbin:/bin:/usr/games:/usr/local/games:/home/vagrant/julia/bin/
  JAVA_HOME = /usr/lib/jvm/java-7-oracle
  HOME = /home/vagrant

Package Directory: /home/vagrant/.julia/v0.4
2 required packages:
 - JSON                          0.9.1
 - ScikitLearn                   0.2.4
13 additional packages:
 - BinDeps                       0.4.7
 - Compat                        0.24.0
 - Conda                         0.5.3
 - DataStructures                0.5.3
 - Iterators                     0.3.1
 - MacroTools                    0.3.6
 - Parameters                    0.5.0
 - PyCall                        1.11.1
 - Requires                      0.2.3
 - SHA                           0.3.2
 - ScikitLearnBase               0.2.2
 - StatsBase                     0.12.0
 - URIParser                     0.1.8
INFO: Computing test dependencies for ScikitLearn...
INFO: Cloning cache of GaussianMixtures from git://github.com/davidavdav/GaussianMixtures.jl.git
INFO: Cloning cache of GaussianProcesses from git://github.com/STOR-i/GaussianProcesses.jl.git
INFO: Installing ArrayViews v0.6.4
INFO: Installing Blosc v0.2.0
INFO: Installing Calculus v0.2.2
INFO: Installing Clustering v0.7.0
INFO: Installing ColorTypes v0.2.12
INFO: Installing Colors v0.6.9
INFO: Installing Combinatorics v0.2.1
INFO: Installing DataArrays v0.3.12
INFO: Installing DataFrames v0.8.5
INFO: Installing DecisionTree v0.5.1
INFO: Installing DiffBase v0.0.5
INFO: Installing Distances v0.3.2
INFO: Installing Distributions v0.11.1
INFO: Installing DualNumbers v0.3.0
INFO: Installing FileIO v0.2.2
INFO: Installing FixedPointNumbers v0.2.1
INFO: Installing ForwardDiff v0.3.5
INFO: Installing GZip v0.2.20
INFO: Installing GaussianMixtures v0.1.0
INFO: Installing GaussianProcesses v0.2.1
INFO: Installing HDF5 v0.7.3
INFO: Installing Hiccup v0.0.3
INFO: Installing JLD v0.6.10
INFO: Installing Juno v0.2.7
INFO: Installing LaTeXStrings v0.2.1
INFO: Installing Lazy v0.11.6
INFO: Installing LegacyStrings v0.2.1
INFO: Installing LineSearches v0.1.5
INFO: Installing LowRankModels v0.1.2
INFO: Installing Media v0.2.7
INFO: Installing NBInclude v1.1.0
INFO: Installing NMF v0.2.5
INFO: Installing NaNMath v0.2.4
INFO: Installing NearestNeighbors v0.0.5
INFO: Installing Optim v0.4.7
INFO: Installing PDMats v0.6.0
INFO: Installing PolynomialFactors v0.0.4
INFO: Installing Polynomials v0.1.5
INFO: Installing PositiveFactorizations v0.0.4
INFO: Installing Primes v0.1.3
INFO: Installing PyPlot v2.3.1
INFO: Installing RData v0.0.4
INFO: Installing RDatasets v0.2.0
INFO: Installing Reexport v0.0.3
INFO: Installing Rmath v0.1.6
INFO: Installing Roots v0.3.0
INFO: Installing SortingAlgorithms v0.1.1
INFO: Installing StatsFuns v0.4.0
INFO: Building Blosc
INFO: Building Rmath
INFO: Building HDF5
INFO: Building Conda
INFO: Building PyCall
INFO: Using the Python distribution in the Conda package by default.
To use a different Python version, set ENV["PYTHON"]="pythoncommand" and re-run Pkg.build("PyCall").
Fetching package metadata .........
Solving package specifications: .

# All requested packages already installed.
# packages in environment at /home/vagrant/.julia/v0.4/Conda/deps/usr:
#
numpy                     1.12.1                   py27_0  
INFO: PyCall is using /home/vagrant/.julia/v0.4/Conda/deps/usr/bin/python (Python 2.7.13) at /home/vagrant/.julia/v0.4/Conda/deps/usr/bin/python, libpython = /home/vagrant/.julia/v0.4/Conda/deps/usr/lib/libpython2.7
INFO: /home/vagrant/.julia/v0.4/PyCall/deps/deps.jl has not changed
INFO: /home/vagrant/.julia/v0.4/PyCall/deps/PYTHON has not changed
INFO: Testing ScikitLearn
INFO: Installing sklearn via the Conda scikit-learn package...
Fetching package metadata .........
Solving package specifications: .

Package plan for installation in environment /home/vagrant/.julia/v0.4/Conda/deps/usr:

The following NEW packages will be INSTALLED:

    scikit-learn: 0.18.1-np112py27_1

scikit-learn-0   0% |                              | ETA:  --:--:--   0.00  B/sscikit-learn-0   1% |                               | ETA:  0:00:00  17.01 MB/sscikit-learn-0   2% |                               | ETA:  0:00:00  17.33 MB/sscikit-learn-0   3% |                               | ETA:  0:00:00  18.71 MB/sscikit-learn-0   4% |#                              | ETA:  0:00:00  19.99 MB/sscikit-learn-0   5% |#                              | ETA:  0:00:00  21.06 MB/sscikit-learn-0   6% |#                              | ETA:  0:00:00  22.30 MB/sscikit-learn-0   7% |##                             | ETA:  0:00:00  23.16 MB/sscikit-learn-0   8% |##                             | ETA:  0:00:00  23.33 MB/sscikit-learn-0   9% |##                             | ETA:  0:00:00  23.69 MB/sscikit-learn-0  10% |###                            | ETA:  0:00:00  24.18 MB/sscikit-learn-0  11% |###                            | ETA:  0:00:00  23.82 MB/sscikit-learn-0  12% |###                            | ETA:  0:00:00  23.49 MB/sscikit-learn-0  13% |####                           | ETA:  0:00:00  23.63 MB/sscikit-learn-0  14% |####                           | ETA:  0:00:00  24.30 MB/sscikit-learn-0  15% |####                           | ETA:  0:00:00  24.87 MB/sscikit-learn-0  16% |####                           | ETA:  0:00:00  25.33 MB/sscikit-learn-0  17% |#####                          | ETA:  0:00:00  25.77 MB/sscikit-learn-0  18% |#####                          | ETA:  0:00:00  26.21 MB/sscikit-learn-0  19% |#####                          | ETA:  0:00:00  25.94 MB/sscikit-learn-0  20% |######                         | ETA:  0:00:00  25.85 MB/sscikit-learn-0  21% |######                         | ETA:  0:00:00  25.87 MB/sscikit-learn-0  22% |######                         | ETA:  0:00:00  25.87 MB/sscikit-learn-0  23% |#######                        | ETA:  0:00:00  25.84 MB/sscikit-learn-0  24% |#######                        | ETA:  0:00:00  25.87 MB/sscikit-learn-0  25% |#######                        | ETA:  0:00:00  25.99 MB/sscikit-learn-0  26% |########                       | ETA:  0:00:00  26.12 MB/sscikit-learn-0  27% |########                       | ETA:  0:00:00  26.19 MB/sscikit-learn-0  28% |########                       | ETA:  0:00:00  26.26 MB/sscikit-learn-0  29% |########                       | ETA:  0:00:00  26.32 MB/sscikit-learn-0  30% |#########                      | ETA:  0:00:00  26.30 MB/sscikit-learn-0  31% |#########                      | ETA:  0:00:00  26.21 MB/sscikit-learn-0  32% |#########                      | ETA:  0:00:00  26.29 MB/sscikit-learn-0  33% |##########                     | ETA:  0:00:00  26.38 MB/sscikit-learn-0  34% |##########                     | ETA:  0:00:00  26.34 MB/sscikit-learn-0  35% |##########                     | ETA:  0:00:00  26.37 MB/sscikit-learn-0  36% |###########                    | ETA:  0:00:00  26.41 MB/sscikit-learn-0  37% |###########                    | ETA:  0:00:00  26.43 MB/sscikit-learn-0  38% |###########                    | ETA:  0:00:00  26.46 MB/sscikit-learn-0  39% |############                   | ETA:  0:00:00  26.46 MB/sscikit-learn-0  40% |############                   | ETA:  0:00:00  26.49 MB/sscikit-learn-0  41% |############                   | ETA:  0:00:00  26.61 MB/sscikit-learn-0  42% |#############                  | ETA:  0:00:00  26.62 MB/sscikit-learn-0  43% |#############                  | ETA:  0:00:00  26.49 MB/sscikit-learn-0  44% |#############                  | ETA:  0:00:00  26.54 MB/sscikit-learn-0  45% |#############                  | ETA:  0:00:00  26.54 MB/sscikit-learn-0  46% |##############                 | ETA:  0:00:00  26.51 MB/sscikit-learn-0  47% |##############                 | ETA:  0:00:00  26.41 MB/sscikit-learn-0  48% |##############                 | ETA:  0:00:00  26.30 MB/sscikit-learn-0  49% |###############                | ETA:  0:00:00  26.24 MB/sscikit-learn-0  50% |###############                | ETA:  0:00:00  26.33 MB/sscikit-learn-0  51% |###############                | ETA:  0:00:00  26.50 MB/sscikit-learn-0  52% |################               | ETA:  0:00:00  26.32 MB/sscikit-learn-0  53% |################               | ETA:  0:00:00  26.23 MB/sscikit-learn-0  54% |################               | ETA:  0:00:00  26.19 MB/sscikit-learn-0  55% |#################              | ETA:  0:00:00  26.11 MB/sscikit-learn-0  56% |#################              | ETA:  0:00:00  26.05 MB/sscikit-learn-0  57% |#################              | ETA:  0:00:00  26.03 MB/sscikit-learn-0  58% |#################              | ETA:  0:00:00  26.01 MB/sscikit-learn-0  59% |##################             | ETA:  0:00:00  26.09 MB/sscikit-learn-0  60% |##################             | ETA:  0:00:00  26.14 MB/sscikit-learn-0  61% |##################             | ETA:  0:00:00  26.18 MB/sscikit-learn-0  62% |###################            | ETA:  0:00:00  26.21 MB/sscikit-learn-0  63% |###################            | ETA:  0:00:00  26.21 MB/sscikit-learn-0  64% |###################            | ETA:  0:00:00  26.18 MB/sscikit-learn-0  65% |####################           | ETA:  0:00:00  26.19 MB/sscikit-learn-0  66% |####################           | ETA:  0:00:00  26.21 MB/sscikit-learn-0  67% |####################           | ETA:  0:00:00  26.26 MB/sscikit-learn-0  68% |#####################          | ETA:  0:00:00  26.30 MB/sscikit-learn-0  69% |#####################          | ETA:  0:00:00  26.24 MB/sscikit-learn-0  70% |#####################          | ETA:  0:00:00  26.22 MB/sscikit-learn-0  71% |######################         | ETA:  0:00:00  26.24 MB/sscikit-learn-0  72% |######################         | ETA:  0:00:00  26.25 MB/sscikit-learn-0  73% |######################         | ETA:  0:00:00  26.25 MB/sscikit-learn-0  74% |######################         | ETA:  0:00:00  26.27 MB/sscikit-learn-0  75% |#######################        | ETA:  0:00:00  26.28 MB/sscikit-learn-0  76% |#######################        | ETA:  0:00:00  26.30 MB/sscikit-learn-0  77% |#######################        | ETA:  0:00:00  26.33 MB/sscikit-learn-0  78% |########################       | ETA:  0:00:00  26.23 MB/sscikit-learn-0  79% |########################       | ETA:  0:00:00  26.17 MB/sscikit-learn-0  80% |########################       | ETA:  0:00:00  26.29 MB/sscikit-learn-0  81% |#########################      | ETA:  0:00:00  26.36 MB/sscikit-learn-0  82% |#########################      | ETA:  0:00:00  26.49 MB/sscikit-learn-0  83% |#########################      | ETA:  0:00:00  26.54 MB/sscikit-learn-0  84% |##########################     | ETA:  0:00:00  26.63 MB/sscikit-learn-0  85% |##########################     | ETA:  0:00:00  26.67 MB/sscikit-learn-0  86% |##########################     | ETA:  0:00:00  26.82 MB/sscikit-learn-0  87% |##########################     | ETA:  0:00:00  26.97 MB/sscikit-learn-0  88% |###########################    | ETA:  0:00:00  27.13 MB/sscikit-learn-0  89% |###########################    | ETA:  0:00:00  26.96 MB/sscikit-learn-0  90% |###########################    | ETA:  0:00:00  27.05 MB/sscikit-learn-0  91% |############################   | ETA:  0:00:00  27.17 MB/sscikit-learn-0  92% |############################   | ETA:  0:00:00  27.20 MB/sscikit-learn-0  93% |############################   | ETA:  0:00:00  27.14 MB/sscikit-learn-0  94% |#############################  | ETA:  0:00:00  27.16 MB/sscikit-learn-0  95% |#############################  | ETA:  0:00:00  27.26 MB/sscikit-learn-0  96% |#############################  | ETA:  0:00:00  26.77 MB/sscikit-learn-0  97% |############################## | ETA:  0:00:00  26.84 MB/sscikit-learn-0  98% |############################## | ETA:  0:00:00  26.83 MB/sscikit-learn-0  99% |############################## | ETA:  0:00:00  26.95 MB/sscikit-learn-0 100% |###############################| Time: 0:00:00  27.05 MB/s
WARNING:  from Parameters.jl:

On Julia 0.4: the macros @unpack and @pack in Parameters.jl ≥v0.5
lead to type-unstable code.  If that is a problem either
upgrade to Julia 0.5 or downgrade Parameters.jl to v0.4 and
use the old unpack syntax.

(This warning should only show once during pre-compilation)
WARNING: Method definition score_samples(PyCall.PyObject, Any...) in module Skcore at /home/vagrant/.julia/v0.4/ScikitLearn/test/../src/Skcore.jl:95 overwritten in module Skcore at /home/vagrant/.julia/v0.4/ScikitLearn/src/Skcore.jl:95.
WARNING: Method definition score_samples(Array, PyCall.PyObject, Any...) in module Skcore overwritten in module Skcore.
WARNING: Method definition predict_proba(PyCall.PyObject, Any...) in module Skcore at /home/vagrant/.julia/v0.4/ScikitLearn/test/../src/Skcore.jl:95 overwritten in module Skcore at /home/vagrant/.julia/v0.4/ScikitLearn/src/Skcore.jl:95.
WARNING: Method definition predict_proba(Any, Any) in module Skcore at /home/vagrant/.julia/v0.4/ScikitLearn/test/../src/grid_search.jl:358 overwritten in module Skcore at /home/vagrant/.julia/v0.4/ScikitLearn/src/grid_search.jl:358.
WARNING: Method definition predict_proba(Array, PyCall.PyObject, Any...) in module Skcore overwritten in module Skcore.
WARNING: Method definition fit_transform!(PyCall.PyObject, Any...) in module Skcore at /home/vagrant/.julia/v0.4/ScikitLearn/test/../src/Skcore.jl:95 overwritten in module Skcore at /home/vagrant/.julia/v0.4/ScikitLearn/src/Skcore.jl:95.
WARNING: Method definition fit_transform!(Array, PyCall.PyObject, Any...) in module Skcore overwritten in module Skcore.
WARNING: Method definition set_params!(PyCall.PyObject, Any...) in module Skcore at /home/vagrant/.julia/v0.4/ScikitLearn/test/../src/Skcore.jl:95 overwritten in module Skcore at /home/vagrant/.julia/v0.4/ScikitLearn/src/Skcore.jl:95.
WARNING: Method definition set_params!(Array, PyCall.PyObject, Any...) in module Skcore overwritten in module Skcore.
WARNING: Method definition get_params(PyCall.PyObject, Any...) in module Skcore at /home/vagrant/.julia/v0.4/ScikitLearn/test/../src/Skcore.jl:95 overwritten in module Skcore at /home/vagrant/.julia/v0.4/ScikitLearn/src/Skcore.jl:95.
WARNING: Method definition get_params(Array, PyCall.PyObject, Any...) in module Skcore overwritten in module Skcore.
WARNING: Method definition predict_log_proba(PyCall.PyObject, Any...) in module Skcore at /home/vagrant/.julia/v0.4/ScikitLearn/test/../src/Skcore.jl:95 overwritten in module Skcore at /home/vagrant/.julia/v0.4/ScikitLearn/src/Skcore.jl:95.
WARNING: Method definition predict_log_proba(Any, Any) in module Skcore at /home/vagrant/.julia/v0.4/ScikitLearn/test/../src/grid_search.jl:358 overwritten in module Skcore at /home/vagrant/.julia/v0.4/ScikitLearn/src/grid_search.jl:358.
WARNING: Method definition predict_log_proba(Array, PyCall.PyObject, Any...) in module Skcore overwritten in module Skcore.
WARNING: Method definition decision_function(PyCall.PyObject, Any...) in module Skcore at /home/vagrant/.julia/v0.4/ScikitLearn/test/../src/Skcore.jl:95 overwritten in module Skcore at /home/vagrant/.julia/v0.4/ScikitLearn/src/Skcore.jl:95.
WARNING: Method definition decision_function(Any, Any) in module Skcore at /home/vagrant/.julia/v0.4/ScikitLearn/test/../src/grid_search.jl:358 overwritten in module Skcore at /home/vagrant/.julia/v0.4/ScikitLearn/src/grid_search.jl:358.
WARNING: Method definition decision_function(Array, PyCall.PyObject, Any...) in module Skcore overwritten in module Skcore.
WARNING: Method definition fit!(PyCall.PyObject, Any...) in module Skcore at /home/vagrant/.julia/v0.4/ScikitLearn/test/../src/Skcore.jl:95 overwritten in module Skcore at /home/vagrant/.julia/v0.4/ScikitLearn/src/Skcore.jl:95.
WARNING: Method definition fit!(Array, PyCall.PyObject, Any...) in module Skcore overwritten in module Skcore.
WARNING: Method definition partial_fit!(PyCall.PyObject, Any...) in module Skcore at /home/vagrant/.julia/v0.4/ScikitLearn/test/../src/Skcore.jl:95 overwritten in module Skcore at /home/vagrant/.julia/v0.4/ScikitLearn/src/Skcore.jl:95.
WARNING: Method definition partial_fit!(Array, PyCall.PyObject, Any...) in module Skcore overwritten in module Skcore.
WARNING: Method definition transform(PyCall.PyObject, Any...) in module Skcore at /home/vagrant/.julia/v0.4/ScikitLearn/test/../src/Skcore.jl:95 overwritten in module Skcore at /home/vagrant/.julia/v0.4/ScikitLearn/src/Skcore.jl:95.
WARNING: Method definition transform(Any, Any) in module Skcore at /home/vagrant/.julia/v0.4/ScikitLearn/test/../src/grid_search.jl:358 overwritten in module Skcore at /home/vagrant/.julia/v0.4/ScikitLearn/src/grid_search.jl:358.
WARNING: Method definition transform(Array, PyCall.PyObject, Any...) in module Skcore overwritten in module Skcore.
WARNING: Method definition is_classifier(PyCall.PyObject) in module Skcore at /home/vagrant/.julia/v0.4/ScikitLearn/test/../src/Skcore.jl:49 overwritten in module Skcore at /home/vagrant/.julia/v0.4/ScikitLearn/src/Skcore.jl:49.
WARNING: Method definition get_components(PyCall.PyObject) in module Skcore at /home/vagrant/.julia/v0.4/ScikitLearn/test/../src/Skcore.jl:56 overwritten in module Skcore at /home/vagrant/.julia/v0.4/ScikitLearn/src/Skcore.jl:56.
WARNING: Method definition sample(PyCall.PyObject, Any...) in module Skcore at /home/vagrant/.julia/v0.4/ScikitLearn/test/../src/Skcore.jl:95 overwritten in module Skcore at /home/vagrant/.julia/v0.4/ScikitLearn/src/Skcore.jl:95.
WARNING: Method definition sample(Array, PyCall.PyObject, Any...) in module Skcore overwritten in module Skcore.
WARNING: Method definition clone(PyCall.PyObject) in module Skcore at /home/vagrant/.julia/v0.4/ScikitLearn/test/../src/Skcore.jl:48 overwritten in module Skcore at /home/vagrant/.julia/v0.4/ScikitLearn/src/Skcore.jl:48.
WARNING: Method definition score(PyCall.PyObject, Any...) in module Skcore at /home/vagrant/.julia/v0.4/ScikitLearn/test/../src/Skcore.jl:95 overwritten in module Skcore at /home/vagrant/.julia/v0.4/ScikitLearn/src/Skcore.jl:95.
WARNING: Method definition score(Array, PyCall.PyObject, Any...) in module Skcore overwritten in module Skcore.
WARNING: Method definition inverse_transform(PyCall.PyObject, Any...) in module Skcore at /home/vagrant/.julia/v0.4/ScikitLearn/test/../src/Skcore.jl:95 overwritten in module Skcore at /home/vagrant/.julia/v0.4/ScikitLearn/src/Skcore.jl:95.
WARNING: Method definition inverse_transform(Any, Any) in module Skcore at /home/vagrant/.julia/v0.4/ScikitLearn/test/../src/grid_search.jl:358 overwritten in module Skcore at /home/vagrant/.julia/v0.4/ScikitLearn/src/grid_search.jl:358.
WARNING: Method definition inverse_transform(Array, PyCall.PyObject, Any...) in module Skcore overwritten in module Skcore.
WARNING: Method definition fit_predict!(PyCall.PyObject, Any...) in module Skcore at /home/vagrant/.julia/v0.4/ScikitLearn/test/../src/Skcore.jl:95 overwritten in module Skcore at /home/vagrant/.julia/v0.4/ScikitLearn/src/Skcore.jl:95.
WARNING: Method definition fit_predict!(Array, PyCall.PyObject, Any...) in module Skcore overwritten in module Skcore.
WARNING: Method definition get_feature_names(PyCall.PyObject, Any...) in module Skcore at /home/vagrant/.julia/v0.4/ScikitLearn/test/../src/Skcore.jl:95 overwritten in module Skcore at /home/vagrant/.julia/v0.4/ScikitLearn/src/Skcore.jl:95.
WARNING: Method definition get_feature_names(Array, PyCall.PyObject, Any...) in module Skcore overwritten in module Skcore.
WARNING: Method definition get_classes(PyCall.PyObject) in module Skcore at /home/vagrant/.julia/v0.4/ScikitLearn/test/../src/Skcore.jl:55 overwritten in module Skcore at /home/vagrant/.julia/v0.4/ScikitLearn/src/Skcore.jl:55.
WARNING: Method definition predict(PyCall.PyObject, Any...) in module Skcore at /home/vagrant/.julia/v0.4/ScikitLearn/test/../src/Skcore.jl:95 overwritten in module Skcore at /home/vagrant/.julia/v0.4/ScikitLearn/src/Skcore.jl:95.
WARNING: Method definition predict(Any, Any) in module Skcore at /home/vagrant/.julia/v0.4/ScikitLearn/test/../src/grid_search.jl:358 overwritten in module Skcore at /home/vagrant/.julia/v0.4/ScikitLearn/src/grid_search.jl:358.
WARNING: Method definition predict(Array, PyCall.PyObject, Any...) in module Skcore overwritten in module Skcore.
WARNING: Method definition is_pairwise(PyCall.PyObject) in module Skcore at /home/vagrant/.julia/v0.4/ScikitLearn/test/../src/Skcore.jl:52 overwritten in module Skcore at /home/vagrant/.julia/v0.4/ScikitLearn/src/Skcore.jl:52.
WARNING: Method definition is_pairwise(Any) in module Skcore at /home/vagrant/.julia/v0.4/ScikitLearn/test/../src/Skcore.jl:51 overwritten in module Skcore at /home/vagrant/.julia/v0.4/ScikitLearn/src/Skcore.jl:51.
WARNING: declare_hyperparameters(...) is deprecated. Use @declare_hyperparameters(...) instead.
/home/vagrant/.julia/v0.4/Conda/deps/usr/lib/python2.7/site-packages/sklearn/utils/deprecation.py:52: DeprecationWarning: Class RandomizedPCA is deprecated; RandomizedPCA was deprecated in 0.18 and will be removed in 0.20. Use PCA(svd_solver='randomized') instead. The new implementation DOES NOT store whiten ``components_``. Apply transform to get them.
  warnings.warn(msg, category=DeprecationWarning)
/home/vagrant/.julia/v0.4/Conda/deps/usr/lib/python2.7/site-packages/sklearn/svm/base.py:552: ChangedBehaviorWarning: The decision_function_shape default value will change from 'ovo' to 'ovr' in 0.19. This will change the shape of the decision function returned by SVC.
  "SVC.", ChangedBehaviorWarning)
/home/vagrant/.julia/v0.4/Conda/deps/usr/lib/python2.7/site-packages/sklearn/utils/deprecation.py:52: DeprecationWarning: Class RandomizedPCA is deprecated; RandomizedPCA was deprecated in 0.18 and will be removed in 0.20. Use PCA(svd_solver='randomized') instead. The new implementation DOES NOT store whiten ``components_``. Apply transform to get them.
  warnings.warn(msg, category=DeprecationWarning)
/home/vagrant/.julia/v0.4/Conda/deps/usr/lib/python2.7/site-packages/sklearn/cross_validation.py:44: DeprecationWarning: This module was deprecated in version 0.18 in favor of the model_selection module into which all the refactored classes and functions are moved. Also note that the interface of the new CV iterators are different from that of this module. This module will be removed in 0.20.
  "This module will be removed in 0.20.", DeprecationWarning)
WARNING: declare_hyperparameters(...) is deprecated. Use @declare_hyperparameters(...) instead.
WARNING: The least populated class in y has only 2 members, which is too few. The minimum number of labels for any class cannot be less than n_folds=3.
WARNING: The least populated class in y has only 2 members, which is too few. The minimum number of labels for any class cannot be less than n_folds=3.
WARNING: The least populated class in y has only 2 members, which is too few. The minimum number of labels for any class cannot be less than n_folds=3.
WARNING: The least populated class in y has only 2 members, which is too few. The minimum number of labels for any class cannot be less than n_folds=3.
WARNING: The least populated class in y has only 2 members, which is too few. The minimum number of labels for any class cannot be less than n_folds=3.
WARNING: The least populated class in y has only 2 members, which is too few. The minimum number of labels for any class cannot be less than n_folds=3.
WARNING: The least populated class in y has only 2 members, which is too few. The minimum number of labels for any class cannot be less than n_folds=3.
WARNING: The least populated class in y has only 2 members, which is too few. The minimum number of labels for any class cannot be less than n_folds=3.
WARNING: The least populated class in y has only 2 members, which is too few. The minimum number of labels for any class cannot be less than n_folds=3.
WARNING: The least populated class in y has only 2 members, which is too few. The minimum number of labels for any class cannot be less than n_folds=3.
WARNING: The least populated class in y has only 2 members, which is too few. The minimum number of labels for any class cannot be less than n_folds=3.
WARNING: The least populated class in y has only 2 members, which is too few. The minimum number of labels for any class cannot be less than n_folds=3.
WARNING: The least populated class in y has only 2 members, which is too few. The minimum number of labels for any class cannot be less than n_folds=3.
WARNING: The least populated class in y has only 2 members, which is too few. The minimum number of labels for any class cannot be less than n_folds=3.
WARNING: The least populated class in y has only 2 members, which is too few. The minimum number of labels for any class cannot be less than n_folds=3.
WARNING: The least populated class in y has only 2 members, which is too few. The minimum number of labels for any class cannot be less than n_folds=3.
WARNING: The least populated class in y has only 2 members, which is too few. The minimum number of labels for any class cannot be less than n_folds=3.
WARNING: The least populated class in y has only 2 members, which is too few. The minimum number of labels for any class cannot be less than n_folds=3.
WARNING: The least populated class in y has only 2 members, which is too few. The minimum number of labels for any class cannot be less than n_folds=3.
WARNING: The least populated class in y has only 2 members, which is too few. The minimum number of labels for any class cannot be less than n_folds=3.
WARNING: The least populated class in y has only 2 members, which is too few. The minimum number of labels for any class cannot be less than n_folds=3.
WARNING: ignoring conflicting import of CrossValidation.cross_val_score into Main
Testing ../examples/Classifier_Comparison.ipynb
WARNING: No working GUI backend found for matplotlib
Testing ../examples/Classifier_Comparison_Julia.ipynb
WARNING: replacing module Testing
ERROR: LoadError: LoadError: LoadError: ReadOnlyMemoryError()fatal: error thrown and no exception handler available.
ErrorException("error compiling process_entry: error compiling show_trace_entry: internal compiler error: invalid type id")
rec_backtrace at /home/vagrant/julia/bin/../lib/julia/libjulia.so (unknown line)
jl_throw at /home/vagrant/julia/bin/../lib/julia/libjulia.so (unknown line)
unknown function (ip: 0x7f5f1c62012c)
unknown function (ip: 0x7f5f1c6775db)
unknown function (ip: 0x7f5f1c67762c)
jl_trampoline at /home/vagrant/julia/bin/../lib/julia/libjulia.so (unknown line)
jl_apply_generic at /home/vagrant/julia/bin/../lib/julia/libjulia.so (unknown line)
process_backtrace at replutil.jl:423
show_backtrace at replutil.jl:392
jlcall_show_backtrace_24376 at  (unknown line)
jl_apply_generic at /home/vagrant/julia/bin/../lib/julia/libjulia.so (unknown line)
show_backtrace at replutil.jl:383
showerror at replutil.jl:85
jlcall___showerror#167___24373 at  (unknown line)
jl_apply_generic at /home/vagrant/julia/bin/../lib/julia/libjulia.so (unknown line)
julia_showerror_24372 at  (unknown line)
jlcall_showerror_24372 at  (unknown line)
julia_showerror_24371 at  (unknown line)
jlcall_showerror_24371 at  (unknown line)
julia_showerror_24371 at  (unknown line)
jlcall_showerror_24371 at  (unknown line)
showerror at replutil.jl:91
julia_showerror_24369 at  (unknown line)
jlcall_showerror_24369 at  (unknown line)
jl_apply_generic at /home/vagrant/julia/bin/../lib/julia/libjulia.so (unknown line)
anonymous at client.jl:88
with_output_color at util.jl:313
jl_apply_generic at /home/vagrant/julia/bin/../lib/julia/libjulia.so (unknown line)
display_error at client.jl:86
jl_apply_generic at /home/vagrant/julia/bin/../lib/julia/libjulia.so (unknown line)
_start at ./client.jl:425
unknown function (ip: 0x7f5f198c3e79)
jl_apply_generic at /home/vagrant/julia/bin/../lib/julia/libjulia.so (unknown line)
unknown function (ip: 0x401c87)
unknown function (ip: 0x40186f)
__libc_start_main at /lib/x86_64-linux-gnu/libc.so.6 (unknown line)
unknown function (ip: 0x4018b5)
*** Error in `/home/vagrant/julia/bin/julia': double free or corruption (out): 0x00000000018c7050 ***

signal (6): Aborted
gsignal at /lib/x86_64-linux-gnu/libc.so.6 (unknown line)
abort at /lib/x86_64-linux-gnu/libc.so.6 (unknown line)
unknown function (ip: 0x7f5f1b35a2a4)
unknown function (ip: 0x7f5f1b36656e)
unknown function (ip: 0x7f5f1c699598)
unknown function (ip: 0x7f5f1c69960c)
__cxa_finalize at /lib/x86_64-linux-gnu/libc.so.6 (unknown line)
unknown function (ip: 0x7f5f1c6380b3)
unknown function (ip: 0x7f5f1d60470a)
unknown function (ip: 0x7f5f1b3231a9)
unknown function (ip: 0x7f5f1b3231f5)
unknown function (ip: 0x7f5f1c6bc32e)
unknown function (ip: 0x7f5f1c6abb72)
unknown function (ip: 0x7f5f1c6abca9)
with_output_color at util.jl:316
jl_apply_generic at /home/vagrant/julia/bin/../lib/julia/libjulia.so (unknown line)
display_error at client.jl:86
jl_apply_generic at /home/vagrant/julia/bin/../lib/julia/libjulia.so (unknown line)
_start at ./client.jl:425
unknown function (ip: 0x7f5f198c3e79)
jl_apply_generic at /home/vagrant/julia/bin/../lib/julia/libjulia.so (unknown line)
unknown function (ip: 0x401c87)
unknown function (ip: 0x40186f)
__libc_start_main at /lib/x86_64-linux-gnu/libc.so.6 (unknown line)
unknown function (ip: 0x4018b5)
=============================[ ERROR: ScikitLearn ]=============================

failed process: Process(`/home/vagrant/julia/bin/julia --check-bounds=yes --code-coverage=none --color=no /home/vagrant/.julia/v0.4/ScikitLearn/test/runtests.jl`, ProcessSignaled(6)) [0]

================================================================================
INFO: Removing ArrayViews v0.6.4
INFO: Removing Blosc v0.2.0
INFO: Removing Calculus v0.2.2
INFO: Removing Clustering v0.7.0
INFO: Removing ColorTypes v0.2.12
INFO: Removing Colors v0.6.9
INFO: Removing Combinatorics v0.2.1
INFO: Removing DataArrays v0.3.12
INFO: Removing DataFrames v0.8.5
INFO: Removing DecisionTree v0.5.1
INFO: Removing DiffBase v0.0.5
INFO: Removing Distances v0.3.2
INFO: Removing Distributions v0.11.1
INFO: Removing DualNumbers v0.3.0
INFO: Removing FileIO v0.2.2
INFO: Removing FixedPointNumbers v0.2.1
INFO: Removing ForwardDiff v0.3.5
INFO: Removing GZip v0.2.20
INFO: Removing GaussianMixtures v0.1.0
INFO: Removing GaussianProcesses v0.2.1
INFO: Removing HDF5 v0.7.3
INFO: Removing Hiccup v0.0.3
INFO: Removing JLD v0.6.10
INFO: Removing Juno v0.2.7
INFO: Removing LaTeXStrings v0.2.1
INFO: Removing Lazy v0.11.6
INFO: Removing LegacyStrings v0.2.1
INFO: Removing LineSearches v0.1.5
INFO: Removing LowRankModels v0.1.2
INFO: Removing Media v0.2.7
INFO: Removing NBInclude v1.1.0
INFO: Removing NMF v0.2.5
INFO: Removing NaNMath v0.2.4
INFO: Removing NearestNeighbors v0.0.5
INFO: Removing Optim v0.4.7
INFO: Removing PDMats v0.6.0
INFO: Removing PolynomialFactors v0.0.4
INFO: Removing Polynomials v0.1.5
INFO: Removing PositiveFactorizations v0.0.4
INFO: Removing Primes v0.1.3
INFO: Removing PyPlot v2.3.1
INFO: Removing RData v0.0.4
INFO: Removing RDatasets v0.2.0
INFO: Removing Reexport v0.0.3
INFO: Removing Rmath v0.1.6
INFO: Removing Roots v0.3.0
INFO: Removing SortingAlgorithms v0.1.1
INFO: Removing StatsFuns v0.4.0
ERROR: ScikitLearn had test errors
 in error at ./error.jl:21
 in test at pkg/entry.jl:803
 in anonymous at pkg/dir.jl:31
 in cd at file.jl:22
 in cd at pkg/dir.jl:31
 in test at pkg.jl:71
 in process_options at ./client.jl:257
 in _start at ./client.jl:378

>>> End of log
