>>> 'Pkg.add("StreamStats")' log
[ Info: Cloning cache of StreamStats from https://github.com/johnmyleswhite/StreamStats.jl.git
[ Info: Installing BinDeps v0.8.5
[ Info: Installing Calculus v0.2.2
[ Info: Installing DataStructures v0.7.4
[ Info: Installing Distributions v0.15.0
[ Info: Installing PDMats v0.8.0
[ Info: Installing QuadGK v0.2.0
[ Info: Installing Rmath v0.3.1
[ Info: Installing SHA v0.5.3
[ Info: Installing SortingAlgorithms v0.2.0
[ Info: Installing SpecialFunctions v0.3.8
[ Info: Installing StatsBase v0.19.5
[ Info: Installing StatsFuns v0.5.0
[ Info: Installing StreamStats v0.0.2
[ Info: Installing URIParser v0.3.0
[ Info: Building SpecialFunctions
â”Œ Warning: `isalnum(c::Char)` is deprecated, use `isalpha(c) || isnumeric(c)` instead.
â”‚   caller = is_userinfo_char at parser.jl:4 [inlined]
â”” @ Core parser.jl:4
â”Œ Warning: `isalnum(c::Char)` is deprecated, use `isalpha(c) || isnumeric(c)` instead.
â”‚   caller = is_host_char at parser.jl:8 [inlined]
â”” @ Core parser.jl:8
â”Œ Warning: `isalnum(c::Char)` is deprecated, use `isalpha(c) || isnumeric(c)` instead.
â”‚   caller = is_host_char at parser.jl:8 [inlined]
â”” @ Core parser.jl:8
WARNING: importing deprecated binding Base.Associative into BinDeps.
WARNING: Base.Associative is deprecated, use AbstractDict instead.
  likely near /home/vagrant/.julia/v0.7/SpecialFunctions/deps/binaries.jl:44
in @install at /home/vagrant/.julia/v0.7/BinDeps/src/dependencies.jl
[ Info: Building Rmath
â”Œ Warning: `isalnum(c::Char)` is deprecated, use `isalpha(c) || isnumeric(c)` instead.
â”‚   caller = is_userinfo_char at parser.jl:4 [inlined]
â”” @ Core parser.jl:4
â”Œ Warning: `isalnum(c::Char)` is deprecated, use `isalpha(c) || isnumeric(c)` instead.
â”‚   caller = is_host_char at parser.jl:8 [inlined]
â”” @ Core parser.jl:8
â”Œ Warning: `isalnum(c::Char)` is deprecated, use `isalpha(c) || isnumeric(c)` instead.
â”‚   caller = is_host_char at parser.jl:8 [inlined]
â”” @ Core parser.jl:8
â”Œ Error: ------------------------------------------------------------
â”‚ # Build failed for Rmath
â”‚   exception =
â”‚    LoadError: UndefVarError: Libdl not defined
â”‚    Stacktrace:
â”‚     [1] top-level scope at /home/vagrant/.julia/v0.7/BinDeps/src/BinDeps.jl:278
â”‚     [2] include at ./boot.jl:292 [inlined]
â”‚     [3] include_relative(::Module, ::String) at ./loading.jl:521
â”‚     [4] include at ./sysimg.jl:26 [inlined]
â”‚     [5] include(::String) at ./loading.jl:555
â”‚     [6] top-level scope
â”‚     [7] eval at ./boot.jl:295 [inlined]
â”‚     [8] eval at ./sysimg.jl:71 [inlined]
â”‚     [9] evalfile(::String, ::Array{String,1}) at ./loading.jl:550 (repeats 2 times)
â”‚     [10] #2 at ./none:12 [inlined]
â”‚     [11] cd(::getfield(, Symbol("##2#5")){String}, ::String) at ./file.jl:70
â”‚     [12] (::getfield(, Symbol("##1#3")))(::IOStream) at ./none:11
â”‚     [13] open(::getfield(, Symbol("##1#3")), ::String, ::String) at ./iostream.jl:310
â”‚     [14] top-level scope
â”‚     [15] eval at ./boot.jl:295 [inlined]
â”‚     [16] eval(::Module, ::Expr) at ./sysimg.jl:71
â”‚     [17] process_options(::Base.JLOptions) at ./client.jl:301
â”‚     [18] _start() at ./client.jl:375
â”‚    in expression starting at /home/vagrant/.julia/v0.7/Rmath/deps/build.jl:278
â”” @ Main none:15
â”Œ Warning: ------------------------------------------------------------
â”‚ # Build error summary
â”‚ 
â”‚ Rmath had build errors.
â”‚ 
â”‚  - packages with build errors remain installed in /home/vagrant/.julia/v0.7
â”‚  - build the package(s) and all dependencies with `Pkg.build("Rmath")`
â”‚  - build a single package by running its `deps/build.jl` script
â”” @ Base.Pkg.Entry entry.jl:650
[ Info: Package database updated
â”Œ Info: METADATA is out-of-date â€” you may not have the latest version of StreamStats
â”” Use `Pkg.update()` to get the latest versions of your packages

>>> 'Pkg.test("StreamStats")' log
Julia Version 0.7.0-DEV.3421
Commit 2042dcfc2e (2018-01-16 23:39 UTC)
Platform Info:
  OS: Linux (x86_64-pc-linux-gnu)
      Ubuntu 14.04.5 LTS
  uname: Linux 3.13.0-135-generic #184-Ubuntu SMP Wed Oct 18 11:55:51 UTC 2017 x86_64 x86_64
  CPU: Intel(R) Xeon(R) CPU E3-1241 v3 @ 3.50GHz: 
              speed         user         nice          sys         idle          irq
       #1  3499 MHz    3317994 s        764 s     168011 s     854771 s         37 s
       #2  3499 MHz     678899 s       5822 s      62152 s    4277193 s          0 s
       
  Memory: 2.93927001953125 GB (958.19921875 MB free)
  Uptime: 50988.0 sec
  Load Avg:  1.00927734375  1.009765625  1.013671875
  WORD_SIZE: 64
  BLAS: libopenblas (USE64BITINT DYNAMIC_ARCH NO_AFFINITY Nehalem)
  LAPACK: libopenblas64_
  LIBM: libopenlibm
  LLVM: libLLVM-3.9.1 (ORCJIT, haswell)
Environment:
  TERM = vt100
  LD_LIBRARY_PATH = :/usr/local/lib/
  PATH = /usr/local/sbin:/usr/local/bin:/usr/sbin:/usr/bin:/sbin:/bin:/usr/games:/usr/local/games:/home/vagrant/julia/bin/
  JAVA_HOME = /usr/lib/jvm/java-8-openjdk-amd64
  HOME = /home/vagrant
Packages:
  Package Directory: /home/vagrant/.julia/v0.7
  Package Status:
2 required packages:
 - JSON                          0.16.4
 - StreamStats                   0.0.2
16 additional packages:
 - BinDeps                       0.8.5
 - Calculus                      0.2.2
 - Compat                        0.46.0
 - DataStructures                0.7.4
 - Distributions                 0.15.0
 - Nullables                     0.0.3
 - PDMats                        0.8.0
 - QuadGK                        0.2.0
 - Rmath                         0.3.1
 - SHA                           0.5.3
 - SortingAlgorithms             0.2.0
 - SpecialFunctions              0.3.8
 - StatsBase                     0.19.5
 - StatsFuns                     0.5.0
 - URIParser                     0.3.0
 - tmpueiSOW                     0.0.0-             non-repo (unregistered)
[ Info: Testing StreamStats
WARNING: Base.Test is deprecated, run `using Test` instead.
  likely near /home/vagrant/.julia/v0.7/StreamStats/test/runtests.jl:9
Running tests:
â”Œ Warning: Deprecated syntax `implicit assignment to global variable `anyerrors``.
â”‚ Use `global anyerrors` instead.
â”” @ nothing none:0
WARNING: importing deprecated binding Base.rand! into StatsBase.
WARNING: importing deprecated binding Base.Complex64 into StatsBase.
WARNING: Base.Complex64 is deprecated, use ComplexF32 instead.
  likely near /home/vagrant/.julia/v0.7/StatsBase/src/common.jl:27
WARNING: importing deprecated binding Base.Complex128 into StatsBase.
WARNING: Base.Complex128 is deprecated, use ComplexF64 instead.
  likely near /home/vagrant/.julia/v0.7/StatsBase/src/common.jl:28
WARNING: importing deprecated binding Base.Void into StatsBase.
WARNING: Base.Void is deprecated, use Nothing instead.
  likely near /home/vagrant/.julia/v0.7/StatsBase/src/common.jl:31
WARNING: importing deprecated binding Base.SparseMatrixCSC into StatsBase.
WARNING: Base.SparseMatrixCSC is deprecated, run `using SparseArrays` to load sparse array functionality.
  likely near /home/vagrant/.julia/v0.7/StatsBase/src/weights.jl:226
WARNING: Base.Random is deprecated, run `using Random` instead.
  likely near /home/vagrant/.julia/v0.7/StatsBase/src/sampling.jl:8
WARNING: importing deprecated binding Base.AbstractRNG into StatsBase.
ERROR: LoadError: LoadError: ArgumentError: invalid type for argument rng in method definition for direct_sample! at /home/vagrant/.julia/v0.7/StatsBase/src/sampling.jl:13
Stacktrace:
 [1] top-level scope
 [2] include at ./boot.jl:292 [inlined]
 [3] include_relative(::Module, ::String) at ./loading.jl:521
 [4] include at ./sysimg.jl:26 [inlined]
 [5] include(::String) at /home/vagrant/.julia/v0.7/StatsBase/src/StatsBase.jl:3
 [6] top-level scope
 [7] include at ./boot.jl:292 [inlined]
 [8] include_relative(::Module, ::String) at ./loading.jl:521
 [9] include(::Module, ::String) at ./sysimg.jl:26
 [10] top-level scope
 [11] eval at ./boot.jl:295 [inlined]
 [12] top-level scope at ./<missing>:2
in expression starting at /home/vagrant/.julia/v0.7/StatsBase/src/sampling.jl:12
in expression starting at /home/vagrant/.julia/v0.7/StatsBase/src/StatsBase.jl:204
	[1m[31mFAILED[0m: mean.jl
LoadError: LoadError: Failed to precompile StatsBase to /home/vagrant/.julia/lib/v0.7/StatsBase.ji.
Stacktrace:
 [1] top-level scope at ./<missing>:41
 [2] include at ./boot.jl:292 [inlined]
 [3] include_relative(::Module, ::String) at ./loading.jl:521
 [4] include(::Module, ::String) at ./sysimg.jl:26
 [5] process_options(::Base.JLOptions) at ./client.jl:324
 [6] _start() at ./client.jl:375
in expression starting at /home/vagrant/.julia/v0.7/StreamStats/src/StreamStats.jl:2
in expression starting at /home/vagrant/.julia/v0.7/StreamStats/test/mean.jl:2
â”Œ Warning: Deprecated syntax `parametric method syntax xlogy{T <: Real}(x::T, y::T)` around /home/vagrant/.julia/v0.7/StatsFuns/src/basicfuns.jl:7.
â”‚ Use `xlogy(x::T, y::T) where T <: Real` instead.
â”” @ nothing basicfuns.jl:7
â”Œ Warning: Deprecated syntax `parametric method syntax logsumexp{T <: Real}(x::T, y::T)` around /home/vagrant/.julia/v0.7/StatsFuns/src/basicfuns.jl:121.
â”‚ Use `logsumexp(x::T, y::T) where T <: Real` instead.
â”” @ nothing basicfuns.jl:121
â”Œ Warning: Deprecated syntax `parametric method syntax logsumexp{T <: Real}(x::AbstractArray{T})` around /home/vagrant/.julia/v0.7/StatsFuns/src/basicfuns.jl:128.
â”‚ Use `logsumexp(x::AbstractArray{T}) where T <: Real` instead.
â”” @ nothing basicfuns.jl:128
â”Œ Warning: Deprecated syntax `parametric method syntax softmax!{R <: AbstractFloat, T <: Real}(r::AbstractArray{R}, x::AbstractArray{T})` around /home/vagrant/.julia/v0.7/StatsFuns/src/basicfuns.jl:142.
â”‚ Use `softmax!(r::AbstractArray{R}, x::AbstractArray{T}) where {R <: AbstractFloat, T <: Real}` instead.
â”” @ nothing basicfuns.jl:142
â”Œ Warning: Deprecated syntax `parametric method syntax softmax!{T <: AbstractFloat}(x::AbstractArray{T})` around /home/vagrant/.julia/v0.7/StatsFuns/src/basicfuns.jl:156.
â”‚ Use `softmax!(x::AbstractArray{T}) where T <: AbstractFloat` instead.
â”” @ nothing basicfuns.jl:156
â”Œ Warning: Deprecated syntax `parametric method syntax softmax{T <: Real}(x::AbstractArray{T})` around /home/vagrant/.julia/v0.7/StatsFuns/src/basicfuns.jl:157.
â”‚ Use `softmax(x::AbstractArray{T}) where T <: Real` instead.
â”” @ nothing basicfuns.jl:157
ERROR: LoadError: Rmath not properly installed. Please run Pkg.build("Rmath") and restart julia
Stacktrace:
 [1] error(::String) at ./error.jl:33
 [2] top-level scope at /home/vagrant/.julia/v0.7/Rmath/src/Rmath.jl:15
 [3] include at ./boot.jl:292 [inlined]
 [4] include_relative(::Module, ::String) at ./loading.jl:521
 [5] include(::Module, ::String) at ./sysimg.jl:26
 [6] top-level scope
 [7] eval at ./boot.jl:295 [inlined]
 [8] top-level scope at ./<missing>:2
in expression starting at /home/vagrant/.julia/v0.7/Rmath/src/Rmath.jl:15
ERROR: LoadError: LoadError: Failed to precompile Rmath to /home/vagrant/.julia/lib/v0.7/Rmath.ji.
Stacktrace:
 [1] error at ./error.jl:33 [inlined]
 [2] compilecache(::String) at ./loading.jl:648
 [3] compilecache at ./loading.jl:605 [inlined]
 [4] _require(::Symbol) at ./loading.jl:440
 [5] require(::Symbol) at ./loading.jl:333
 [6] include at ./boot.jl:292 [inlined]
 [7] include_relative(::Module, ::String) at ./loading.jl:521
 [8] include at ./sysimg.jl:26 [inlined]
 [9] include(::String) at /home/vagrant/.julia/v0.7/StatsFuns/src/StatsFuns.jl:3
 [10] top-level scope
 [11] include at ./boot.jl:292 [inlined]
 [12] include_relative(::Module, ::String) at ./loading.jl:521
 [13] include(::Module, ::String) at ./sysimg.jl:26
 [14] top-level scope
 [15] eval at ./boot.jl:295 [inlined]
 [16] top-level scope at ./<missing>:2
in expression starting at /home/vagrant/.julia/v0.7/StatsFuns/src/rmath.jl:6
in expression starting at /home/vagrant/.julia/v0.7/StatsFuns/src/StatsFuns.jl:228
ERROR: LoadError: Failed to precompile StatsFuns to /home/vagrant/.julia/lib/v0.7/StatsFuns.ji.
Stacktrace:
 [1] error at ./error.jl:33 [inlined]
 [2] compilecache(::String) at ./loading.jl:648
 [3] compilecache at ./loading.jl:605 [inlined]
 [4] _require(::Symbol) at ./loading.jl:440
 [5] require(::Symbol) at ./loading.jl:333
 [6] include at ./boot.jl:292 [inlined]
 [7] include_relative(::Module, ::String) at ./loading.jl:521
 [8] include(::Module, ::String) at ./sysimg.jl:26
 [9] top-level scope
 [10] eval at ./boot.jl:295 [inlined]
 [11] top-level scope at ./<missing>:2
in expression starting at /home/vagrant/.julia/v0.7/Distributions/src/Distributions.jl:6
	[1m[31mFAILED[0m: var.jl
LoadError: Failed to precompile Distributions to /home/vagrant/.julia/lib/v0.7/Distributions.ji.
Stacktrace:
 [1] top-level scope at ./<missing>:41
 [2] include at ./boot.jl:292 [inlined]
 [3] include_relative(::Module, ::String) at ./loading.jl:521
 [4] include(::Module, ::String) at ./sysimg.jl:26
 [5] process_options(::Base.JLOptions) at ./client.jl:324
 [6] _start() at ./client.jl:375
in expression starting at /home/vagrant/.julia/v0.7/StreamStats/test/var.jl:3
â”Œ Warning: Deprecated syntax `parametric method syntax xlogy{T <: Real}(x::T, y::T)` around /home/vagrant/.julia/v0.7/StatsFuns/src/basicfuns.jl:7.
â”‚ Use `xlogy(x::T, y::T) where T <: Real` instead.
â”” @ nothing basicfuns.jl:7
â”Œ Warning: Deprecated syntax `parametric method syntax logsumexp{T <: Real}(x::T, y::T)` around /home/vagrant/.julia/v0.7/StatsFuns/src/basicfuns.jl:121.
â”‚ Use `logsumexp(x::T, y::T) where T <: Real` instead.
â”” @ nothing basicfuns.jl:121
â”Œ Warning: Deprecated syntax `parametric method syntax logsumexp{T <: Real}(x::AbstractArray{T})` around /home/vagrant/.julia/v0.7/StatsFuns/src/basicfuns.jl:128.
â”‚ Use `logsumexp(x::AbstractArray{T}) where T <: Real` instead.
â”” @ nothing basicfuns.jl:128
â”Œ Warning: Deprecated syntax `parametric method syntax softmax!{R <: AbstractFloat, T <: Real}(r::AbstractArray{R}, x::AbstractArray{T})` around /home/vagrant/.julia/v0.7/StatsFuns/src/basicfuns.jl:142.
â”‚ Use `softmax!(r::AbstractArray{R}, x::AbstractArray{T}) where {R <: AbstractFloat, T <: Real}` instead.
â”” @ nothing basicfuns.jl:142
â”Œ Warning: Deprecated syntax `parametric method syntax softmax!{T <: AbstractFloat}(x::AbstractArray{T})` around /home/vagrant/.julia/v0.7/StatsFuns/src/basicfuns.jl:156.
â”‚ Use `softmax!(x::AbstractArray{T}) where T <: AbstractFloat` instead.
â”” @ nothing basicfuns.jl:156
â”Œ Warning: Deprecated syntax `parametric method syntax softmax{T <: Real}(x::AbstractArray{T})` around /home/vagrant/.julia/v0.7/StatsFuns/src/basicfuns.jl:157.
â”‚ Use `softmax(x::AbstractArray{T}) where T <: Real` instead.
â”” @ nothing basicfuns.jl:157
ERROR: LoadError: Rmath not properly installed. Please run Pkg.build("Rmath") and restart julia
Stacktrace:
 [1] error(::String) at ./error.jl:33
 [2] top-level scope at /home/vagrant/.julia/v0.7/Rmath/src/Rmath.jl:15
 [3] include at ./boot.jl:292 [inlined]
 [4] include_relative(::Module, ::String) at ./loading.jl:521
 [5] include(::Module, ::String) at ./sysimg.jl:26
 [6] top-level scope
 [7] eval at ./boot.jl:295 [inlined]
 [8] top-level scope at ./<missing>:2
in expression starting at /home/vagrant/.julia/v0.7/Rmath/src/Rmath.jl:15
ERROR: LoadError: LoadError: Failed to precompile Rmath to /home/vagrant/.julia/lib/v0.7/Rmath.ji.
Stacktrace:
 [1] error at ./error.jl:33 [inlined]
 [2] compilecache(::String) at ./loading.jl:648
 [3] compilecache at ./loading.jl:605 [inlined]
 [4] _require(::Symbol) at ./loading.jl:440
 [5] require(::Symbol) at ./loading.jl:333
 [6] include at ./boot.jl:292 [inlined]
 [7] include_relative(::Module, ::String) at ./loading.jl:521
 [8] include at ./sysimg.jl:26 [inlined]
 [9] include(::String) at /home/vagrant/.julia/v0.7/StatsFuns/src/StatsFuns.jl:3
 [10] top-level scope
 [11] include at ./boot.jl:292 [inlined]
 [12] include_relative(::Module, ::String) at ./loading.jl:521
 [13] include(::Module, ::String) at ./sysimg.jl:26
 [14] top-level scope
 [15] eval at ./boot.jl:295 [inlined]
 [16] top-level scope at ./<missing>:2
in expression starting at /home/vagrant/.julia/v0.7/StatsFuns/src/rmath.jl:6
in expression starting at /home/vagrant/.julia/v0.7/StatsFuns/src/StatsFuns.jl:228
ERROR: LoadError: Failed to precompile StatsFuns to /home/vagrant/.julia/lib/v0.7/StatsFuns.ji.
Stacktrace:
 [1] error at ./error.jl:33 [inlined]
 [2] compilecache(::String) at ./loading.jl:648
 [3] compilecache at ./loading.jl:605 [inlined]
 [4] _require(::Symbol) at ./loading.jl:440
 [5] require(::Symbol) at ./loading.jl:333
 [6] include at ./boot.jl:292 [inlined]
 [7] include_relative(::Module, ::String) at ./loading.jl:521
 [8] include(::Module, ::String) at ./sysimg.jl:26
 [9] top-level scope
 [10] eval at ./boot.jl:295 [inlined]
 [11] top-level scope at ./<missing>:2
in expression starting at /home/vagrant/.julia/v0.7/Distributions/src/Distributions.jl:6
	[1m[31mFAILED[0m: std.jl
LoadError: Failed to precompile Distributions to /home/vagrant/.julia/lib/v0.7/Distributions.ji.
Stacktrace:
 [1] top-level scope at ./<missing>:41
 [2] include at ./boot.jl:292 [inlined]
 [3] include_relative(::Module, ::String) at ./loading.jl:521
 [4] include(::Module, ::String) at ./sysimg.jl:26
 [5] process_options(::Base.JLOptions) at ./client.jl:324
 [6] _start() at ./client.jl:375
in expression starting at /home/vagrant/.julia/v0.7/StreamStats/test/std.jl:3
â”Œ Warning: Deprecated syntax `parametric method syntax xlogy{T <: Real}(x::T, y::T)` around /home/vagrant/.julia/v0.7/StatsFuns/src/basicfuns.jl:7.
â”‚ Use `xlogy(x::T, y::T) where T <: Real` instead.
â”” @ nothing basicfuns.jl:7
â”Œ Warning: Deprecated syntax `parametric method syntax logsumexp{T <: Real}(x::T, y::T)` around /home/vagrant/.julia/v0.7/StatsFuns/src/basicfuns.jl:121.
â”‚ Use `logsumexp(x::T, y::T) where T <: Real` instead.
â”” @ nothing basicfuns.jl:121
â”Œ Warning: Deprecated syntax `parametric method syntax logsumexp{T <: Real}(x::AbstractArray{T})` around /home/vagrant/.julia/v0.7/StatsFuns/src/basicfuns.jl:128.
â”‚ Use `logsumexp(x::AbstractArray{T}) where T <: Real` instead.
â”” @ nothing basicfuns.jl:128
â”Œ Warning: Deprecated syntax `parametric method syntax softmax!{R <: AbstractFloat, T <: Real}(r::AbstractArray{R}, x::AbstractArray{T})` around /home/vagrant/.julia/v0.7/StatsFuns/src/basicfuns.jl:142.
â”‚ Use `softmax!(r::AbstractArray{R}, x::AbstractArray{T}) where {R <: AbstractFloat, T <: Real}` instead.
â”” @ nothing basicfuns.jl:142
â”Œ Warning: Deprecated syntax `parametric method syntax softmax!{T <: AbstractFloat}(x::AbstractArray{T})` around /home/vagrant/.julia/v0.7/StatsFuns/src/basicfuns.jl:156.
â”‚ Use `softmax!(x::AbstractArray{T}) where T <: AbstractFloat` instead.
â”” @ nothing basicfuns.jl:156
â”Œ Warning: Deprecated syntax `parametric method syntax softmax{T <: Real}(x::AbstractArray{T})` around /home/vagrant/.julia/v0.7/StatsFuns/src/basicfuns.jl:157.
â”‚ Use `softmax(x::AbstractArray{T}) where T <: Real` instead.
â”” @ nothing basicfuns.jl:157
ERROR: LoadError: Rmath not properly installed. Please run Pkg.build("Rmath") and restart julia
Stacktrace:
 [1] error(::String) at ./error.jl:33
 [2] top-level scope at /home/vagrant/.julia/v0.7/Rmath/src/Rmath.jl:15
 [3] include at ./boot.jl:292 [inlined]
 [4] include_relative(::Module, ::String) at ./loading.jl:521
 [5] include(::Module, ::String) at ./sysimg.jl:26
 [6] top-level scope
 [7] eval at ./boot.jl:295 [inlined]
 [8] top-level scope at ./<missing>:2
in expression starting at /home/vagrant/.julia/v0.7/Rmath/src/Rmath.jl:15
ERROR: LoadError: LoadError: Failed to precompile Rmath to /home/vagrant/.julia/lib/v0.7/Rmath.ji.
Stacktrace:
 [1] error at ./error.jl:33 [inlined]
 [2] compilecache(::String) at ./loading.jl:648
 [3] compilecache at ./loading.jl:605 [inlined]
 [4] _require(::Symbol) at ./loading.jl:440
 [5] require(::Symbol) at ./loading.jl:333
 [6] include at ./boot.jl:292 [inlined]
 [7] include_relative(::Module, ::String) at ./loading.jl:521
 [8] include at ./sysimg.jl:26 [inlined]
 [9] include(::String) at /home/vagrant/.julia/v0.7/StatsFuns/src/StatsFuns.jl:3
 [10] top-level scope
 [11] include at ./boot.jl:292 [inlined]
 [12] include_relative(::Module, ::String) at ./loading.jl:521
 [13] include(::Module, ::String) at ./sysimg.jl:26
 [14] top-level scope
 [15] eval at ./boot.jl:295 [inlined]
 [16] top-level scope at ./<missing>:2
in expression starting at /home/vagrant/.julia/v0.7/StatsFuns/src/rmath.jl:6
in expression starting at /home/vagrant/.julia/v0.7/StatsFuns/src/StatsFuns.jl:228
ERROR: LoadError: Failed to precompile StatsFuns to /home/vagrant/.julia/lib/v0.7/StatsFuns.ji.
Stacktrace:
 [1] error at ./error.jl:33 [inlined]
 [2] compilecache(::String) at ./loading.jl:648
 [3] compilecache at ./loading.jl:605 [inlined]
 [4] _require(::Symbol) at ./loading.jl:440
 [5] require(::Symbol) at ./loading.jl:333
 [6] include at ./boot.jl:292 [inlined]
 [7] include_relative(::Module, ::String) at ./loading.jl:521
 [8] include(::Module, ::String) at ./sysimg.jl:26
 [9] top-level scope
 [10] eval at ./boot.jl:295 [inlined]
 [11] top-level scope at ./<missing>:2
in expression starting at /home/vagrant/.julia/v0.7/Distributions/src/Distributions.jl:6
	[1m[31mFAILED[0m: moments.jl
LoadError: Failed to precompile Distributions to /home/vagrant/.julia/lib/v0.7/Distributions.ji.
Stacktrace:
 [1] top-level scope at ./<missing>:41
 [2] include at ./boot.jl:292 [inlined]
 [3] include_relative(::Module, ::String) at ./loading.jl:521
 [4] include(::Module, ::String) at ./sysimg.jl:26
 [5] process_options(::Base.JLOptions) at ./client.jl:324
 [6] _start() at ./client.jl:375
in expression starting at /home/vagrant/.julia/v0.7/StreamStats/test/moments.jl:3
â”Œ Warning: Deprecated syntax `parametric method syntax xlogy{T <: Real}(x::T, y::T)` around /home/vagrant/.julia/v0.7/StatsFuns/src/basicfuns.jl:7.
â”‚ Use `xlogy(x::T, y::T) where T <: Real` instead.
â”” @ nothing basicfuns.jl:7
â”Œ Warning: Deprecated syntax `parametric method syntax logsumexp{T <: Real}(x::T, y::T)` around /home/vagrant/.julia/v0.7/StatsFuns/src/basicfuns.jl:121.
â”‚ Use `logsumexp(x::T, y::T) where T <: Real` instead.
â”” @ nothing basicfuns.jl:121
â”Œ Warning: Deprecated syntax `parametric method syntax logsumexp{T <: Real}(x::AbstractArray{T})` around /home/vagrant/.julia/v0.7/StatsFuns/src/basicfuns.jl:128.
â”‚ Use `logsumexp(x::AbstractArray{T}) where T <: Real` instead.
â”” @ nothing basicfuns.jl:128
â”Œ Warning: Deprecated syntax `parametric method syntax softmax!{R <: AbstractFloat, T <: Real}(r::AbstractArray{R}, x::AbstractArray{T})` around /home/vagrant/.julia/v0.7/StatsFuns/src/basicfuns.jl:142.
â”‚ Use `softmax!(r::AbstractArray{R}, x::AbstractArray{T}) where {R <: AbstractFloat, T <: Real}` instead.
â”” @ nothing basicfuns.jl:142
â”Œ Warning: Deprecated syntax `parametric method syntax softmax!{T <: AbstractFloat}(x::AbstractArray{T})` around /home/vagrant/.julia/v0.7/StatsFuns/src/basicfuns.jl:156.
â”‚ Use `softmax!(x::AbstractArray{T}) where T <: AbstractFloat` instead.
â”” @ nothing basicfuns.jl:156
â”Œ Warning: Deprecated syntax `parametric method syntax softmax{T <: Real}(x::AbstractArray{T})` around /home/vagrant/.julia/v0.7/StatsFuns/src/basicfuns.jl:157.
â”‚ Use `softmax(x::AbstractArray{T}) where T <: Real` instead.
â”” @ nothing basicfuns.jl:157
ERROR: LoadError: Rmath not properly installed. Please run Pkg.build("Rmath") and restart julia
Stacktrace:
 [1] error(::String) at ./error.jl:33
 [2] top-level scope at /home/vagrant/.julia/v0.7/Rmath/src/Rmath.jl:15
 [3] include at ./boot.jl:292 [inlined]
 [4] include_relative(::Module, ::String) at ./loading.jl:521
 [5] include(::Module, ::String) at ./sysimg.jl:26
 [6] top-level scope
 [7] eval at ./boot.jl:295 [inlined]
 [8] top-level scope at ./<missing>:2
in expression starting at /home/vagrant/.julia/v0.7/Rmath/src/Rmath.jl:15
ERROR: LoadError: LoadError: Failed to precompile Rmath to /home/vagrant/.julia/lib/v0.7/Rmath.ji.
Stacktrace:
 [1] error at ./error.jl:33 [inlined]
 [2] compilecache(::String) at ./loading.jl:648
 [3] compilecache at ./loading.jl:605 [inlined]
 [4] _require(::Symbol) at ./loading.jl:440
 [5] require(::Symbol) at ./loading.jl:333
 [6] include at ./boot.jl:292 [inlined]
 [7] include_relative(::Module, ::String) at ./loading.jl:521
 [8] include at ./sysimg.jl:26 [inlined]
 [9] include(::String) at /home/vagrant/.julia/v0.7/StatsFuns/src/StatsFuns.jl:3
 [10] top-level scope
 [11] include at ./boot.jl:292 [inlined]
 [12] include_relative(::Module, ::String) at ./loading.jl:521
 [13] include(::Module, ::String) at ./sysimg.jl:26
 [14] top-level scope
 [15] eval at ./boot.jl:295 [inlined]
 [16] top-level scope at ./<missing>:2
in expression starting at /home/vagrant/.julia/v0.7/StatsFuns/src/rmath.jl:6
in expression starting at /home/vagrant/.julia/v0.7/StatsFuns/src/StatsFuns.jl:228
ERROR: LoadError: Failed to precompile StatsFuns to /home/vagrant/.julia/lib/v0.7/StatsFuns.ji.
Stacktrace:
 [1] error at ./error.jl:33 [inlined]
 [2] compilecache(::String) at ./loading.jl:648
 [3] compilecache at ./loading.jl:605 [inlined]
 [4] _require(::Symbol) at ./loading.jl:440
 [5] require(::Symbol) at ./loading.jl:333
 [6] include at ./boot.jl:292 [inlined]
 [7] include_relative(::Module, ::String) at ./loading.jl:521
 [8] include(::Module, ::String) at ./sysimg.jl:26
 [9] top-level scope
 [10] eval at ./boot.jl:295 [inlined]
 [11] top-level scope at ./<missing>:2
in expression starting at /home/vagrant/.julia/v0.7/Distributions/src/Distributions.jl:6
	[1m[31mFAILED[0m: cov.jl
LoadError: Failed to precompile Distributions to /home/vagrant/.julia/lib/v0.7/Distributions.ji.
Stacktrace:
 [1] top-level scope at ./<missing>:41
 [2] include at ./boot.jl:292 [inlined]
 [3] include_relative(::Module, ::String) at ./loading.jl:521
 [4] include(::Module, ::String) at ./sysimg.jl:26
 [5] process_options(::Base.JLOptions) at ./client.jl:324
 [6] _start() at ./client.jl:375
in expression starting at /home/vagrant/.julia/v0.7/StreamStats/test/cov.jl:3
â”Œ Warning: Deprecated syntax `parametric method syntax xlogy{T <: Real}(x::T, y::T)` around /home/vagrant/.julia/v0.7/StatsFuns/src/basicfuns.jl:7.
â”‚ Use `xlogy(x::T, y::T) where T <: Real` instead.
â”” @ nothing basicfuns.jl:7
â”Œ Warning: Deprecated syntax `parametric method syntax logsumexp{T <: Real}(x::T, y::T)` around /home/vagrant/.julia/v0.7/StatsFuns/src/basicfuns.jl:121.
â”‚ Use `logsumexp(x::T, y::T) where T <: Real` instead.
â”” @ nothing basicfuns.jl:121
â”Œ Warning: Deprecated syntax `parametric method syntax logsumexp{T <: Real}(x::AbstractArray{T})` around /home/vagrant/.julia/v0.7/StatsFuns/src/basicfuns.jl:128.
â”‚ Use `logsumexp(x::AbstractArray{T}) where T <: Real` instead.
â”” @ nothing basicfuns.jl:128
â”Œ Warning: Deprecated syntax `parametric method syntax softmax!{R <: AbstractFloat, T <: Real}(r::AbstractArray{R}, x::AbstractArray{T})` around /home/vagrant/.julia/v0.7/StatsFuns/src/basicfuns.jl:142.
â”‚ Use `softmax!(r::AbstractArray{R}, x::AbstractArray{T}) where {R <: AbstractFloat, T <: Real}` instead.
â”” @ nothing basicfuns.jl:142
â”Œ Warning: Deprecated syntax `parametric method syntax softmax!{T <: AbstractFloat}(x::AbstractArray{T})` around /home/vagrant/.julia/v0.7/StatsFuns/src/basicfuns.jl:156.
â”‚ Use `softmax!(x::AbstractArray{T}) where T <: AbstractFloat` instead.
â”” @ nothing basicfuns.jl:156
â”Œ Warning: Deprecated syntax `parametric method syntax softmax{T <: Real}(x::AbstractArray{T})` around /home/vagrant/.julia/v0.7/StatsFuns/src/basicfuns.jl:157.
â”‚ Use `softmax(x::AbstractArray{T}) where T <: Real` instead.
â”” @ nothing basicfuns.jl:157
ERROR: LoadError: Rmath not properly installed. Please run Pkg.build("Rmath") and restart julia
Stacktrace:
 [1] error(::String) at ./error.jl:33
 [2] top-level scope at /home/vagrant/.julia/v0.7/Rmath/src/Rmath.jl:15
 [3] include at ./boot.jl:292 [inlined]
 [4] include_relative(::Module, ::String) at ./loading.jl:521
 [5] include(::Module, ::String) at ./sysimg.jl:26
 [6] top-level scope
 [7] eval at ./boot.jl:295 [inlined]
 [8] top-level scope at ./<missing>:2
in expression starting at /home/vagrant/.julia/v0.7/Rmath/src/Rmath.jl:15
ERROR: LoadError: LoadError: Failed to precompile Rmath to /home/vagrant/.julia/lib/v0.7/Rmath.ji.
Stacktrace:
 [1] error at ./error.jl:33 [inlined]
 [2] compilecache(::String) at ./loading.jl:648
 [3] compilecache at ./loading.jl:605 [inlined]
 [4] _require(::Symbol) at ./loading.jl:440
 [5] require(::Symbol) at ./loading.jl:333
 [6] include at ./boot.jl:292 [inlined]
 [7] include_relative(::Module, ::String) at ./loading.jl:521
 [8] include at ./sysimg.jl:26 [inlined]
 [9] include(::String) at /home/vagrant/.julia/v0.7/StatsFuns/src/StatsFuns.jl:3
 [10] top-level scope
 [11] include at ./boot.jl:292 [inlined]
 [12] include_relative(::Module, ::String) at ./loading.jl:521
 [13] include(::Module, ::String) at ./sysimg.jl:26
 [14] top-level scope
 [15] eval at ./boot.jl:295 [inlined]
 [16] top-level scope at ./<missing>:2
in expression starting at /home/vagrant/.julia/v0.7/StatsFuns/src/rmath.jl:6
in expression starting at /home/vagrant/.julia/v0.7/StatsFuns/src/StatsFuns.jl:228
ERROR: LoadError: Failed to precompile StatsFuns to /home/vagrant/.julia/lib/v0.7/StatsFuns.ji.
Stacktrace:
 [1] error at ./error.jl:33 [inlined]
 [2] compilecache(::String) at ./loading.jl:648
 [3] compilecache at ./loading.jl:605 [inlined]
 [4] _require(::Symbol) at ./loading.jl:440
 [5] require(::Symbol) at ./loading.jl:333
 [6] include at ./boot.jl:292 [inlined]
 [7] include_relative(::Module, ::String) at ./loading.jl:521
 [8] include(::Module, ::String) at ./sysimg.jl:26
 [9] top-level scope
 [10] eval at ./boot.jl:295 [inlined]
 [11] top-level scope at ./<missing>:2
in expression starting at /home/vagrant/.julia/v0.7/Distributions/src/Distributions.jl:6
	[1m[31mFAILED[0m: cor.jl
LoadError: Failed to precompile Distributions to /home/vagrant/.julia/lib/v0.7/Distributions.ji.
Stacktrace:
 [1] top-level scope at ./<missing>:41
 [2] include at ./boot.jl:292 [inlined]
 [3] include_relative(::Module, ::String) at ./loading.jl:521
 [4] include(::Module, ::String) at ./sysimg.jl:26
 [5] process_options(::Base.JLOptions) at ./client.jl:324
 [6] _start() at ./client.jl:375
in expression starting at /home/vagrant/.julia/v0.7/StreamStats/test/cor.jl:3
â”Œ Warning: Deprecated syntax `parametric method syntax xlogy{T <: Real}(x::T, y::T)` around /home/vagrant/.julia/v0.7/StatsFuns/src/basicfuns.jl:7.
â”‚ Use `xlogy(x::T, y::T) where T <: Real` instead.
â”” @ nothing basicfuns.jl:7
â”Œ Warning: Deprecated syntax `parametric method syntax logsumexp{T <: Real}(x::T, y::T)` around /home/vagrant/.julia/v0.7/StatsFuns/src/basicfuns.jl:121.
â”‚ Use `logsumexp(x::T, y::T) where T <: Real` instead.
â”” @ nothing basicfuns.jl:121
â”Œ Warning: Deprecated syntax `parametric method syntax logsumexp{T <: Real}(x::AbstractArray{T})` around /home/vagrant/.julia/v0.7/StatsFuns/src/basicfuns.jl:128.
â”‚ Use `logsumexp(x::AbstractArray{T}) where T <: Real` instead.
â”” @ nothing basicfuns.jl:128
â”Œ Warning: Deprecated syntax `parametric method syntax softmax!{R <: AbstractFloat, T <: Real}(r::AbstractArray{R}, x::AbstractArray{T})` around /home/vagrant/.julia/v0.7/StatsFuns/src/basicfuns.jl:142.
â”‚ Use `softmax!(r::AbstractArray{R}, x::AbstractArray{T}) where {R <: AbstractFloat, T <: Real}` instead.
â”” @ nothing basicfuns.jl:142
â”Œ Warning: Deprecated syntax `parametric method syntax softmax!{T <: AbstractFloat}(x::AbstractArray{T})` around /home/vagrant/.julia/v0.7/StatsFuns/src/basicfuns.jl:156.
â”‚ Use `softmax!(x::AbstractArray{T}) where T <: AbstractFloat` instead.
â”” @ nothing basicfuns.jl:156
â”Œ Warning: Deprecated syntax `parametric method syntax softmax{T <: Real}(x::AbstractArray{T})` around /home/vagrant/.julia/v0.7/StatsFuns/src/basicfuns.jl:157.
â”‚ Use `softmax(x::AbstractArray{T}) where T <: Real` instead.
â”” @ nothing basicfuns.jl:157
ERROR: LoadError: Rmath not properly installed. Please run Pkg.build("Rmath") and restart julia
Stacktrace:
 [1] error(::String) at ./error.jl:33
 [2] top-level scope at /home/vagrant/.julia/v0.7/Rmath/src/Rmath.jl:15
 [3] include at ./boot.jl:292 [inlined]
 [4] include_relative(::Module, ::String) at ./loading.jl:521
 [5] include(::Module, ::String) at ./sysimg.jl:26
 [6] top-level scope
 [7] eval at ./boot.jl:295 [inlined]
 [8] top-level scope at ./<missing>:2
in expression starting at /home/vagrant/.julia/v0.7/Rmath/src/Rmath.jl:15
ERROR: LoadError: LoadError: Failed to precompile Rmath to /home/vagrant/.julia/lib/v0.7/Rmath.ji.
Stacktrace:
 [1] error at ./error.jl:33 [inlined]
 [2] compilecache(::String) at ./loading.jl:648
 [3] compilecache at ./loading.jl:605 [inlined]
 [4] _require(::Symbol) at ./loading.jl:440
 [5] require(::Symbol) at ./loading.jl:333
 [6] include at ./boot.jl:292 [inlined]
 [7] include_relative(::Module, ::String) at ./loading.jl:521
 [8] include at ./sysimg.jl:26 [inlined]
 [9] include(::String) at /home/vagrant/.julia/v0.7/StatsFuns/src/StatsFuns.jl:3
 [10] top-level scope
 [11] include at ./boot.jl:292 [inlined]
 [12] include_relative(::Module, ::String) at ./loading.jl:521
 [13] include(::Module, ::String) at ./sysimg.jl:26
 [14] top-level scope
 [15] eval at ./boot.jl:295 [inlined]
 [16] top-level scope at ./<missing>:2
in expression starting at /home/vagrant/.julia/v0.7/StatsFuns/src/rmath.jl:6
in expression starting at /home/vagrant/.julia/v0.7/StatsFuns/src/StatsFuns.jl:228
ERROR: LoadError: Failed to precompile StatsFuns to /home/vagrant/.julia/lib/v0.7/StatsFuns.ji.
Stacktrace:
 [1] error at ./error.jl:33 [inlined]
 [2] compilecache(::String) at ./loading.jl:648
 [3] compilecache at ./loading.jl:605 [inlined]
 [4] _require(::Symbol) at ./loading.jl:440
 [5] require(::Symbol) at ./loading.jl:333
 [6] include at ./boot.jl:292 [inlined]
 [7] include_relative(::Module, ::String) at ./loading.jl:521
 [8] include(::Module, ::String) at ./sysimg.jl:26
 [9] top-level scope
 [10] eval at ./boot.jl:295 [inlined]
 [11] top-level scope at ./<missing>:2
in expression starting at /home/vagrant/.julia/v0.7/Distributions/src/Distributions.jl:6
	[1m[31mFAILED[0m: min.jl
LoadError: Failed to precompile Distributions to /home/vagrant/.julia/lib/v0.7/Distributions.ji.
Stacktrace:
 [1] top-level scope at ./<missing>:41
 [2] include at ./boot.jl:292 [inlined]
 [3] include_relative(::Module, ::String) at ./loading.jl:521
 [4] include(::Module, ::String) at ./sysimg.jl:26
 [5] process_options(::Base.JLOptions) at ./client.jl:324
 [6] _start() at ./client.jl:375
in expression starting at /home/vagrant/.julia/v0.7/StreamStats/test/min.jl:3
â”Œ Warning: Deprecated syntax `parametric method syntax xlogy{T <: Real}(x::T, y::T)` around /home/vagrant/.julia/v0.7/StatsFuns/src/basicfuns.jl:7.
â”‚ Use `xlogy(x::T, y::T) where T <: Real` instead.
â”” @ nothing basicfuns.jl:7
â”Œ Warning: Deprecated syntax `parametric method syntax logsumexp{T <: Real}(x::T, y::T)` around /home/vagrant/.julia/v0.7/StatsFuns/src/basicfuns.jl:121.
â”‚ Use `logsumexp(x::T, y::T) where T <: Real` instead.
â”” @ nothing basicfuns.jl:121
â”Œ Warning: Deprecated syntax `parametric method syntax logsumexp{T <: Real}(x::AbstractArray{T})` around /home/vagrant/.julia/v0.7/StatsFuns/src/basicfuns.jl:128.
â”‚ Use `logsumexp(x::AbstractArray{T}) where T <: Real` instead.
â”” @ nothing basicfuns.jl:128
â”Œ Warning: Deprecated syntax `parametric method syntax softmax!{R <: AbstractFloat, T <: Real}(r::AbstractArray{R}, x::AbstractArray{T})` around /home/vagrant/.julia/v0.7/StatsFuns/src/basicfuns.jl:142.
â”‚ Use `softmax!(r::AbstractArray{R}, x::AbstractArray{T}) where {R <: AbstractFloat, T <: Real}` instead.
â”” @ nothing basicfuns.jl:142
â”Œ Warning: Deprecated syntax `parametric method syntax softmax!{T <: AbstractFloat}(x::AbstractArray{T})` around /home/vagrant/.julia/v0.7/StatsFuns/src/basicfuns.jl:156.
â”‚ Use `softmax!(x::AbstractArray{T}) where T <: AbstractFloat` instead.
â”” @ nothing basicfuns.jl:156
â”Œ Warning: Deprecated syntax `parametric method syntax softmax{T <: Real}(x::AbstractArray{T})` around /home/vagrant/.julia/v0.7/StatsFuns/src/basicfuns.jl:157.
â”‚ Use `softmax(x::AbstractArray{T}) where T <: Real` instead.
â”” @ nothing basicfuns.jl:157
ERROR: LoadError: Rmath not properly installed. Please run Pkg.build("Rmath") and restart julia
Stacktrace:
 [1] error(::String) at ./error.jl:33
 [2] top-level scope at /home/vagrant/.julia/v0.7/Rmath/src/Rmath.jl:15
 [3] include at ./boot.jl:292 [inlined]
 [4] include_relative(::Module, ::String) at ./loading.jl:521
 [5] include(::Module, ::String) at ./sysimg.jl:26
 [6] top-level scope
 [7] eval at ./boot.jl:295 [inlined]
 [8] top-level scope at ./<missing>:2
in expression starting at /home/vagrant/.julia/v0.7/Rmath/src/Rmath.jl:15
ERROR: LoadError: LoadError: Failed to precompile Rmath to /home/vagrant/.julia/lib/v0.7/Rmath.ji.
Stacktrace:
 [1] error at ./error.jl:33 [inlined]
 [2] compilecache(::String) at ./loading.jl:648
 [3] compilecache at ./loading.jl:605 [inlined]
 [4] _require(::Symbol) at ./loading.jl:440
 [5] require(::Symbol) at ./loading.jl:333
 [6] include at ./boot.jl:292 [inlined]
 [7] include_relative(::Module, ::String) at ./loading.jl:521
 [8] include at ./sysimg.jl:26 [inlined]
 [9] include(::String) at /home/vagrant/.julia/v0.7/StatsFuns/src/StatsFuns.jl:3
 [10] top-level scope
 [11] include at ./boot.jl:292 [inlined]
 [12] include_relative(::Module, ::String) at ./loading.jl:521
 [13] include(::Module, ::String) at ./sysimg.jl:26
 [14] top-level scope
 [15] eval at ./boot.jl:295 [inlined]
 [16] top-level scope at ./<missing>:2
in expression starting at /home/vagrant/.julia/v0.7/StatsFuns/src/rmath.jl:6
in expression starting at /home/vagrant/.julia/v0.7/StatsFuns/src/StatsFuns.jl:228
ERROR: LoadError: Failed to precompile StatsFuns to /home/vagrant/.julia/lib/v0.7/StatsFuns.ji.
Stacktrace:
 [1] error at ./error.jl:33 [inlined]
 [2] compilecache(::String) at ./loading.jl:648
 [3] compilecache at ./loading.jl:605 [inlined]
 [4] _require(::Symbol) at ./loading.jl:440
 [5] require(::Symbol) at ./loading.jl:333
 [6] include at ./boot.jl:292 [inlined]
 [7] include_relative(::Module, ::String) at ./loading.jl:521
 [8] include(::Module, ::String) at ./sysimg.jl:26
 [9] top-level scope
 [10] eval at ./boot.jl:295 [inlined]
 [11] top-level scope at ./<missing>:2
in expression starting at /home/vagrant/.julia/v0.7/Distributions/src/Distributions.jl:6
	[1m[31mFAILED[0m: max.jl
LoadError: Failed to precompile Distributions to /home/vagrant/.julia/lib/v0.7/Distributions.ji.
Stacktrace:
 [1] top-level scope at ./<missing>:41
 [2] include at ./boot.jl:292 [inlined]
 [3] include_relative(::Module, ::String) at ./loading.jl:521
 [4] include(::Module, ::String) at ./sysimg.jl:26
 [5] process_options(::Base.JLOptions) at ./client.jl:324
 [6] _start() at ./client.jl:375
in expression starting at /home/vagrant/.julia/v0.7/StreamStats/test/max.jl:3
	[1m[32mPASSED[0m: approx_quantile.jl
	[1m[32mPASSED[0m: hyper_log_log.jl
â”Œ Warning: Deprecated syntax `parametric method syntax xlogy{T <: Real}(x::T, y::T)` around /home/vagrant/.julia/v0.7/StatsFuns/src/basicfuns.jl:7.
â”‚ Use `xlogy(x::T, y::T) where T <: Real` instead.
â”” @ nothing basicfuns.jl:7
â”Œ Warning: Deprecated syntax `parametric method syntax logsumexp{T <: Real}(x::T, y::T)` around /home/vagrant/.julia/v0.7/StatsFuns/src/basicfuns.jl:121.
â”‚ Use `logsumexp(x::T, y::T) where T <: Real` instead.
â”” @ nothing basicfuns.jl:121
â”Œ Warning: Deprecated syntax `parametric method syntax logsumexp{T <: Real}(x::AbstractArray{T})` around /home/vagrant/.julia/v0.7/StatsFuns/src/basicfuns.jl:128.
â”‚ Use `logsumexp(x::AbstractArray{T}) where T <: Real` instead.
â”” @ nothing basicfuns.jl:128
â”Œ Warning: Deprecated syntax `parametric method syntax softmax!{R <: AbstractFloat, T <: Real}(r::AbstractArray{R}, x::AbstractArray{T})` around /home/vagrant/.julia/v0.7/StatsFuns/src/basicfuns.jl:142.
â”‚ Use `softmax!(r::AbstractArray{R}, x::AbstractArray{T}) where {R <: AbstractFloat, T <: Real}` instead.
â”” @ nothing basicfuns.jl:142
â”Œ Warning: Deprecated syntax `parametric method syntax softmax!{T <: AbstractFloat}(x::AbstractArray{T})` around /home/vagrant/.julia/v0.7/StatsFuns/src/basicfuns.jl:156.
â”‚ Use `softmax!(x::AbstractArray{T}) where T <: AbstractFloat` instead.
â”” @ nothing basicfuns.jl:156
â”Œ Warning: Deprecated syntax `parametric method syntax softmax{T <: Real}(x::AbstractArray{T})` around /home/vagrant/.julia/v0.7/StatsFuns/src/basicfuns.jl:157.
â”‚ Use `softmax(x::AbstractArray{T}) where T <: Real` instead.
â”” @ nothing basicfuns.jl:157
ERROR: LoadError: Rmath not properly installed. Please run Pkg.build("Rmath") and restart julia
Stacktrace:
 [1] error(::String) at ./error.jl:33
 [2] top-level scope at /home/vagrant/.julia/v0.7/Rmath/src/Rmath.jl:15
 [3] include at ./boot.jl:292 [inlined]
 [4] include_relative(::Module, ::String) at ./loading.jl:521
 [5] include(::Module, ::String) at ./sysimg.jl:26
 [6] top-level scope
 [7] eval at ./boot.jl:295 [inlined]
 [8] top-level scope at ./<missing>:2
in expression starting at /home/vagrant/.julia/v0.7/Rmath/src/Rmath.jl:15
ERROR: LoadError: LoadError: Failed to precompile Rmath to /home/vagrant/.julia/lib/v0.7/Rmath.ji.
Stacktrace:
 [1] error at ./error.jl:33 [inlined]
 [2] compilecache(::String) at ./loading.jl:648
 [3] compilecache at ./loading.jl:605 [inlined]
 [4] _require(::Symbol) at ./loading.jl:440
 [5] require(::Symbol) at ./loading.jl:333
 [6] include at ./boot.jl:292 [inlined]
 [7] include_relative(::Module, ::String) at ./loading.jl:521
 [8] include at ./sysimg.jl:26 [inlined]
 [9] include(::String) at /home/vagrant/.julia/v0.7/StatsFuns/src/StatsFuns.jl:3
 [10] top-level scope
 [11] include at ./boot.jl:292 [inlined]
 [12] include_relative(::Module, ::String) at ./loading.jl:521
 [13] include(::Module, ::String) at ./sysimg.jl:26
 [14] top-level scope
 [15] eval at ./boot.jl:295 [inlined]
 [16] top-level scope at ./<missing>:2
in expression starting at /home/vagrant/.julia/v0.7/StatsFuns/src/rmath.jl:6
in expression starting at /home/vagrant/.julia/v0.7/StatsFuns/src/StatsFuns.jl:228
ERROR: LoadError: Failed to precompile StatsFuns to /home/vagrant/.julia/lib/v0.7/StatsFuns.ji.
Stacktrace:
 [1] error at ./error.jl:33 [inlined]
 [2] compilecache(::String) at ./loading.jl:648
 [3] compilecache at ./loading.jl:605 [inlined]
 [4] _require(::Symbol) at ./loading.jl:440
 [5] require(::Symbol) at ./loading.jl:333
 [6] include at ./boot.jl:292 [inlined]
 [7] include_relative(::Module, ::String) at ./loading.jl:521
 [8] include(::Module, ::String) at ./sysimg.jl:26
 [9] top-level scope
 [10] eval at ./boot.jl:295 [inlined]
 [11] top-level scope at ./<missing>:2
in expression starting at /home/vagrant/.julia/v0.7/Distributions/src/Distributions.jl:6
	[1m[31mFAILED[0m: approx_distinct.jl
LoadError: Failed to precompile Distributions to /home/vagrant/.julia/lib/v0.7/Distributions.ji.
Stacktrace:
 [1] top-level scope at ./<missing>:41
 [2] include at ./boot.jl:292 [inlined]
 [3] include_relative(::Module, ::String) at ./loading.jl:521
 [4] include(::Module, ::String) at ./sysimg.jl:26
 [5] process_options(::Base.JLOptions) at ./client.jl:324
 [6] _start() at ./client.jl:375
in expression starting at /home/vagrant/.julia/v0.7/StreamStats/test/approx_distinct.jl:3
â”Œ Warning: Deprecated syntax `parametric method syntax xlogy{T <: Real}(x::T, y::T)` around /home/vagrant/.julia/v0.7/StatsFuns/src/basicfuns.jl:7.
â”‚ Use `xlogy(x::T, y::T) where T <: Real` instead.
â”” @ nothing basicfuns.jl:7
â”Œ Warning: Deprecated syntax `parametric method syntax logsumexp{T <: Real}(x::T, y::T)` around /home/vagrant/.julia/v0.7/StatsFuns/src/basicfuns.jl:121.
â”‚ Use `logsumexp(x::T, y::T) where T <: Real` instead.
â”” @ nothing basicfuns.jl:121
â”Œ Warning: Deprecated syntax `parametric method syntax logsumexp{T <: Real}(x::AbstractArray{T})` around /home/vagrant/.julia/v0.7/StatsFuns/src/basicfuns.jl:128.
â”‚ Use `logsumexp(x::AbstractArray{T}) where T <: Real` instead.
â”” @ nothing basicfuns.jl:128
â”Œ Warning: Deprecated syntax `parametric method syntax softmax!{R <: AbstractFloat, T <: Real}(r::AbstractArray{R}, x::AbstractArray{T})` around /home/vagrant/.julia/v0.7/StatsFuns/src/basicfuns.jl:142.
â”‚ Use `softmax!(r::AbstractArray{R}, x::AbstractArray{T}) where {R <: AbstractFloat, T <: Real}` instead.
â”” @ nothing basicfuns.jl:142
â”Œ Warning: Deprecated syntax `parametric method syntax softmax!{T <: AbstractFloat}(x::AbstractArray{T})` around /home/vagrant/.julia/v0.7/StatsFuns/src/basicfuns.jl:156.
â”‚ Use `softmax!(x::AbstractArray{T}) where T <: AbstractFloat` instead.
â”” @ nothing basicfuns.jl:156
â”Œ Warning: Deprecated syntax `parametric method syntax softmax{T <: Real}(x::AbstractArray{T})` around /home/vagrant/.julia/v0.7/StatsFuns/src/basicfuns.jl:157.
â”‚ Use `softmax(x::AbstractArray{T}) where T <: Real` instead.
â”” @ nothing basicfuns.jl:157
ERROR: LoadError: Rmath not properly installed. Please run Pkg.build("Rmath") and restart julia
Stacktrace:
 [1] error(::String) at ./error.jl:33
 [2] top-level scope at /home/vagrant/.julia/v0.7/Rmath/src/Rmath.jl:15
 [3] include at ./boot.jl:292 [inlined]
 [4] include_relative(::Module, ::String) at ./loading.jl:521
 [5] include(::Module, ::String) at ./sysimg.jl:26
 [6] top-level scope
 [7] eval at ./boot.jl:295 [inlined]
 [8] top-level scope at ./<missing>:2
in expression starting at /home/vagrant/.julia/v0.7/Rmath/src/Rmath.jl:15
ERROR: LoadError: LoadError: Failed to precompile Rmath to /home/vagrant/.julia/lib/v0.7/Rmath.ji.
Stacktrace:
 [1] error at ./error.jl:33 [inlined]
 [2] compilecache(::String) at ./loading.jl:648
 [3] compilecache at ./loading.jl:605 [inlined]
 [4] _require(::Symbol) at ./loading.jl:440
 [5] require(::Symbol) at ./loading.jl:333
 [6] include at ./boot.jl:292 [inlined]
 [7] include_relative(::Module, ::String) at ./loading.jl:521
 [8] include at ./sysimg.jl:26 [inlined]
 [9] include(::String) at /home/vagrant/.julia/v0.7/StatsFuns/src/StatsFuns.jl:3
 [10] top-level scope
 [11] include at ./boot.jl:292 [inlined]
 [12] include_relative(::Module, ::String) at ./loading.jl:521
 [13] include(::Module, ::String) at ./sysimg.jl:26
 [14] top-level scope
 [15] eval at ./boot.jl:295 [inlined]
 [16] top-level scope at ./<missing>:2
in expression starting at /home/vagrant/.julia/v0.7/StatsFuns/src/rmath.jl:6
in expression starting at /home/vagrant/.julia/v0.7/StatsFuns/src/StatsFuns.jl:228
ERROR: LoadError: Failed to precompile StatsFuns to /home/vagrant/.julia/lib/v0.7/StatsFuns.ji.
Stacktrace:
 [1] error at ./error.jl:33 [inlined]
 [2] compilecache(::String) at ./loading.jl:648
 [3] compilecache at ./loading.jl:605 [inlined]
 [4] _require(::Symbol) at ./loading.jl:440
 [5] require(::Symbol) at ./loading.jl:333
 [6] include at ./boot.jl:292 [inlined]
 [7] include_relative(::Module, ::String) at ./loading.jl:521
 [8] include(::Module, ::String) at ./sysimg.jl:26
 [9] top-level scope
 [10] eval at ./boot.jl:295 [inlined]
 [11] top-level scope at ./<missing>:2
in expression starting at /home/vagrant/.julia/v0.7/Distributions/src/Distributions.jl:6
	[1m[31mFAILED[0m: bootstrap.jl
LoadError: Failed to precompile Distributions to /home/vagrant/.julia/lib/v0.7/Distributions.ji.
Stacktrace:
 [1] top-level scope at ./<missing>:41
 [2] include at ./boot.jl:292 [inlined]
 [3] include_relative(::Module, ::String) at ./loading.jl:521
 [4] include(::Module, ::String) at ./sysimg.jl:26
 [5] process_options(::Base.JLOptions) at ./client.jl:324
 [6] _start() at ./client.jl:375
in expression starting at /home/vagrant/.julia/v0.7/StreamStats/test/bootstrap.jl:3
WARNING: Base.Test is deprecated, run `using Test` instead.
  likely near /home/vagrant/.julia/v0.7/StreamStats/test/sample.jl:3
	[1m[31mFAILED[0m: sample.jl
LoadError: MethodError: no method matching Dict(::Array{Int64,1}, ::Array{Int64,1})
Closest candidates are:
  Dict(::Any) at dict.jl:143
Stacktrace:
 [1] top-level scope at ./<missing>:41
 [2] include at ./boot.jl:292 [inlined]
 [3] include_relative(::Module, ::String) at ./loading.jl:521
 [4] include(::Module, ::String) at ./sysimg.jl:26
 [5] process_options(::Base.JLOptions) at ./client.jl:324
 [6] _start() at ./client.jl:375
in expression starting at /home/vagrant/.julia/v0.7/StreamStats/test/sample.jl:9
â”Œ Warning: Deprecated syntax `parametric method syntax xlogy{T <: Real}(x::T, y::T)` around /home/vagrant/.julia/v0.7/StatsFuns/src/basicfuns.jl:7.
â”‚ Use `xlogy(x::T, y::T) where T <: Real` instead.
â”” @ nothing basicfuns.jl:7
â”Œ Warning: Deprecated syntax `parametric method syntax logsumexp{T <: Real}(x::T, y::T)` around /home/vagrant/.julia/v0.7/StatsFuns/src/basicfuns.jl:121.
â”‚ Use `logsumexp(x::T, y::T) where T <: Real` instead.
â”” @ nothing basicfuns.jl:121
â”Œ Warning: Deprecated syntax `parametric method syntax logsumexp{T <: Real}(x::AbstractArray{T})` around /home/vagrant/.julia/v0.7/StatsFuns/src/basicfuns.jl:128.
â”‚ Use `logsumexp(x::AbstractArray{T}) where T <: Real` instead.
â”” @ nothing basicfuns.jl:128
â”Œ Warning: Deprecated syntax `parametric method syntax softmax!{R <: AbstractFloat, T <: Real}(r::AbstractArray{R}, x::AbstractArray{T})` around /home/vagrant/.julia/v0.7/StatsFuns/src/basicfuns.jl:142.
â”‚ Use `softmax!(r::AbstractArray{R}, x::AbstractArray{T}) where {R <: AbstractFloat, T <: Real}` instead.
â”” @ nothing basicfuns.jl:142
â”Œ Warning: Deprecated syntax `parametric method syntax softmax!{T <: AbstractFloat}(x::AbstractArray{T})` around /home/vagrant/.julia/v0.7/StatsFuns/src/basicfuns.jl:156.
â”‚ Use `softmax!(x::AbstractArray{T}) where T <: AbstractFloat` instead.
â”” @ nothing basicfuns.jl:156
â”Œ Warning: Deprecated syntax `parametric method syntax softmax{T <: Real}(x::AbstractArray{T})` around /home/vagrant/.julia/v0.7/StatsFuns/src/basicfuns.jl:157.
â”‚ Use `softmax(x::AbstractArray{T}) where T <: Real` instead.
â”” @ nothing basicfuns.jl:157
ERROR: LoadError: Rmath not properly installed. Please run Pkg.build("Rmath") and restart julia
Stacktrace:
 [1] error(::String) at ./error.jl:33
 [2] top-level scope at /home/vagrant/.julia/v0.7/Rmath/src/Rmath.jl:15
 [3] include at ./boot.jl:292 [inlined]
 [4] include_relative(::Module, ::String) at ./loading.jl:521
 [5] include(::Module, ::String) at ./sysimg.jl:26
 [6] top-level scope
 [7] eval at ./boot.jl:295 [inlined]
 [8] top-level scope at ./<missing>:2
in expression starting at /home/vagrant/.julia/v0.7/Rmath/src/Rmath.jl:15
ERROR: LoadError: LoadError: Failed to precompile Rmath to /home/vagrant/.julia/lib/v0.7/Rmath.ji.
Stacktrace:
 [1] error at ./error.jl:33 [inlined]
 [2] compilecache(::String) at ./loading.jl:648
 [3] compilecache at ./loading.jl:605 [inlined]
 [4] _require(::Symbol) at ./loading.jl:440
 [5] require(::Symbol) at ./loading.jl:333
 [6] include at ./boot.jl:292 [inlined]
 [7] include_relative(::Module, ::String) at ./loading.jl:521
 [8] include at ./sysimg.jl:26 [inlined]
 [9] include(::String) at /home/vagrant/.julia/v0.7/StatsFuns/src/StatsFuns.jl:3
 [10] top-level scope
 [11] include at ./boot.jl:292 [inlined]
 [12] include_relative(::Module, ::String) at ./loading.jl:521
 [13] include(::Module, ::String) at ./sysimg.jl:26
 [14] top-level scope
 [15] eval at ./boot.jl:295 [inlined]
 [16] top-level scope at ./<missing>:2
in expression starting at /home/vagrant/.julia/v0.7/StatsFuns/src/rmath.jl:6
in expression starting at /home/vagrant/.julia/v0.7/StatsFuns/src/StatsFuns.jl:228
ERROR: LoadError: Failed to precompile StatsFuns to /home/vagrant/.julia/lib/v0.7/StatsFuns.ji.
Stacktrace:
 [1] error at ./error.jl:33 [inlined]
 [2] compilecache(::String) at ./loading.jl:648
 [3] compilecache at ./loading.jl:605 [inlined]
 [4] _require(::Symbol) at ./loading.jl:440
 [5] require(::Symbol) at ./loading.jl:333
 [6] include at ./boot.jl:292 [inlined]
 [7] include_relative(::Module, ::String) at ./loading.jl:521
 [8] include(::Module, ::String) at ./sysimg.jl:26
 [9] top-level scope
 [10] eval at ./boot.jl:295 [inlined]
 [11] top-level scope at ./<missing>:2
in expression starting at /home/vagrant/.julia/v0.7/Distributions/src/Distributions.jl:6
	[1m[31mFAILED[0m: approx_ols.jl
LoadError: Failed to precompile Distributions to /home/vagrant/.julia/lib/v0.7/Distributions.ji.
Stacktrace:
 [1] top-level scope at ./<missing>:41
 [2] include at ./boot.jl:292 [inlined]
 [3] include_relative(::Module, ::String) at ./loading.jl:521
 [4] include(::Module, ::String) at ./sysimg.jl:26
 [5] process_options(::Base.JLOptions) at ./client.jl:324
 [6] _start() at ./client.jl:375
in expression starting at /home/vagrant/.julia/v0.7/StreamStats/test/approx_ols.jl:3
â”Œ Warning: Deprecated syntax `parametric method syntax xlogy{T <: Real}(x::T, y::T)` around /home/vagrant/.julia/v0.7/StatsFuns/src/basicfuns.jl:7.
â”‚ Use `xlogy(x::T, y::T) where T <: Real` instead.
â”” @ nothing basicfuns.jl:7
â”Œ Warning: Deprecated syntax `parametric method syntax logsumexp{T <: Real}(x::T, y::T)` around /home/vagrant/.julia/v0.7/StatsFuns/src/basicfuns.jl:121.
â”‚ Use `logsumexp(x::T, y::T) where T <: Real` instead.
â”” @ nothing basicfuns.jl:121
â”Œ Warning: Deprecated syntax `parametric method syntax logsumexp{T <: Real}(x::AbstractArray{T})` around /home/vagrant/.julia/v0.7/StatsFuns/src/basicfuns.jl:128.
â”‚ Use `logsumexp(x::AbstractArray{T}) where T <: Real` instead.
â”” @ nothing basicfuns.jl:128
â”Œ Warning: Deprecated syntax `parametric method syntax softmax!{R <: AbstractFloat, T <: Real}(r::AbstractArray{R}, x::AbstractArray{T})` around /home/vagrant/.julia/v0.7/StatsFuns/src/basicfuns.jl:142.
â”‚ Use `softmax!(r::AbstractArray{R}, x::AbstractArray{T}) where {R <: AbstractFloat, T <: Real}` instead.
â”” @ nothing basicfuns.jl:142
â”Œ Warning: Deprecated syntax `parametric method syntax softmax!{T <: AbstractFloat}(x::AbstractArray{T})` around /home/vagrant/.julia/v0.7/StatsFuns/src/basicfuns.jl:156.
â”‚ Use `softmax!(x::AbstractArray{T}) where T <: AbstractFloat` instead.
â”” @ nothing basicfuns.jl:156
â”Œ Warning: Deprecated syntax `parametric method syntax softmax{T <: Real}(x::AbstractArray{T})` around /home/vagrant/.julia/v0.7/StatsFuns/src/basicfuns.jl:157.
â”‚ Use `softmax(x::AbstractArray{T}) where T <: Real` instead.
â”” @ nothing basicfuns.jl:157
ERROR: LoadError: Rmath not properly installed. Please run Pkg.build("Rmath") and restart julia
Stacktrace:
 [1] error(::String) at ./error.jl:33
 [2] top-level scope at /home/vagrant/.julia/v0.7/Rmath/src/Rmath.jl:15
 [3] include at ./boot.jl:292 [inlined]
 [4] include_relative(::Module, ::String) at ./loading.jl:521
 [5] include(::Module, ::String) at ./sysimg.jl:26
 [6] top-level scope
 [7] eval at ./boot.jl:295 [inlined]
 [8] top-level scope at ./<missing>:2
in expression starting at /home/vagrant/.julia/v0.7/Rmath/src/Rmath.jl:15
ERROR: LoadError: LoadError: Failed to precompile Rmath to /home/vagrant/.julia/lib/v0.7/Rmath.ji.
Stacktrace:
 [1] error at ./error.jl:33 [inlined]
 [2] compilecache(::String) at ./loading.jl:648
 [3] compilecache at ./loading.jl:605 [inlined]
 [4] _require(::Symbol) at ./loading.jl:440
 [5] require(::Symbol) at ./loading.jl:333
 [6] include at ./boot.jl:292 [inlined]
 [7] include_relative(::Module, ::String) at ./loading.jl:521
 [8] include at ./sysimg.jl:26 [inlined]
 [9] include(::String) at /home/vagrant/.julia/v0.7/StatsFuns/src/StatsFuns.jl:3
 [10] top-level scope
 [11] include at ./boot.jl:292 [inlined]
 [12] include_relative(::Module, ::String) at ./loading.jl:521
 [13] include(::Module, ::String) at ./sysimg.jl:26
 [14] top-level scope
 [15] eval at ./boot.jl:295 [inlined]
 [16] top-level scope at ./<missing>:2
in expression starting at /home/vagrant/.julia/v0.7/StatsFuns/src/rmath.jl:6
in expression starting at /home/vagrant/.julia/v0.7/StatsFuns/src/StatsFuns.jl:228
ERROR: LoadError: Failed to precompile StatsFuns to /home/vagrant/.julia/lib/v0.7/StatsFuns.ji.
Stacktrace:
 [1] error at ./error.jl:33 [inlined]
 [2] compilecache(::String) at ./loading.jl:648
 [3] compilecache at ./loading.jl:605 [inlined]
 [4] _require(::Symbol) at ./loading.jl:440
 [5] require(::Symbol) at ./loading.jl:333
 [6] include at ./boot.jl:292 [inlined]
 [7] include_relative(::Module, ::String) at ./loading.jl:521
 [8] include(::Module, ::String) at ./sysimg.jl:26
 [9] top-level scope
 [10] eval at ./boot.jl:295 [inlined]
 [11] top-level scope at ./<missing>:2
in expression starting at /home/vagrant/.julia/v0.7/Distributions/src/Distributions.jl:6
	[1m[31mFAILED[0m: approx_logit.jl
LoadError: Failed to precompile Distributions to /home/vagrant/.julia/lib/v0.7/Distributions.ji.
Stacktrace:
 [1] top-level scope at ./<missing>:41
 [2] include at ./boot.jl:292 [inlined]
 [3] include_relative(::Module, ::String) at ./loading.jl:521
 [4] include(::Module, ::String) at ./sysimg.jl:26
 [5] process_options(::Base.JLOptions) at ./client.jl:324
 [6] _start() at ./client.jl:375
in expression starting at /home/vagrant/.julia/v0.7/StreamStats/test/approx_logit.jl:3
ERROR: LoadError: "Tests failed"
Stacktrace:
 [1] top-level scope at /home/vagrant/.julia/v0.7/StreamStats/test/runtests.jl:48
 [2] include at ./boot.jl:292 [inlined]
 [3] include_relative(::Module, ::String) at ./loading.jl:521
 [4] include(::Module, ::String) at ./sysimg.jl:26
 [5] process_options(::Base.JLOptions) at ./client.jl:324
 [6] _start() at ./client.jl:375
in expression starting at /home/vagrant/.julia/v0.7/StreamStats/test/runtests.jl:48
â”Œ Error: ------------------------------------------------------------
â”‚ # Testing failed for StreamStats
â”‚   exception =
â”‚    failed process: Process(`/home/vagrant/julia/bin/julia -Cnative -J/home/vagrant/julia/lib/julia/sys.so --compile=yes --depwarn=yes --code-coverage=none --color=no --compiled-modules=yes --check-bounds=yes --warn-overwrite=yes --startup-file=yes /home/vagrant/.julia/v0.7/StreamStats/test/runtests.jl`, ProcessExited(1)) [1]
â”‚    Stacktrace:
â”‚     [1] error(::String, ::Base.Process, ::String, ::Int64, ::String) at ./error.jl:42
â”‚     [2] pipeline_error(::Base.Process) at ./process.jl:707
â”‚     [3] run(::Cmd) at ./process.jl:669
â”‚     [4] (::getfield(Base.Pkg.Entry, Symbol("##91#94")){Bool,String,Array{AbstractString,1}})() at ./pkg/entry.jl:730
â”‚     [5] cd(::getfield(Base.Pkg.Entry, Symbol("##91#94")){Bool,String,Array{AbstractString,1}}, ::String) at ./file.jl:70
â”‚     [6] #test!#90(::Bool, ::Function, ::String, ::Array{AbstractString,1}, ::Array{AbstractString,1}, ::Array{AbstractString,1}) at ./pkg/entry.jl:718
â”‚     [7] (::getfield(Base.Pkg.Entry, Symbol("#kw##test!")))(::NamedTuple{(:coverage,),Tuple{Bool}}, ::typeof(Base.Pkg.Entry.test!), ::String, ::Array{AbstractString,1}, ::Array{AbstractString,1}, ::Array{AbstractString,1}) at ./<missing>:0
â”‚     [8] #test#98(::Bool, ::Function, ::Array{AbstractString,1}) at ./pkg/entry.jl:757
â”‚     [9] (::getfield(Base.Pkg.Entry, Symbol("#kw##test")))(::NamedTuple{(:coverage,),Tuple{Bool}}, ::typeof(Base.Pkg.Entry.test), ::Array{AbstractString,1}) at ./<missing>:0
â”‚     [10] (::getfield(Base.Pkg.Dir, Symbol("##4#7")){Base.Iterators.IndexValue{Symbol,Bool,Tuple{Symbol},NamedTuple{(:coverage,),Tuple{Bool}}},typeof(Base.Pkg.Entry.test),Tuple{Array{AbstractString,1}}})() at ./pkg/dir.jl:36
â”‚     [11] cd(::getfield(Base.Pkg.Dir, Symbol("##4#7")){Base.Iterators.IndexValue{Symbol,Bool,Tuple{Symbol},NamedTuple{(:coverage,),Tuple{Bool}}},typeof(Base.Pkg.Entry.test),Tuple{Array{AbstractString,1}}}, ::String) at ./file.jl:70
â”‚     [12] #cd#1(::Base.Iterators.IndexValue{Symbol,Bool,Tuple{Symbol},NamedTuple{(:coverage,),Tuple{Bool}}}, ::Function, ::Function, ::Array{AbstractString,1}, ::Vararg{Array{AbstractString,1},N} where N) at ./pkg/dir.jl:36
â”‚     [13] (::getfield(Base.Pkg.Dir, Symbol("#kw##cd")))(::NamedTuple{(:coverage,),Tuple{Bool}}, ::typeof(Base.Pkg.Dir.cd), ::Function, ::Array{AbstractString,1}, ::Vararg{Array{AbstractString,1},N} where N) at ./<missing>:0
â”‚     [14] #test#3(::Bool, ::Function, ::String, ::Vararg{String,N} where N) at ./pkg/pkg.jl:274
â”‚     [15] test(::String, ::Vararg{String,N} where N) at ./pkg/pkg.jl:274
â”‚     [16] top-level scope
â”‚     [17] eval at ./boot.jl:295 [inlined]
â”‚     [18] eval(::Module, ::Expr) at ./sysimg.jl:71
â”‚     [19] process_options(::Base.JLOptions) at ./client.jl:301
â”‚     [20] _start() at ./client.jl:375
â”” @ Base.Pkg.Entry entry.jl:733
ERROR: StreamStats had test errors

>>> End of log
