>>> 'Pkg.add("StreamStats")' log
INFO: Cloning cache of StreamStats from https://github.com/johnmyleswhite/StreamStats.jl.git
INFO: Installing BinDeps v0.4.5
INFO: Installing Calculus v0.1.15
INFO: Installing Distributions v0.11.0
INFO: Installing PDMats v0.5.0
INFO: Installing Rmath v0.1.4
INFO: Installing SHA v0.2.1
INFO: Installing StatsFuns v0.3.1
INFO: Installing StreamStats v0.0.2
INFO: Installing URIParser v0.1.6
INFO: Building Rmath
INFO: Package database updated

>>> 'Pkg.test("StreamStats")' log
Julia Version 0.5.0
Commit 3c9d753 (2016-09-19 18:14 UTC)
Platform Info:
  System: Linux (x86_64-pc-linux-gnu)
  CPU: Intel(R) Xeon(R) CPU E3-1241 v3 @ 3.50GHz
  WORD_SIZE: 64
           Ubuntu 14.04.5 LTS
  uname: Linux 3.13.0-100-generic #147-Ubuntu SMP Tue Oct 18 16:48:51 UTC 2016 x86_64 x86_64
Memory: 2.939289093017578 GB (1118.515625 MB free)
Uptime: 26924.0 sec
Load Avg:  1.02099609375  0.9775390625  0.958984375
Intel(R) Xeon(R) CPU E3-1241 v3 @ 3.50GHz: 
       speed         user         nice          sys         idle          irq
#1  3503 MHz    1620433 s       3804 s     180065 s     580023 s        110 s
#2  3503 MHz     429574 s       3719 s      79497 s    2106065 s          0 s

  BLAS: libopenblas (USE64BITINT DYNAMIC_ARCH NO_AFFINITY Nehalem)
  LAPACK: libopenblas64_
  LIBM: libopenlibm
  LLVM: libLLVM-3.7.1 (ORCJIT, haswell)
Environment:
  TERM = vt100
  LD_LIBRARY_PATH = :/usr/local/lib/
  PATH = /usr/local/sbin:/usr/local/bin:/usr/sbin:/usr/bin:/sbin:/bin:/usr/games:/usr/local/games:/home/vagrant/julia/bin/
  JAVA_HOME = /usr/lib/jvm/java-7-oracle
  HOME = /home/vagrant

Package Directory: /home/vagrant/.julia/v0.5
2 required packages:
 - JSON                          0.8.0
 - StreamStats                   0.0.2
21 additional packages:
 - BinDeps                       0.4.5
 - Calculus                      0.1.15
 - CategoricalArrays             0.1.0
 - Compat                        0.9.3
 - DataArrays                    0.3.9
 - DataFrames                    0.8.4
 - DataStreams                   0.1.2
 - DataStreamsIntegrationTests   0.0.1              e92cc45b (dirty)
 - Distributions                 0.11.0
 - FileIO                        0.2.0
 - GZip                          0.2.20
 - NullableArrays                0.0.10
 - PDMats                        0.5.0
 - Reexport                      0.0.3
 - Rmath                         0.1.4
 - SHA                           0.2.1
 - SortingAlgorithms             0.1.0
 - StatsBase                     0.11.1
 - StatsFuns                     0.3.1
 - URIParser                     0.1.6
 - WeakRefStrings                0.2.0
INFO: Testing StreamStats
Running tests:
	[1m[31mFAILED[0m: mean.jl
LoadError: LoadError: LoadError: UndefVarError: Uint32 not defined
 in macro expansion; at /home/vagrant/.julia/v0.5/StreamStats/test/runtests.jl:41 [inlined]
 in anonymous at ./<missing>:?
 in include_from_node1(::String) at ./loading.jl:488
 in process_options(::Base.JLOptions) at ./client.jl:262
 in _start() at ./client.jl:318
while loading /home/vagrant/.julia/v0.5/StreamStats/src/hyper_log_log.jl, in expression starting on line 3
while loading /home/vagrant/.julia/v0.5/StreamStats/src/StreamStats.jl, in expression starting on line 18
while loading /home/vagrant/.julia/v0.5/StreamStats/test/mean.jl, in expression starting on line 2
	[1m[32mPASSED[0m: var.jl
	[1m[32mPASSED[0m: std.jl
	[1m[32mPASSED[0m: moments.jl
	[1m[32mPASSED[0m: cov.jl
	[1m[32mPASSED[0m: cor.jl
	[1m[32mPASSED[0m: min.jl
	[1m[32mPASSED[0m: max.jl
	[1m[32mPASSED[0m: approx_quantile.jl
	[1m[32mPASSED[0m: hyper_log_log.jl
	[1m[31mFAILED[0m: approx_distinct.jl
LoadError: UndefVarError: ApproxDistinct not defined
 in macro expansion; at /home/vagrant/.julia/v0.5/StreamStats/test/runtests.jl:41 [inlined]
 in anonymous at ./<missing>:?
 in include_from_node1(::String) at ./loading.jl:488
 in process_options(::Base.JLOptions) at ./client.jl:262
 in _start() at ./client.jl:318
while loading /home/vagrant/.julia/v0.5/StreamStats/test/approx_distinct.jl, in expression starting on line 6
	[1m[31mFAILED[0m: bootstrap.jl
LoadError: UndefVarError: BootstrapBernoulli not defined
 in macro expansion; at /home/vagrant/.julia/v0.5/StreamStats/test/runtests.jl:41 [inlined]
 in anonymous at ./<missing>:?
 in include_from_node1(::String) at ./loading.jl:488
 in process_options(::Base.JLOptions) at ./client.jl:262
 in _start() at ./client.jl:318
while loading /home/vagrant/.julia/v0.5/StreamStats/test/bootstrap.jl, in expression starting on line 7
	[1m[31mFAILED[0m: sample.jl
LoadError: MethodError: no method matching Dict{K,V}(::Array{Int64,1}, ::Array{Int64,1})
Closest candidates are:
  Dict{K,V}(::Any) at dict.jl:383
  Dict{K,V}{T}(::Any) at sysimg.jl:53
 in macro expansion; at /home/vagrant/.julia/v0.5/StreamStats/test/runtests.jl:41 [inlined]
 in anonymous at ./<missing>:?
 in include_from_node1(::String) at ./loading.jl:488
 in process_options(::Base.JLOptions) at ./client.jl:262
 in _start() at ./client.jl:318
while loading /home/vagrant/.julia/v0.5/StreamStats/test/sample.jl, in expression starting on line 9
	[1m[31mFAILED[0m: approx_ols.jl
LoadError: UndefVarError: ApproxOLS not defined
 in macro expansion; at /home/vagrant/.julia/v0.5/StreamStats/test/runtests.jl:41 [inlined]
 in anonymous at ./<missing>:?
 in include_from_node1(::String) at ./loading.jl:488
 in process_options(::Base.JLOptions) at ./client.jl:262
 in _start() at ./client.jl:318
while loading /home/vagrant/.julia/v0.5/StreamStats/test/approx_ols.jl, in expression starting on line 6
	[1m[31mFAILED[0m: approx_logit.jl
LoadError: UndefVarError: ApproxLogit not defined
 in macro expansion; at /home/vagrant/.julia/v0.5/StreamStats/test/runtests.jl:41 [inlined]
 in anonymous at ./<missing>:?
 in include_from_node1(::String) at ./loading.jl:488
 in process_options(::Base.JLOptions) at ./client.jl:262
 in _start() at ./client.jl:318
while loading /home/vagrant/.julia/v0.5/StreamStats/test/approx_logit.jl, in expression starting on line 8
ERROR: LoadError: "Tests failed"
 in include_from_node1(::String) at ./loading.jl:488
 in process_options(::Base.JLOptions) at ./client.jl:262
 in _start() at ./client.jl:318
while loading /home/vagrant/.julia/v0.5/StreamStats/test/runtests.jl, in expression starting on line 48
=============================[ ERROR: StreamStats ]=============================

failed process: Process(`/home/vagrant/julia/bin/julia -Cx86-64 -J/home/vagrant/julia/lib/julia/sys.so --compile=yes --depwarn=yes --check-bounds=yes --code-coverage=none --color=no --compilecache=yes /home/vagrant/.julia/v0.5/StreamStats/test/runtests.jl`, ProcessExited(1)) [1]

================================================================================
ERROR: StreamStats had test errors
 in #test#61(::Bool, ::Function, ::Array{AbstractString,1}) at ./pkg/entry.jl:740
 in (::Base.Pkg.Entry.#kw##test)(::Array{Any,1}, ::Base.Pkg.Entry.#test, ::Array{AbstractString,1}) at ./<missing>:0
 in (::Base.Pkg.Dir.##2#3{Array{Any,1},Base.Pkg.Entry.#test,Tuple{Array{AbstractString,1}}})() at ./pkg/dir.jl:31
 in cd(::Base.Pkg.Dir.##2#3{Array{Any,1},Base.Pkg.Entry.#test,Tuple{Array{AbstractString,1}}}, ::String) at ./file.jl:59
 in #cd#1(::Array{Any,1}, ::Function, ::Function, ::Array{AbstractString,1}, ::Vararg{Array{AbstractString,1},N}) at ./pkg/dir.jl:31
 in (::Base.Pkg.Dir.#kw##cd)(::Array{Any,1}, ::Base.Pkg.Dir.#cd, ::Function, ::Array{AbstractString,1}, ::Vararg{Array{AbstractString,1},N}) at ./<missing>:0
 in #test#3(::Bool, ::Function, ::String, ::Vararg{String,N}) at ./pkg/pkg.jl:258
 in test(::String, ::Vararg{String,N}) at ./pkg/pkg.jl:258
 in eval(::Module, ::Any) at ./boot.jl:234
 in process_options(::Base.JLOptions) at ./client.jl:239
 in _start() at ./client.jl:318

>>> End of log
