>>> 'Pkg.add("StreamStats")' log
INFO: Cloning cache of StreamStats from https://github.com/johnmyleswhite/StreamStats.jl.git
INFO: Installing BinDeps v0.7.0
INFO: Installing Calculus v0.2.2
INFO: Installing DataStructures v0.6.0
INFO: Installing Distributions v0.14.2
INFO: Installing PDMats v0.7.0
INFO: Installing QuadGK v0.1.2
INFO: Installing Rmath v0.1.7
INFO: Installing SHA v0.3.3
INFO: Installing SpecialFunctions v0.2.0
INFO: Installing StatsBase v0.17.0
INFO: Installing StatsFuns v0.5.0
INFO: Installing StreamStats v0.0.2
INFO: Installing URIParser v0.1.8
INFO: Building Rmath
INFO: Package database updated
INFO: METADATA is out-of-date â€” you may not have the latest version of StreamStats
INFO: Use `Pkg.update()` to get the latest versions of your packages

>>> 'Pkg.test("StreamStats")' log
Julia Version 0.6.0
Commit 9036443 (2017-06-19 13:05 UTC)
Platform Info:
  OS: Linux (x86_64-pc-linux-gnu)
  CPU: Intel(R) Xeon(R) CPU E3-1241 v3 @ 3.50GHz
  WORD_SIZE: 64
           Ubuntu 14.04.5 LTS
  uname: Linux 3.13.0-121-generic #170-Ubuntu SMP Wed Jun 14 09:04:33 UTC 2017 x86_64 x86_64
Memory: 2.9392738342285156 GB (1111.484375 MB free)
Uptime: 70624.0 sec
Load Avg:  1.0029296875  1.01953125  1.04541015625
Intel(R) Xeon(R) CPU E3-1241 v3 @ 3.50GHz: 
       speed         user         nice          sys         idle          irq
#1  3500 MHz    4650468 s       6209 s     228405 s     993701 s         81 s
#2  3500 MHz     969860 s         21 s     124034 s    5808660 s          2 s

  BLAS: libopenblas (USE64BITINT DYNAMIC_ARCH NO_AFFINITY Nehalem)
  LAPACK: libopenblas64_
  LIBM: libopenlibm
  LLVM: libLLVM-3.9.1 (ORCJIT, haswell)
Environment:
  TERM = vt100
  LD_LIBRARY_PATH = :/usr/local/lib/
  PATH = /usr/local/sbin:/usr/local/bin:/usr/sbin:/usr/bin:/sbin:/bin:/usr/games:/usr/local/games:/home/vagrant/julia/bin/
  JAVA_HOME = /usr/lib/jvm/java-8-openjdk-amd64
  HOME = /home/vagrant

Package Directory: /home/vagrant/.julia/v0.6
2 required packages:
 - JSON                          0.13.0
 - StreamStats                   0.0.2
13 additional packages:
 - BinDeps                       0.7.0
 - Calculus                      0.2.2
 - Compat                        0.28.0
 - DataStructures                0.6.0
 - Distributions                 0.14.2
 - PDMats                        0.7.0
 - QuadGK                        0.1.2
 - Rmath                         0.1.7
 - SHA                           0.3.3
 - SpecialFunctions              0.2.0
 - StatsBase                     0.17.0
 - StatsFuns                     0.5.0
 - URIParser                     0.1.8
INFO: Testing StreamStats
Running tests:

WARNING: deprecated syntax "abstract StreamStat{F<:Distributions.VariateForm,S<:Distributions.ValueSupport}" at /home/vagrant/.julia/v0.6/StreamStats/src/streamstat.jl:5.
Use "abstract type StreamStat{F<:Distributions.VariateForm,S<:Distributions.ValueSupport} end" instead.

WARNING: deprecated syntax "typealias DiscreteUnivariateStreamStat StreamStat{Distributions.Univariate,Distributions.Discrete}" at /home/vagrant/.julia/v0.6/StreamStats/src/streamstat.jl:10.
Use "const DiscreteUnivariateStreamStat = StreamStat{Distributions.Univariate,Distributions.Discrete}" instead.

WARNING: deprecated syntax "typealias ContinuousUnivariateStreamStat StreamStat{Distributions.Univariate,Distributions.Continuous}" at /home/vagrant/.julia/v0.6/StreamStats/src/streamstat.jl:15.
Use "const ContinuousUnivariateStreamStat = StreamStat{Distributions.Univariate,Distributions.Continuous}" instead.

WARNING: deprecated syntax "typealias DiscreteMultivariateStreamStat StreamStat{Distributions.Multivariate,Distributions.Discrete}" at /home/vagrant/.julia/v0.6/StreamStats/src/streamstat.jl:20.
Use "const DiscreteMultivariateStreamStat = StreamStat{Distributions.Multivariate,Distributions.Discrete}" instead.

WARNING: deprecated syntax "typealias ContinuousMultivariateStreamStat StreamStat{Distributions.Multivariate,Distributions.Continuous}" at /home/vagrant/.julia/v0.6/StreamStats/src/streamstat.jl:25.
Use "const ContinuousMultivariateStreamStat = StreamStat{Distributions.Multivariate,Distributions.Continuous}" instead.
	[1m[31mFAILED[0m: mean.jl
LoadError: LoadError: LoadError: UndefVarError: Uint32 not defined
Stacktrace:
 [1] macro expansion at /home/vagrant/.julia/v0.6/StreamStats/test/runtests.jl:41 [inlined]
 [2] anonymous at ./<missing>:?
 [3] include_from_node1(::String) at ./loading.jl:569
 [4] include(::String) at ./sysimg.jl:14
 [5] process_options(::Base.JLOptions) at ./client.jl:305
 [6] _start() at ./client.jl:371
while loading /home/vagrant/.julia/v0.6/StreamStats/src/hyper_log_log.jl, in expression starting on line 3
while loading /home/vagrant/.julia/v0.6/StreamStats/src/StreamStats.jl, in expression starting on line 18
while loading /home/vagrant/.julia/v0.6/StreamStats/test/mean.jl, in expression starting on line 2
WARNING: @test_approx_eq is deprecated, use `@test online_v â‰ˆ batch_v` instead
Stacktrace:
 [1] depwarn(::String, ::Symbol) at ./deprecated.jl:70
 [2] @test_approx_eq(::ANY, ::ANY) at ./deprecated.jl:1052
 [3] include_from_node1(::String) at ./loading.jl:569
 [4] include(::String) at ./sysimg.jl:14
 [5] macro expansion at /home/vagrant/.julia/v0.6/StreamStats/test/runtests.jl:33 [inlined]
 [6] anonymous at ./<missing>:?
 [7] include_from_node1(::String) at ./loading.jl:569
 [8] include(::String) at ./sysimg.jl:14
 [9] process_options(::Base.JLOptions) at ./client.jl:305
 [10] _start() at ./client.jl:371
while loading /home/vagrant/.julia/v0.6/StreamStats/test/var.jl, in expression starting on line 7
	[1m[32mPASSED[0m: var.jl
WARNING: @test_approx_eq is deprecated, use `@test online_s â‰ˆ batch_s` instead
Stacktrace:
 [1] depwarn(::String, ::Symbol) at ./deprecated.jl:70
 [2] @test_approx_eq(::ANY, ::ANY) at ./deprecated.jl:1052
 [3] include_from_node1(::String) at ./loading.jl:569
 [4] include(::String) at ./sysimg.jl:14
 [5] macro expansion at /home/vagrant/.julia/v0.6/StreamStats/test/runtests.jl:33 [inlined]
 [6] anonymous at ./<missing>:?
 [7] include_from_node1(::String) at ./loading.jl:569
 [8] include(::String) at ./sysimg.jl:14
 [9] process_options(::Base.JLOptions) at ./client.jl:305
 [10] _start() at ./client.jl:371
while loading /home/vagrant/.julia/v0.6/StreamStats/test/std.jl, in expression starting on line 7
	[1m[32mPASSED[0m: std.jl
WARNING: @test_approx_eq is deprecated, use `@test online_m â‰ˆ batch_m` instead
Stacktrace:
 [1] depwarn(::String, ::Symbol) at ./deprecated.jl:70
 [2] @test_approx_eq(::ANY, ::ANY) at ./deprecated.jl:1052
 [3] include_from_node1(::String) at ./loading.jl:569
 [4] include(::String) at ./sysimg.jl:14
 [5] macro expansion at /home/vagrant/.julia/v0.6/StreamStats/test/runtests.jl:33 [inlined]
 [6] anonymous at ./<missing>:?
 [7] include_from_node1(::String) at ./loading.jl:569
 [8] include(::String) at ./sysimg.jl:14
 [9] process_options(::Base.JLOptions) at ./client.jl:305
 [10] _start() at ./client.jl:371
while loading /home/vagrant/.julia/v0.6/StreamStats/test/moments.jl, in expression starting on line 7
	[1m[32mPASSED[0m: moments.jl
WARNING: @test_approx_eq is deprecated, use `@test online_cov â‰ˆ batch_cov` instead
Stacktrace:
 [1] depwarn(::String, ::Symbol) at ./deprecated.jl:70
 [2] @test_approx_eq(::ANY, ::ANY) at ./deprecated.jl:1052
 [3] include_from_node1(::String) at ./loading.jl:569
 [4] include(::String) at ./sysimg.jl:14
 [5] macro expansion at /home/vagrant/.julia/v0.6/StreamStats/test/runtests.jl:33 [inlined]
 [6] anonymous at ./<missing>:?
 [7] include_from_node1(::String) at ./loading.jl:569
 [8] include(::String) at ./sysimg.jl:14
 [9] process_options(::Base.JLOptions) at ./client.jl:305
 [10] _start() at ./client.jl:371
while loading /home/vagrant/.julia/v0.6/StreamStats/test/cov.jl, in expression starting on line 7
	[1m[32mPASSED[0m: cov.jl
WARNING: @test_approx_eq is deprecated, use `@test online_cor â‰ˆ batch_cor` instead
Stacktrace:
 [1] depwarn(::String, ::Symbol) at ./deprecated.jl:70
 [2] @test_approx_eq(::ANY, ::ANY) at ./deprecated.jl:1052
 [3] include_from_node1(::String) at ./loading.jl:569
 [4] include(::String) at ./sysimg.jl:14
 [5] macro expansion at /home/vagrant/.julia/v0.6/StreamStats/test/runtests.jl:33 [inlined]
 [6] anonymous at ./<missing>:?
 [7] include_from_node1(::String) at ./loading.jl:569
 [8] include(::String) at ./sysimg.jl:14
 [9] process_options(::Base.JLOptions) at ./client.jl:305
 [10] _start() at ./client.jl:371
while loading /home/vagrant/.julia/v0.6/StreamStats/test/cor.jl, in expression starting on line 7
	[1m[32mPASSED[0m: cor.jl
	[1m[32mPASSED[0m: min.jl
	[1m[32mPASSED[0m: max.jl
	[1m[32mPASSED[0m: approx_quantile.jl
	[1m[32mPASSED[0m: hyper_log_log.jl
	[1m[31mFAILED[0m: approx_distinct.jl
LoadError: UndefVarError: ApproxDistinct not defined
Stacktrace:
 [1] macro expansion at /home/vagrant/.julia/v0.6/StreamStats/test/runtests.jl:41 [inlined]
 [2] anonymous at ./<missing>:?
 [3] include_from_node1(::String) at ./loading.jl:569
 [4] include(::String) at ./sysimg.jl:14
 [5] process_options(::Base.JLOptions) at ./client.jl:305
 [6] _start() at ./client.jl:371
while loading /home/vagrant/.julia/v0.6/StreamStats/test/approx_distinct.jl, in expression starting on line 6
	[1m[31mFAILED[0m: bootstrap.jl
LoadError: UndefVarError: BootstrapBernoulli not defined
Stacktrace:
 [1] macro expansion at /home/vagrant/.julia/v0.6/StreamStats/test/runtests.jl:41 [inlined]
 [2] anonymous at ./<missing>:?
 [3] include_from_node1(::String) at ./loading.jl:569
 [4] include(::String) at ./sysimg.jl:14
 [5] process_options(::Base.JLOptions) at ./client.jl:305
 [6] _start() at ./client.jl:371
while loading /home/vagrant/.julia/v0.6/StreamStats/test/bootstrap.jl, in expression starting on line 7
	[1m[31mFAILED[0m: sample.jl
LoadError: MethodError: no method matching Dict(::Array{Int64,1}, ::Array{Int64,1})
Closest candidates are:
  Dict(::Any) at dict.jl:144
Stacktrace:
 [1] macro expansion at /home/vagrant/.julia/v0.6/StreamStats/test/runtests.jl:41 [inlined]
 [2] anonymous at ./<missing>:?
 [3] include_from_node1(::String) at ./loading.jl:569
 [4] include(::String) at ./sysimg.jl:14
 [5] process_options(::Base.JLOptions) at ./client.jl:305
 [6] _start() at ./client.jl:371
while loading /home/vagrant/.julia/v0.6/StreamStats/test/sample.jl, in expression starting on line 9
	[1m[31mFAILED[0m: approx_ols.jl
LoadError: UndefVarError: ApproxOLS not defined
Stacktrace:
 [1] macro expansion at /home/vagrant/.julia/v0.6/StreamStats/test/runtests.jl:41 [inlined]
 [2] anonymous at ./<missing>:?
 [3] include_from_node1(::String) at ./loading.jl:569
 [4] include(::String) at ./sysimg.jl:14
 [5] process_options(::Base.JLOptions) at ./client.jl:305
 [6] _start() at ./client.jl:371
while loading /home/vagrant/.julia/v0.6/StreamStats/test/approx_ols.jl, in expression starting on line 6
	[1m[31mFAILED[0m: approx_logit.jl
LoadError: UndefVarError: ApproxLogit not defined
Stacktrace:
 [1] macro expansion at /home/vagrant/.julia/v0.6/StreamStats/test/runtests.jl:41 [inlined]
 [2] anonymous at ./<missing>:?
 [3] include_from_node1(::String) at ./loading.jl:569
 [4] include(::String) at ./sysimg.jl:14
 [5] process_options(::Base.JLOptions) at ./client.jl:305
 [6] _start() at ./client.jl:371
while loading /home/vagrant/.julia/v0.6/StreamStats/test/approx_logit.jl, in expression starting on line 8
ERROR: LoadError: "Tests failed"
Stacktrace:
 [1] include_from_node1(::String) at ./loading.jl:569
 [2] include(::String) at ./sysimg.jl:14
 [3] process_options(::Base.JLOptions) at ./client.jl:305
 [4] _start() at ./client.jl:371
while loading /home/vagrant/.julia/v0.6/StreamStats/test/runtests.jl, in expression starting on line 48
=============================[ ERROR: StreamStats ]=============================

failed process: Process(`/home/vagrant/julia/bin/julia -Cx86-64 -J/home/vagrant/julia/lib/julia/sys.so --compile=yes --depwarn=yes --check-bounds=yes --code-coverage=none --color=no --compilecache=yes /home/vagrant/.julia/v0.6/StreamStats/test/runtests.jl`, ProcessExited(1)) [1]

================================================================================
ERROR: StreamStats had test errors

>>> End of log
